[0.016s] Invoking command in '/home/gabri/ros2_ws/build/gazebo_ros2_control_demos': AMENT_PREFIX_PATH=/home/gabri/ros2_ws/install/gazebo_ros2_control:${AMENT_PREFIX_PATH} CMAKE_PREFIX_PATH=/home/gabri/ros2_ws/install/gazebo_ros2_control:/home/gabri/ros2_ws/install/my_doosan_pkg:/opt/ros/foxy LD_LIBRARY_PATH=/home/gabri/ros2_ws/install/gazebo_ros2_control/lib:${LD_LIBRARY_PATH} /usr/bin/cmake /home/gabri/ros2_ws/src/gazebo_ros2_control/gazebo_ros2_control_demos -DCMAKE_INSTALL_PREFIX=/home/gabri/ros2_ws/install/gazebo_ros2_control_demos
[0.087s] -- The C compiler identification is GNU 9.4.0
[0.148s] -- The CXX compiler identification is GNU 9.4.0
[0.155s] -- Check for working C compiler: /usr/bin/cc
[0.245s] -- Check for working C compiler: /usr/bin/cc -- works
[0.247s] -- Detecting C compiler ABI info
[0.343s] -- Detecting C compiler ABI info - done
[0.357s] -- Detecting C compile features
[0.357s] -- Detecting C compile features - done
[0.359s] -- Check for working CXX compiler: /usr/bin/c++
[0.439s] -- Check for working CXX compiler: /usr/bin/c++ -- works
[0.442s] -- Detecting CXX compiler ABI info
[0.544s] -- Detecting CXX compiler ABI info - done
[0.563s] -- Detecting CXX compile features
[0.563s] -- Detecting CXX compile features - done
[0.564s] -- Found ament_cmake: 0.9.12 (/opt/ros/foxy/share/ament_cmake/cmake)
[0.589s] -- Found PythonInterp: /usr/bin/python3 (found suitable version "3.8.10", minimum required is "3") 
[0.590s] -- Using PYTHON_EXECUTABLE: /usr/bin/python3
[0.751s] -- Found control_msgs: 2.5.1 (/opt/ros/foxy/share/control_msgs/cmake)
[0.775s] -- Using all available rosidl_typesupport_c: rosidl_typesupport_fastrtps_c;rosidl_typesupport_introspection_c
[0.780s] -- Found rosidl_adapter: 1.3.1 (/opt/ros/foxy/share/rosidl_adapter/cmake)
[0.910s] -- Found OpenSSL: /usr/lib/x86_64-linux-gnu/libcrypto.so (found version "1.1.1f")  
[0.944s] -- Found FastRTPS: /opt/ros/foxy/include  
[1.020s] -- Using all available rosidl_typesupport_cpp: rosidl_typesupport_fastrtps_cpp;rosidl_typesupport_introspection_cpp
[1.382s] -- Found rclcpp: 2.4.3 (/opt/ros/foxy/share/rclcpp/cmake)
[1.416s] -- Found rmw_implementation_cmake: 1.0.4 (/opt/ros/foxy/share/rmw_implementation_cmake/cmake)
[1.417s] -- Using RMW implementation 'rmw_fastrtps_cpp' as default
[1.418s] -- Looking for pthread.h
[1.500s] -- Looking for pthread.h - found
[1.500s] -- Performing Test CMAKE_HAVE_LIBC_PTHREAD
[1.586s] -- Performing Test CMAKE_HAVE_LIBC_PTHREAD - Failed
[1.587s] -- Looking for pthread_create in pthreads
[1.656s] -- Looking for pthread_create in pthreads - not found
[1.656s] -- Looking for pthread_create in pthread
[1.750s] -- Looking for pthread_create in pthread - found
[1.753s] -- Found Threads: TRUE  
[1.869s] -- Found rclcpp_action: 2.4.3 (/opt/ros/foxy/share/rclcpp_action/cmake)
[1.900s] -- Found ament_cmake_gtest: 0.9.12 (/opt/ros/foxy/share/ament_cmake_gtest/cmake)
[1.901s] -- Found ament_lint_auto: 0.9.8 (/opt/ros/foxy/share/ament_lint_auto/cmake)
[1.959s] -- Added test 'copyright' to check source files copyright and LICENSE
[1.960s] -- Added test 'cppcheck' to perform static code analysis on C / C++ code
[1.960s] -- Configured cppcheck include dirs: 
[1.960s] -- Configured cppcheck exclude dirs and/or files: 
[1.961s] -- Added test 'cpplint' to check C / C++ code against the Google style
[1.961s] -- Configured cpplint exclude dirs and/or files: 
[1.961s] -- Added test 'flake8' to check Python code syntax and style conventions
[1.961s] -- Added test 'lint_cmake' to check CMake code style
[1.962s] -- Added test 'pep257' to check Python code against some of the style conventions in PEP 257
[1.963s] -- Added test 'uncrustify' to check C / C++ code style
[1.963s] -- Configured uncrustify additional arguments: 
[1.963s] -- Added test 'xmllint' to check XML markup files
[1.965s] -- Configuring done
[1.982s] -- Generating done
[1.990s] -- Build files have been written to: /home/gabri/ros2_ws/build/gazebo_ros2_control_demos
[1.997s] Invoked command in '/home/gabri/ros2_ws/build/gazebo_ros2_control_demos' returned '0': AMENT_PREFIX_PATH=/home/gabri/ros2_ws/install/gazebo_ros2_control:${AMENT_PREFIX_PATH} CMAKE_PREFIX_PATH=/home/gabri/ros2_ws/install/gazebo_ros2_control:/home/gabri/ros2_ws/install/my_doosan_pkg:/opt/ros/foxy LD_LIBRARY_PATH=/home/gabri/ros2_ws/install/gazebo_ros2_control/lib:${LD_LIBRARY_PATH} /usr/bin/cmake /home/gabri/ros2_ws/src/gazebo_ros2_control/gazebo_ros2_control_demos -DCMAKE_INSTALL_PREFIX=/home/gabri/ros2_ws/install/gazebo_ros2_control_demos
[2.002s] Invoking command in '/home/gabri/ros2_ws/build/gazebo_ros2_control_demos': AMENT_PREFIX_PATH=/home/gabri/ros2_ws/install/gazebo_ros2_control:${AMENT_PREFIX_PATH} CMAKE_PREFIX_PATH=/home/gabri/ros2_ws/install/gazebo_ros2_control:/home/gabri/ros2_ws/install/my_doosan_pkg:/opt/ros/foxy LD_LIBRARY_PATH=/home/gabri/ros2_ws/install/gazebo_ros2_control/lib:${LD_LIBRARY_PATH} /usr/bin/cmake --build /home/gabri/ros2_ws/build/gazebo_ros2_control_demos -- -j16 -l16
[2.047s] [35m[1mScanning dependencies of target example_gripper[0m
[2.048s] [35m[1mScanning dependencies of target example_velocity[0m
[2.048s] [35m[1mScanning dependencies of target example_position[0m
[2.048s] [35m[1mScanning dependencies of target example_effort[0m
[2.048s] [35m[1mScanning dependencies of target example_diff_drive[0m
[2.075s] [ 20%] [32mBuilding CXX object CMakeFiles/example_gripper.dir/examples/example_gripper.cpp.o[0m
[2.075s] [ 20%] [32mBuilding CXX object CMakeFiles/example_diff_drive.dir/examples/example_diff_drive.cpp.o[0m
[2.079s] [ 30%] [32mBuilding CXX object CMakeFiles/example_velocity.dir/examples/example_velocity.cpp.o[0m
[2.080s] [ 40%] [32mBuilding CXX object CMakeFiles/example_effort.dir/examples/example_effort.cpp.o[0m
[2.082s] [ 50%] [32mBuilding CXX object CMakeFiles/example_position.dir/examples/example_position.cpp.o[0m
[4.441s] [ 60%] [32m[1mLinking CXX executable example_velocity[0m
[4.463s] [ 70%] [32m[1mLinking CXX executable example_effort[0m
[4.579s] [ 80%] [32m[1mLinking CXX executable example_gripper[0m
[4.580s] [ 90%] [32m[1mLinking CXX executable example_diff_drive[0m
[4.607s] [ 90%] Built target example_velocity
[4.641s] [ 90%] Built target example_effort
[4.742s] [ 90%] Built target example_diff_drive
[4.745s] [ 90%] Built target example_gripper
[5.041s] [100%] [32m[1mLinking CXX executable example_position[0m
[5.213s] [100%] Built target example_position
[5.228s] Invoked command in '/home/gabri/ros2_ws/build/gazebo_ros2_control_demos' returned '0': AMENT_PREFIX_PATH=/home/gabri/ros2_ws/install/gazebo_ros2_control:${AMENT_PREFIX_PATH} CMAKE_PREFIX_PATH=/home/gabri/ros2_ws/install/gazebo_ros2_control:/home/gabri/ros2_ws/install/my_doosan_pkg:/opt/ros/foxy LD_LIBRARY_PATH=/home/gabri/ros2_ws/install/gazebo_ros2_control/lib:${LD_LIBRARY_PATH} /usr/bin/cmake --build /home/gabri/ros2_ws/build/gazebo_ros2_control_demos -- -j16 -l16
[5.232s] Invoking command in '/home/gabri/ros2_ws/build/gazebo_ros2_control_demos': AMENT_PREFIX_PATH=/home/gabri/ros2_ws/install/gazebo_ros2_control:${AMENT_PREFIX_PATH} CMAKE_PREFIX_PATH=/home/gabri/ros2_ws/install/gazebo_ros2_control:/home/gabri/ros2_ws/install/my_doosan_pkg:/opt/ros/foxy LD_LIBRARY_PATH=/home/gabri/ros2_ws/install/gazebo_ros2_control/lib:${LD_LIBRARY_PATH} /usr/bin/cmake --install /home/gabri/ros2_ws/build/gazebo_ros2_control_demos
[5.242s] -- Install configuration: ""
[5.242s] -- Installing: /home/gabri/ros2_ws/install/gazebo_ros2_control_demos/share/gazebo_ros2_control_demos//launch
[5.243s] -- Installing: /home/gabri/ros2_ws/install/gazebo_ros2_control_demos/share/gazebo_ros2_control_demos//launch/cart_example_position.launch.py
[5.243s] -- Installing: /home/gabri/ros2_ws/install/gazebo_ros2_control_demos/share/gazebo_ros2_control_demos//launch/cart_example_velocity.launch.py
[5.243s] -- Installing: /home/gabri/ros2_ws/install/gazebo_ros2_control_demos/share/gazebo_ros2_control_demos//launch/cart_example_effort.launch.py
[5.243s] -- Installing: /home/gabri/ros2_ws/install/gazebo_ros2_control_demos/share/gazebo_ros2_control_demos//launch/diff_drive.launch.py
[5.243s] -- Installing: /home/gabri/ros2_ws/install/gazebo_ros2_control_demos/share/gazebo_ros2_control_demos//launch/gripper_mimic_joint_example.launch.py
[5.244s] -- Installing: /home/gabri/ros2_ws/install/gazebo_ros2_control_demos/share/gazebo_ros2_control_demos//config
[5.244s] -- Installing: /home/gabri/ros2_ws/install/gazebo_ros2_control_demos/share/gazebo_ros2_control_demos//config/cartpole_controller_effort.yaml
[5.244s] -- Installing: /home/gabri/ros2_ws/install/gazebo_ros2_control_demos/share/gazebo_ros2_control_demos//config/gripper_controller.yaml
[5.244s] -- Installing: /home/gabri/ros2_ws/install/gazebo_ros2_control_demos/share/gazebo_ros2_control_demos//config/cartpole_controller_velocity.yaml
[5.244s] -- Installing: /home/gabri/ros2_ws/install/gazebo_ros2_control_demos/share/gazebo_ros2_control_demos//config/cartpole_controller.yaml
[5.244s] -- Installing: /home/gabri/ros2_ws/install/gazebo_ros2_control_demos/share/gazebo_ros2_control_demos//config/diff_drive_controller.yaml
[5.244s] -- Installing: /home/gabri/ros2_ws/install/gazebo_ros2_control_demos/share/gazebo_ros2_control_demos//urdf
[5.244s] -- Installing: /home/gabri/ros2_ws/install/gazebo_ros2_control_demos/share/gazebo_ros2_control_demos//urdf/test_diff_drive.xacro.urdf
[5.245s] -- Installing: /home/gabri/ros2_ws/install/gazebo_ros2_control_demos/share/gazebo_ros2_control_demos//urdf/test_cart_velocity.xacro.urdf
[5.245s] -- Installing: /home/gabri/ros2_ws/install/gazebo_ros2_control_demos/share/gazebo_ros2_control_demos//urdf/test_cart_position.xacro.urdf
[5.245s] -- Installing: /home/gabri/ros2_ws/install/gazebo_ros2_control_demos/share/gazebo_ros2_control_demos//urdf/test_gripper_mimic_joint.xacro.urdf
[5.245s] -- Installing: /home/gabri/ros2_ws/install/gazebo_ros2_control_demos/share/gazebo_ros2_control_demos//urdf/test_cart_effort.xacro.urdf
[5.245s] -- Installing: /home/gabri/ros2_ws/install/gazebo_ros2_control_demos/lib/gazebo_ros2_control_demos/example_position
[5.245s] -- Set runtime path of "/home/gabri/ros2_ws/install/gazebo_ros2_control_demos/lib/gazebo_ros2_control_demos/example_position" to ""
[5.246s] -- Installing: /home/gabri/ros2_ws/install/gazebo_ros2_control_demos/lib/gazebo_ros2_control_demos/example_velocity
[5.246s] -- Set runtime path of "/home/gabri/ros2_ws/install/gazebo_ros2_control_demos/lib/gazebo_ros2_control_demos/example_velocity" to ""
[5.246s] -- Installing: /home/gabri/ros2_ws/install/gazebo_ros2_control_demos/lib/gazebo_ros2_control_demos/example_effort
[5.246s] -- Set runtime path of "/home/gabri/ros2_ws/install/gazebo_ros2_control_demos/lib/gazebo_ros2_control_demos/example_effort" to ""
[5.246s] -- Installing: /home/gabri/ros2_ws/install/gazebo_ros2_control_demos/lib/gazebo_ros2_control_demos/example_gripper
[5.246s] -- Set runtime path of "/home/gabri/ros2_ws/install/gazebo_ros2_control_demos/lib/gazebo_ros2_control_demos/example_gripper" to ""
[5.246s] -- Installing: /home/gabri/ros2_ws/install/gazebo_ros2_control_demos/lib/gazebo_ros2_control_demos/example_diff_drive
[5.247s] -- Set runtime path of "/home/gabri/ros2_ws/install/gazebo_ros2_control_demos/lib/gazebo_ros2_control_demos/example_diff_drive" to ""
[5.247s] -- Installing: /home/gabri/ros2_ws/install/gazebo_ros2_control_demos/share/ament_index/resource_index/package_run_dependencies/gazebo_ros2_control_demos
[5.247s] -- Installing: /home/gabri/ros2_ws/install/gazebo_ros2_control_demos/share/ament_index/resource_index/parent_prefix_path/gazebo_ros2_control_demos
[5.247s] -- Installing: /home/gabri/ros2_ws/install/gazebo_ros2_control_demos/share/gazebo_ros2_control_demos/environment/ament_prefix_path.sh
[5.247s] -- Installing: /home/gabri/ros2_ws/install/gazebo_ros2_control_demos/share/gazebo_ros2_control_demos/environment/ament_prefix_path.dsv
[5.247s] -- Installing: /home/gabri/ros2_ws/install/gazebo_ros2_control_demos/share/gazebo_ros2_control_demos/environment/path.sh
[5.248s] -- Installing: /home/gabri/ros2_ws/install/gazebo_ros2_control_demos/share/gazebo_ros2_control_demos/environment/path.dsv
[5.248s] -- Installing: /home/gabri/ros2_ws/install/gazebo_ros2_control_demos/share/gazebo_ros2_control_demos/local_setup.bash
[5.248s] -- Installing: /home/gabri/ros2_ws/install/gazebo_ros2_control_demos/share/gazebo_ros2_control_demos/local_setup.sh
[5.248s] -- Installing: /home/gabri/ros2_ws/install/gazebo_ros2_control_demos/share/gazebo_ros2_control_demos/local_setup.zsh
[5.248s] -- Installing: /home/gabri/ros2_ws/install/gazebo_ros2_control_demos/share/gazebo_ros2_control_demos/local_setup.dsv
[5.248s] -- Installing: /home/gabri/ros2_ws/install/gazebo_ros2_control_demos/share/gazebo_ros2_control_demos/package.dsv
[5.248s] -- Installing: /home/gabri/ros2_ws/install/gazebo_ros2_control_demos/share/ament_index/resource_index/packages/gazebo_ros2_control_demos
[5.248s] -- Installing: /home/gabri/ros2_ws/install/gazebo_ros2_control_demos/share/gazebo_ros2_control_demos/cmake/gazebo_ros2_control_demosConfig.cmake
[5.249s] -- Installing: /home/gabri/ros2_ws/install/gazebo_ros2_control_demos/share/gazebo_ros2_control_demos/cmake/gazebo_ros2_control_demosConfig-version.cmake
[5.249s] -- Installing: /home/gabri/ros2_ws/install/gazebo_ros2_control_demos/share/gazebo_ros2_control_demos/package.xml
[5.250s] Invoked command in '/home/gabri/ros2_ws/build/gazebo_ros2_control_demos' returned '0': AMENT_PREFIX_PATH=/home/gabri/ros2_ws/install/gazebo_ros2_control:${AMENT_PREFIX_PATH} CMAKE_PREFIX_PATH=/home/gabri/ros2_ws/install/gazebo_ros2_control:/home/gabri/ros2_ws/install/my_doosan_pkg:/opt/ros/foxy LD_LIBRARY_PATH=/home/gabri/ros2_ws/install/gazebo_ros2_control/lib:${LD_LIBRARY_PATH} /usr/bin/cmake --install /home/gabri/ros2_ws/build/gazebo_ros2_control_demos
