[1.079s] Invoking command in '/home/gabri/ros2_ws/src/robotic_arm_environment/my_environment_pkg': PYTHONPATH=/home/gabri/ros2_ws/build/my_environment_pkg/prefix_override:/usr/lib/python3/dist-packages/colcon_core/task/python/colcon_distutils_commands:/home/gabri/ros2_ws/install/my_environment_pkg/lib/python3.8/site-packages:${PYTHONPATH} /usr/bin/python3 -W ignore:setup.py install is deprecated -W ignore:easy_install command is deprecated setup.py egg_info --egg-base ../../../build/my_environment_pkg build --build-base /home/gabri/ros2_ws/build/my_environment_pkg/build install --record /home/gabri/ros2_ws/build/my_environment_pkg/install.log --single-version-externally-managed install_data
[1.241s] running egg_info
[1.242s] creating ../../../build/my_environment_pkg/my_environment_pkg.egg-info
[1.242s] writing ../../../build/my_environment_pkg/my_environment_pkg.egg-info/PKG-INFO
[1.242s] writing dependency_links to ../../../build/my_environment_pkg/my_environment_pkg.egg-info/dependency_links.txt
[1.242s] writing entry points to ../../../build/my_environment_pkg/my_environment_pkg.egg-info/entry_points.txt
[1.243s] writing requirements to ../../../build/my_environment_pkg/my_environment_pkg.egg-info/requires.txt
[1.243s] writing top-level names to ../../../build/my_environment_pkg/my_environment_pkg.egg-info/top_level.txt
[1.243s] writing manifest file '../../../build/my_environment_pkg/my_environment_pkg.egg-info/SOURCES.txt'
[1.270s] reading manifest file '../../../build/my_environment_pkg/my_environment_pkg.egg-info/SOURCES.txt'
[1.271s] writing manifest file '../../../build/my_environment_pkg/my_environment_pkg.egg-info/SOURCES.txt'
[1.271s] running build
[1.271s] running build_py
[1.271s] creating /home/gabri/ros2_ws/build/my_environment_pkg/build
[1.271s] creating /home/gabri/ros2_ws/build/my_environment_pkg/build/lib
[1.272s] creating /home/gabri/ros2_ws/build/my_environment_pkg/build/lib/my_environment_pkg
[1.272s] copying my_environment_pkg/main_rl_environment.py -> /home/gabri/ros2_ws/build/my_environment_pkg/build/lib/my_environment_pkg
[1.272s] copying my_environment_pkg/collection_data.py -> /home/gabri/ros2_ws/build/my_environment_pkg/build/lib/my_environment_pkg
[1.272s] copying my_environment_pkg/main_environment.py -> /home/gabri/ros2_ws/build/my_environment_pkg/build/lib/my_environment_pkg
[1.272s] copying my_environment_pkg/__init__.py -> /home/gabri/ros2_ws/build/my_environment_pkg/build/lib/my_environment_pkg
[1.272s] copying my_environment_pkg/run_environment.py -> /home/gabri/ros2_ws/build/my_environment_pkg/build/lib/my_environment_pkg
[1.272s] copying my_environment_pkg/DDPG_robot_arm.py -> /home/gabri/ros2_ws/build/my_environment_pkg/build/lib/my_environment_pkg
[1.272s] running install
[1.273s] running install_lib
[1.273s] creating /home/gabri/ros2_ws/install/my_environment_pkg/lib/python3.8/site-packages/my_environment_pkg
[1.273s] copying /home/gabri/ros2_ws/build/my_environment_pkg/build/lib/my_environment_pkg/main_rl_environment.py -> /home/gabri/ros2_ws/install/my_environment_pkg/lib/python3.8/site-packages/my_environment_pkg
[1.273s] copying /home/gabri/ros2_ws/build/my_environment_pkg/build/lib/my_environment_pkg/collection_data.py -> /home/gabri/ros2_ws/install/my_environment_pkg/lib/python3.8/site-packages/my_environment_pkg
[1.274s] copying /home/gabri/ros2_ws/build/my_environment_pkg/build/lib/my_environment_pkg/main_environment.py -> /home/gabri/ros2_ws/install/my_environment_pkg/lib/python3.8/site-packages/my_environment_pkg
[1.274s] copying /home/gabri/ros2_ws/build/my_environment_pkg/build/lib/my_environment_pkg/__init__.py -> /home/gabri/ros2_ws/install/my_environment_pkg/lib/python3.8/site-packages/my_environment_pkg
[1.274s] copying /home/gabri/ros2_ws/build/my_environment_pkg/build/lib/my_environment_pkg/run_environment.py -> /home/gabri/ros2_ws/install/my_environment_pkg/lib/python3.8/site-packages/my_environment_pkg
[1.274s] copying /home/gabri/ros2_ws/build/my_environment_pkg/build/lib/my_environment_pkg/DDPG_robot_arm.py -> /home/gabri/ros2_ws/install/my_environment_pkg/lib/python3.8/site-packages/my_environment_pkg
[1.274s] byte-compiling /home/gabri/ros2_ws/install/my_environment_pkg/lib/python3.8/site-packages/my_environment_pkg/main_rl_environment.py to main_rl_environment.cpython-38.pyc
[1.276s] byte-compiling /home/gabri/ros2_ws/install/my_environment_pkg/lib/python3.8/site-packages/my_environment_pkg/collection_data.py to collection_data.cpython-38.pyc
[1.276s] byte-compiling /home/gabri/ros2_ws/install/my_environment_pkg/lib/python3.8/site-packages/my_environment_pkg/main_environment.py to main_environment.cpython-38.pyc
[1.278s] byte-compiling /home/gabri/ros2_ws/install/my_environment_pkg/lib/python3.8/site-packages/my_environment_pkg/__init__.py to __init__.cpython-38.pyc
[1.278s] byte-compiling /home/gabri/ros2_ws/install/my_environment_pkg/lib/python3.8/site-packages/my_environment_pkg/run_environment.py to run_environment.cpython-38.pyc
[1.278s] byte-compiling /home/gabri/ros2_ws/install/my_environment_pkg/lib/python3.8/site-packages/my_environment_pkg/DDPG_robot_arm.py to DDPG_robot_arm.cpython-38.pyc
[1.278s] running install_data
[1.279s] creating /home/gabri/ros2_ws/install/my_environment_pkg/share/ament_index
[1.279s] creating /home/gabri/ros2_ws/install/my_environment_pkg/share/ament_index/resource_index
[1.279s] creating /home/gabri/ros2_ws/install/my_environment_pkg/share/ament_index/resource_index/packages
[1.279s] copying resource/my_environment_pkg -> /home/gabri/ros2_ws/install/my_environment_pkg/share/ament_index/resource_index/packages
[1.279s] copying package.xml -> /home/gabri/ros2_ws/install/my_environment_pkg/share/my_environment_pkg
[1.279s] creating /home/gabri/ros2_ws/install/my_environment_pkg/share/my_environment_pkg/launch
[1.279s] copying launch/my_environment.launch.py -> /home/gabri/ros2_ws/install/my_environment_pkg/share/my_environment_pkg/launch
[1.279s] creating /home/gabri/ros2_ws/install/my_environment_pkg/share/my_environment_pkg/rviz
[1.279s] copying rviz/my_rviz_env.rviz -> /home/gabri/ros2_ws/install/my_environment_pkg/share/my_environment_pkg/rviz
[1.279s] creating /home/gabri/ros2_ws/install/my_environment_pkg/share/my_environment_pkg/worlds
[1.279s] copying worlds/my_world.world -> /home/gabri/ros2_ws/install/my_environment_pkg/share/my_environment_pkg/worlds
[1.279s] running install_egg_info
[1.280s] Copying ../../../build/my_environment_pkg/my_environment_pkg.egg-info to /home/gabri/ros2_ws/install/my_environment_pkg/lib/python3.8/site-packages/my_environment_pkg-0.0.0-py3.8.egg-info
[1.280s] running install_scripts
[1.294s] Installing data_collection script to /home/gabri/ros2_ws/install/my_environment_pkg/lib/my_environment_pkg
[1.294s] Installing run_environment script to /home/gabri/ros2_ws/install/my_environment_pkg/lib/my_environment_pkg
[1.294s] writing list of installed files to '/home/gabri/ros2_ws/build/my_environment_pkg/install.log'
[1.331s] Invoked command in '/home/gabri/ros2_ws/src/robotic_arm_environment/my_environment_pkg' returned '0': PYTHONPATH=/home/gabri/ros2_ws/build/my_environment_pkg/prefix_override:/usr/lib/python3/dist-packages/colcon_core/task/python/colcon_distutils_commands:/home/gabri/ros2_ws/install/my_environment_pkg/lib/python3.8/site-packages:${PYTHONPATH} /usr/bin/python3 -W ignore:setup.py install is deprecated -W ignore:easy_install command is deprecated setup.py egg_info --egg-base ../../../build/my_environment_pkg build --build-base /home/gabri/ros2_ws/build/my_environment_pkg/build install --record /home/gabri/ros2_ws/build/my_environment_pkg/install.log --single-version-externally-managed install_data
