/home/gabri/ros2_ws/install/my_environment_pkg/lib/python3.8/site-packages/my_environment_pkg/main_rl_environment.py
/home/gabri/ros2_ws/install/my_environment_pkg/lib/python3.8/site-packages/my_environment_pkg/collection_data.py
/home/gabri/ros2_ws/install/my_environment_pkg/lib/python3.8/site-packages/my_environment_pkg/main_environment.py
/home/gabri/ros2_ws/install/my_environment_pkg/lib/python3.8/site-packages/my_environment_pkg/__init__.py
/home/gabri/ros2_ws/install/my_environment_pkg/lib/python3.8/site-packages/my_environment_pkg/run_environment.py
/home/gabri/ros2_ws/install/my_environment_pkg/lib/python3.8/site-packages/my_environment_pkg/DDPG_robot_arm.py
/home/gabri/ros2_ws/install/my_environment_pkg/lib/python3.8/site-packages/my_environment_pkg/__pycache__/main_rl_environment.cpython-38.pyc
/home/gabri/ros2_ws/install/my_environment_pkg/lib/python3.8/site-packages/my_environment_pkg/__pycache__/collection_data.cpython-38.pyc
/home/gabri/ros2_ws/install/my_environment_pkg/lib/python3.8/site-packages/my_environment_pkg/__pycache__/main_environment.cpython-38.pyc
/home/gabri/ros2_ws/install/my_environment_pkg/lib/python3.8/site-packages/my_environment_pkg/__pycache__/__init__.cpython-38.pyc
/home/gabri/ros2_ws/install/my_environment_pkg/lib/python3.8/site-packages/my_environment_pkg/__pycache__/run_environment.cpython-38.pyc
/home/gabri/ros2_ws/install/my_environment_pkg/lib/python3.8/site-packages/my_environment_pkg/__pycache__/DDPG_robot_arm.cpython-38.pyc
/home/gabri/ros2_ws/install/my_environment_pkg/share/ament_index/resource_index/packages/my_environment_pkg
/home/gabri/ros2_ws/install/my_environment_pkg/share/my_environment_pkg/package.xml
/home/gabri/ros2_ws/install/my_environment_pkg/share/my_environment_pkg/launch/my_environment.launch.py
/home/gabri/ros2_ws/install/my_environment_pkg/share/my_environment_pkg/rviz/my_rviz_env.rviz
/home/gabri/ros2_ws/install/my_environment_pkg/share/my_environment_pkg/worlds/my_world.world
/home/gabri/ros2_ws/install/my_environment_pkg/lib/python3.8/site-packages/my_environment_pkg-0.0.0-py3.8.egg-info/dependency_links.txt
/home/gabri/ros2_ws/install/my_environment_pkg/lib/python3.8/site-packages/my_environment_pkg-0.0.0-py3.8.egg-info/PKG-INFO
/home/gabri/ros2_ws/install/my_environment_pkg/lib/python3.8/site-packages/my_environment_pkg-0.0.0-py3.8.egg-info/SOURCES.txt
/home/gabri/ros2_ws/install/my_environment_pkg/lib/python3.8/site-packages/my_environment_pkg-0.0.0-py3.8.egg-info/entry_points.txt
/home/gabri/ros2_ws/install/my_environment_pkg/lib/python3.8/site-packages/my_environment_pkg-0.0.0-py3.8.egg-info/top_level.txt
/home/gabri/ros2_ws/install/my_environment_pkg/lib/python3.8/site-packages/my_environment_pkg-0.0.0-py3.8.egg-info/requires.txt
/home/gabri/ros2_ws/install/my_environment_pkg/lib/python3.8/site-packages/my_environment_pkg-0.0.0-py3.8.egg-info/zip-safe
/home/gabri/ros2_ws/install/my_environment_pkg/lib/my_environment_pkg/data_collection
/home/gabri/ros2_ws/install/my_environment_pkg/lib/my_environment_pkg/run_environment
