/home/gabri/ros2_ws/install/my_sphere_pkg/lib/python3.8/site-packages/my_sphere_pkg/client_node.py
/home/gabri/ros2_ws/install/my_sphere_pkg/lib/python3.8/site-packages/my_sphere_pkg/coordinate_node.py
/home/gabri/ros2_ws/install/my_sphere_pkg/lib/python3.8/site-packages/my_sphere_pkg/__init__.py
/home/gabri/ros2_ws/install/my_sphere_pkg/lib/python3.8/site-packages/my_sphere_pkg/__pycache__/client_node.cpython-38.pyc
/home/gabri/ros2_ws/install/my_sphere_pkg/lib/python3.8/site-packages/my_sphere_pkg/__pycache__/coordinate_node.cpython-38.pyc
/home/gabri/ros2_ws/install/my_sphere_pkg/lib/python3.8/site-packages/my_sphere_pkg/__pycache__/__init__.cpython-38.pyc
/home/gabri/ros2_ws/install/my_sphere_pkg/share/ament_index/resource_index/packages/my_sphere_pkg
/home/gabri/ros2_ws/install/my_sphere_pkg/share/my_sphere_pkg/package.xml
/home/gabri/ros2_ws/install/my_sphere_pkg/share/my_sphere_pkg/launch/my_sphere.launch.py
/home/gabri/ros2_ws/install/my_sphere_pkg/share/my_sphere_pkg/worlds/my_empty_world.world
/home/gabri/ros2_ws/install/my_sphere_pkg/share/my_sphere_pkg/rviz/my_rviz_conf.rviz
/home/gabri/ros2_ws/install/my_sphere_pkg/share/my_sphere_pkg/models/sdf/sphere_goal/model.config
/home/gabri/ros2_ws/install/my_sphere_pkg/share/my_sphere_pkg/models/sdf/sphere_goal/model.sdf
/home/gabri/ros2_ws/install/my_sphere_pkg/share/my_sphere_pkg/models/urdf/sphere.urdf
/home/gabri/ros2_ws/install/my_sphere_pkg/lib/python3.8/site-packages/my_sphere_pkg-0.0.0-py3.8.egg-info/dependency_links.txt
/home/gabri/ros2_ws/install/my_sphere_pkg/lib/python3.8/site-packages/my_sphere_pkg-0.0.0-py3.8.egg-info/PKG-INFO
/home/gabri/ros2_ws/install/my_sphere_pkg/lib/python3.8/site-packages/my_sphere_pkg-0.0.0-py3.8.egg-info/SOURCES.txt
/home/gabri/ros2_ws/install/my_sphere_pkg/lib/python3.8/site-packages/my_sphere_pkg-0.0.0-py3.8.egg-info/entry_points.txt
/home/gabri/ros2_ws/install/my_sphere_pkg/lib/python3.8/site-packages/my_sphere_pkg-0.0.0-py3.8.egg-info/top_level.txt
/home/gabri/ros2_ws/install/my_sphere_pkg/lib/python3.8/site-packages/my_sphere_pkg-0.0.0-py3.8.egg-info/requires.txt
/home/gabri/ros2_ws/install/my_sphere_pkg/lib/python3.8/site-packages/my_sphere_pkg-0.0.0-py3.8.egg-info/zip-safe
/home/gabri/ros2_ws/install/my_sphere_pkg/lib/my_sphere_pkg/my_client_node
/home/gabri/ros2_ws/install/my_sphere_pkg/lib/my_sphere_pkg/reader_mark_node
