[1.161s] Invoking command in '/home/gabri/ros2_ws/src/robotic_arm_environment/my_sphere_pkg': PYTHONPATH=/home/gabri/ros2_ws/build/my_sphere_pkg/prefix_override:/usr/lib/python3/dist-packages/colcon_core/task/python/colcon_distutils_commands:/home/gabri/ros2_ws/install/my_sphere_pkg/lib/python3.8/site-packages:${PYTHONPATH} /usr/bin/python3 -W ignore:setup.py install is deprecated -W ignore:easy_install command is deprecated setup.py egg_info --egg-base ../../../build/my_sphere_pkg build --build-base /home/gabri/ros2_ws/build/my_sphere_pkg/build install --record /home/gabri/ros2_ws/build/my_sphere_pkg/install.log --single-version-externally-managed install_data
[1.318s] running egg_info
[1.318s] writing ../../../build/my_sphere_pkg/my_sphere_pkg.egg-info/PKG-INFO
[1.319s] writing dependency_links to ../../../build/my_sphere_pkg/my_sphere_pkg.egg-info/dependency_links.txt
[1.319s] writing entry points to ../../../build/my_sphere_pkg/my_sphere_pkg.egg-info/entry_points.txt
[1.319s] writing requirements to ../../../build/my_sphere_pkg/my_sphere_pkg.egg-info/requires.txt
[1.319s] writing top-level names to ../../../build/my_sphere_pkg/my_sphere_pkg.egg-info/top_level.txt
[1.346s] reading manifest file '../../../build/my_sphere_pkg/my_sphere_pkg.egg-info/SOURCES.txt'
[1.347s] writing manifest file '../../../build/my_sphere_pkg/my_sphere_pkg.egg-info/SOURCES.txt'
[1.347s] running build
[1.347s] running build_py
[1.347s] running install
[1.348s] running install_lib
[1.349s] running install_data
[1.350s] running install_egg_info
[1.351s] removing '/home/gabri/ros2_ws/install/my_sphere_pkg/lib/python3.8/site-packages/my_sphere_pkg-0.0.0-py3.8.egg-info' (and everything under it)
[1.351s] Copying ../../../build/my_sphere_pkg/my_sphere_pkg.egg-info to /home/gabri/ros2_ws/install/my_sphere_pkg/lib/python3.8/site-packages/my_sphere_pkg-0.0.0-py3.8.egg-info
[1.352s] running install_scripts
[1.367s] Installing my_client_node script to /home/gabri/ros2_ws/install/my_sphere_pkg/lib/my_sphere_pkg
[1.367s] Installing reader_mark_node script to /home/gabri/ros2_ws/install/my_sphere_pkg/lib/my_sphere_pkg
[1.367s] writing list of installed files to '/home/gabri/ros2_ws/build/my_sphere_pkg/install.log'
[1.395s] Invoked command in '/home/gabri/ros2_ws/src/robotic_arm_environment/my_sphere_pkg' returned '0': PYTHONPATH=/home/gabri/ros2_ws/build/my_sphere_pkg/prefix_override:/usr/lib/python3/dist-packages/colcon_core/task/python/colcon_distutils_commands:/home/gabri/ros2_ws/install/my_sphere_pkg/lib/python3.8/site-packages:${PYTHONPATH} /usr/bin/python3 -W ignore:setup.py install is deprecated -W ignore:easy_install command is deprecated setup.py egg_info --egg-base ../../../build/my_sphere_pkg build --build-base /home/gabri/ros2_ws/build/my_sphere_pkg/build install --record /home/gabri/ros2_ws/build/my_sphere_pkg/install.log --single-version-externally-managed install_data
