[0.169s] DEBUG:colcon:Command line arguments: ['/usr/bin/colcon', 'build']
[0.169s] DEBUG:colcon:Parsed command line arguments: Namespace(allow_overriding=[], ament_cmake_args=None, base_paths=['.'], build_base='build', catkin_cmake_args=None, catkin_skip_building_tests=False, cmake_args=None, cmake_clean_cache=False, cmake_clean_first=False, cmake_force_configure=False, cmake_target=None, cmake_target_skip_unavailable=False, continue_on_error=False, event_handlers=None, executor='parallel', ignore_user_meta=False, install_base='install', log_base=None, log_level=None, main=<bound method BuildVerb.main of <colcon_core.verb.build.BuildVerb object at 0x7f09299d93a0>>, merge_install=False, metas=['./colcon.meta'], mixin=None, mixin_files=None, mixin_verb=('build',), packages_above=None, packages_above_and_dependencies=None, packages_above_depth=None, packages_end=None, packages_ignore=None, packages_ignore_regex=None, packages_select=None, packages_select_build_failed=False, packages_select_by_dep=None, packages_select_regex=None, packages_select_test_failures=False, packages_skip=None, packages_skip_build_finished=False, packages_skip_by_dep=None, packages_skip_regex=None, packages_skip_test_passed=False, packages_skip_up_to=None, packages_start=None, packages_up_to=None, packages_up_to_regex=None, parallel_workers=16, paths=None, symlink_install=False, test_result_base=None, verb_extension=<colcon_core.verb.build.BuildVerb object at 0x7f09299d93a0>, verb_name='build', verb_parser=<colcon_mixin.mixin.mixin_argument.MixinArgumentDecorator object at 0x7f0929925970>)
[0.292s] Level 1:colcon.colcon_core.package_discovery:discover_packages(colcon_meta) check parameters
[0.292s] Level 1:colcon.colcon_core.package_discovery:discover_packages(recursive) check parameters
[0.293s] Level 1:colcon.colcon_core.package_discovery:discover_packages(ignore) check parameters
[0.293s] Level 1:colcon.colcon_core.package_discovery:discover_packages(path) check parameters
[0.293s] Level 1:colcon.colcon_core.package_discovery:discover_packages(colcon_meta) discover
[0.293s] Level 1:colcon.colcon_core.package_discovery:discover_packages(recursive) discover
[0.293s] INFO:colcon.colcon_core.package_discovery:Crawling recursively for packages in '/home/gabri/ros2_ws'
[0.293s] Level 1:colcon.colcon_core.package_identification:_identify(.) by extensions ['ignore', 'ignore_ament_install']
[0.293s] Level 1:colcon.colcon_core.package_identification:_identify(.) by extension 'ignore'
[0.293s] Level 1:colcon.colcon_core.package_identification:_identify(.) by extension 'ignore_ament_install'
[0.293s] Level 1:colcon.colcon_core.package_identification:_identify(.) by extensions ['colcon_pkg']
[0.293s] Level 1:colcon.colcon_core.package_identification:_identify(.) by extension 'colcon_pkg'
[0.293s] Level 1:colcon.colcon_core.package_identification:_identify(.) by extensions ['colcon_meta']
[0.293s] Level 1:colcon.colcon_core.package_identification:_identify(.) by extension 'colcon_meta'
[0.293s] Level 1:colcon.colcon_core.package_identification:_identify(.) by extensions ['ros']
[0.293s] Level 1:colcon.colcon_core.package_identification:_identify(.) by extension 'ros'
[0.301s] Level 1:colcon.colcon_core.package_identification:_identify(.) by extensions ['cmake', 'python']
[0.301s] Level 1:colcon.colcon_core.package_identification:_identify(.) by extension 'cmake'
[0.301s] Level 1:colcon.colcon_core.package_identification:_identify(.) by extension 'python'
[0.301s] Level 1:colcon.colcon_core.package_identification:_identify(.) by extensions ['python_setup_py']
[0.302s] Level 1:colcon.colcon_core.package_identification:_identify(.) by extension 'python_setup_py'
[0.302s] Level 1:colcon.colcon_core.package_identification:_identify(build) by extensions ['ignore', 'ignore_ament_install']
[0.302s] Level 1:colcon.colcon_core.package_identification:_identify(build) by extension 'ignore'
[0.302s] Level 1:colcon.colcon_core.package_identification:_identify(build) ignored
[0.302s] Level 1:colcon.colcon_core.package_identification:_identify(checkpoints) by extensions ['ignore', 'ignore_ament_install']
[0.302s] Level 1:colcon.colcon_core.package_identification:_identify(checkpoints) by extension 'ignore'
[0.302s] Level 1:colcon.colcon_core.package_identification:_identify(checkpoints) by extension 'ignore_ament_install'
[0.302s] Level 1:colcon.colcon_core.package_identification:_identify(checkpoints) by extensions ['colcon_pkg']
[0.302s] Level 1:colcon.colcon_core.package_identification:_identify(checkpoints) by extension 'colcon_pkg'
[0.302s] Level 1:colcon.colcon_core.package_identification:_identify(checkpoints) by extensions ['colcon_meta']
[0.302s] Level 1:colcon.colcon_core.package_identification:_identify(checkpoints) by extension 'colcon_meta'
[0.302s] Level 1:colcon.colcon_core.package_identification:_identify(checkpoints) by extensions ['ros']
[0.302s] Level 1:colcon.colcon_core.package_identification:_identify(checkpoints) by extension 'ros'
[0.302s] Level 1:colcon.colcon_core.package_identification:_identify(checkpoints) by extensions ['cmake', 'python']
[0.302s] Level 1:colcon.colcon_core.package_identification:_identify(checkpoints) by extension 'cmake'
[0.302s] Level 1:colcon.colcon_core.package_identification:_identify(checkpoints) by extension 'python'
[0.302s] Level 1:colcon.colcon_core.package_identification:_identify(checkpoints) by extensions ['python_setup_py']
[0.302s] Level 1:colcon.colcon_core.package_identification:_identify(checkpoints) by extension 'python_setup_py'
[0.302s] Level 1:colcon.colcon_core.package_identification:_identify(install) by extensions ['ignore', 'ignore_ament_install']
[0.302s] Level 1:colcon.colcon_core.package_identification:_identify(install) by extension 'ignore'
[0.303s] Level 1:colcon.colcon_core.package_identification:_identify(install) ignored
[0.303s] Level 1:colcon.colcon_core.package_identification:_identify(log) by extensions ['ignore', 'ignore_ament_install']
[0.303s] Level 1:colcon.colcon_core.package_identification:_identify(log) by extension 'ignore'
[0.303s] Level 1:colcon.colcon_core.package_identification:_identify(log) ignored
[0.303s] Level 1:colcon.colcon_core.package_identification:_identify(src) by extensions ['ignore', 'ignore_ament_install']
[0.303s] Level 1:colcon.colcon_core.package_identification:_identify(src) by extension 'ignore'
[0.303s] Level 1:colcon.colcon_core.package_identification:_identify(src) by extension 'ignore_ament_install'
[0.303s] Level 1:colcon.colcon_core.package_identification:_identify(src) by extensions ['colcon_pkg']
[0.303s] Level 1:colcon.colcon_core.package_identification:_identify(src) by extension 'colcon_pkg'
[0.303s] Level 1:colcon.colcon_core.package_identification:_identify(src) by extensions ['colcon_meta']
[0.303s] Level 1:colcon.colcon_core.package_identification:_identify(src) by extension 'colcon_meta'
[0.303s] Level 1:colcon.colcon_core.package_identification:_identify(src) by extensions ['ros']
[0.303s] Level 1:colcon.colcon_core.package_identification:_identify(src) by extension 'ros'
[0.303s] Level 1:colcon.colcon_core.package_identification:_identify(src) by extensions ['cmake', 'python']
[0.303s] Level 1:colcon.colcon_core.package_identification:_identify(src) by extension 'cmake'
[0.303s] Level 1:colcon.colcon_core.package_identification:_identify(src) by extension 'python'
[0.303s] Level 1:colcon.colcon_core.package_identification:_identify(src) by extensions ['python_setup_py']
[0.303s] Level 1:colcon.colcon_core.package_identification:_identify(src) by extension 'python_setup_py'
[0.303s] Level 1:colcon.colcon_core.package_identification:_identify(src/build) by extensions ['ignore', 'ignore_ament_install']
[0.303s] Level 1:colcon.colcon_core.package_identification:_identify(src/build) by extension 'ignore'
[0.303s] Level 1:colcon.colcon_core.package_identification:_identify(src/build) ignored
[0.304s] Level 1:colcon.colcon_core.package_identification:_identify(src/gazebo_ros2_control) by extensions ['ignore', 'ignore_ament_install']
[0.304s] Level 1:colcon.colcon_core.package_identification:_identify(src/gazebo_ros2_control) by extension 'ignore'
[0.304s] Level 1:colcon.colcon_core.package_identification:_identify(src/gazebo_ros2_control) by extension 'ignore_ament_install'
[0.304s] Level 1:colcon.colcon_core.package_identification:_identify(src/gazebo_ros2_control) by extensions ['colcon_pkg']
[0.304s] Level 1:colcon.colcon_core.package_identification:_identify(src/gazebo_ros2_control) by extension 'colcon_pkg'
[0.304s] Level 1:colcon.colcon_core.package_identification:_identify(src/gazebo_ros2_control) by extensions ['colcon_meta']
[0.304s] Level 1:colcon.colcon_core.package_identification:_identify(src/gazebo_ros2_control) by extension 'colcon_meta'
[0.304s] Level 1:colcon.colcon_core.package_identification:_identify(src/gazebo_ros2_control) by extensions ['ros']
[0.304s] Level 1:colcon.colcon_core.package_identification:_identify(src/gazebo_ros2_control) by extension 'ros'
[0.304s] Level 1:colcon.colcon_core.package_identification:_identify(src/gazebo_ros2_control) by extensions ['cmake', 'python']
[0.304s] Level 1:colcon.colcon_core.package_identification:_identify(src/gazebo_ros2_control) by extension 'cmake'
[0.304s] Level 1:colcon.colcon_core.package_identification:_identify(src/gazebo_ros2_control) by extension 'python'
[0.304s] Level 1:colcon.colcon_core.package_identification:_identify(src/gazebo_ros2_control) by extensions ['python_setup_py']
[0.304s] Level 1:colcon.colcon_core.package_identification:_identify(src/gazebo_ros2_control) by extension 'python_setup_py'
[0.304s] Level 1:colcon.colcon_core.package_identification:_identify(src/gazebo_ros2_control/Docker) by extensions ['ignore', 'ignore_ament_install']
[0.304s] Level 1:colcon.colcon_core.package_identification:_identify(src/gazebo_ros2_control/Docker) by extension 'ignore'
[0.304s] Level 1:colcon.colcon_core.package_identification:_identify(src/gazebo_ros2_control/Docker) by extension 'ignore_ament_install'
[0.304s] Level 1:colcon.colcon_core.package_identification:_identify(src/gazebo_ros2_control/Docker) by extensions ['colcon_pkg']
[0.304s] Level 1:colcon.colcon_core.package_identification:_identify(src/gazebo_ros2_control/Docker) by extension 'colcon_pkg'
[0.304s] Level 1:colcon.colcon_core.package_identification:_identify(src/gazebo_ros2_control/Docker) by extensions ['colcon_meta']
[0.304s] Level 1:colcon.colcon_core.package_identification:_identify(src/gazebo_ros2_control/Docker) by extension 'colcon_meta'
[0.304s] Level 1:colcon.colcon_core.package_identification:_identify(src/gazebo_ros2_control/Docker) by extensions ['ros']
[0.304s] Level 1:colcon.colcon_core.package_identification:_identify(src/gazebo_ros2_control/Docker) by extension 'ros'
[0.304s] Level 1:colcon.colcon_core.package_identification:_identify(src/gazebo_ros2_control/Docker) by extensions ['cmake', 'python']
[0.304s] Level 1:colcon.colcon_core.package_identification:_identify(src/gazebo_ros2_control/Docker) by extension 'cmake'
[0.304s] Level 1:colcon.colcon_core.package_identification:_identify(src/gazebo_ros2_control/Docker) by extension 'python'
[0.305s] Level 1:colcon.colcon_core.package_identification:_identify(src/gazebo_ros2_control/Docker) by extensions ['python_setup_py']
[0.305s] Level 1:colcon.colcon_core.package_identification:_identify(src/gazebo_ros2_control/Docker) by extension 'python_setup_py'
[0.305s] Level 1:colcon.colcon_core.package_identification:_identify(src/gazebo_ros2_control/gazebo_ros2_control) by extensions ['ignore', 'ignore_ament_install']
[0.305s] Level 1:colcon.colcon_core.package_identification:_identify(src/gazebo_ros2_control/gazebo_ros2_control) by extension 'ignore'
[0.305s] Level 1:colcon.colcon_core.package_identification:_identify(src/gazebo_ros2_control/gazebo_ros2_control) by extension 'ignore_ament_install'
[0.305s] Level 1:colcon.colcon_core.package_identification:_identify(src/gazebo_ros2_control/gazebo_ros2_control) by extensions ['colcon_pkg']
[0.305s] Level 1:colcon.colcon_core.package_identification:_identify(src/gazebo_ros2_control/gazebo_ros2_control) by extension 'colcon_pkg'
[0.305s] Level 1:colcon.colcon_core.package_identification:_identify(src/gazebo_ros2_control/gazebo_ros2_control) by extensions ['colcon_meta']
[0.305s] Level 1:colcon.colcon_core.package_identification:_identify(src/gazebo_ros2_control/gazebo_ros2_control) by extension 'colcon_meta'
[0.305s] Level 1:colcon.colcon_core.package_identification:_identify(src/gazebo_ros2_control/gazebo_ros2_control) by extensions ['ros']
[0.305s] Level 1:colcon.colcon_core.package_identification:_identify(src/gazebo_ros2_control/gazebo_ros2_control) by extension 'ros'
[0.308s] DEBUG:colcon.colcon_core.package_identification:Package 'src/gazebo_ros2_control/gazebo_ros2_control' with type 'ros.ament_cmake' and name 'gazebo_ros2_control'
[0.308s] Level 1:colcon.colcon_core.package_identification:_identify(src/gazebo_ros2_control/gazebo_ros2_control_demos) by extensions ['ignore', 'ignore_ament_install']
[0.308s] Level 1:colcon.colcon_core.package_identification:_identify(src/gazebo_ros2_control/gazebo_ros2_control_demos) by extension 'ignore'
[0.308s] Level 1:colcon.colcon_core.package_identification:_identify(src/gazebo_ros2_control/gazebo_ros2_control_demos) by extension 'ignore_ament_install'
[0.308s] Level 1:colcon.colcon_core.package_identification:_identify(src/gazebo_ros2_control/gazebo_ros2_control_demos) by extensions ['colcon_pkg']
[0.308s] Level 1:colcon.colcon_core.package_identification:_identify(src/gazebo_ros2_control/gazebo_ros2_control_demos) by extension 'colcon_pkg'
[0.308s] Level 1:colcon.colcon_core.package_identification:_identify(src/gazebo_ros2_control/gazebo_ros2_control_demos) by extensions ['colcon_meta']
[0.308s] Level 1:colcon.colcon_core.package_identification:_identify(src/gazebo_ros2_control/gazebo_ros2_control_demos) by extension 'colcon_meta'
[0.308s] Level 1:colcon.colcon_core.package_identification:_identify(src/gazebo_ros2_control/gazebo_ros2_control_demos) by extensions ['ros']
[0.308s] Level 1:colcon.colcon_core.package_identification:_identify(src/gazebo_ros2_control/gazebo_ros2_control_demos) by extension 'ros'
[0.309s] DEBUG:colcon.colcon_core.package_identification:Package 'src/gazebo_ros2_control/gazebo_ros2_control_demos' with type 'ros.ament_cmake' and name 'gazebo_ros2_control_demos'
[0.309s] Level 1:colcon.colcon_core.package_identification:_identify(src/gazebo_ros2_control/img) by extensions ['ignore', 'ignore_ament_install']
[0.309s] Level 1:colcon.colcon_core.package_identification:_identify(src/gazebo_ros2_control/img) by extension 'ignore'
[0.309s] Level 1:colcon.colcon_core.package_identification:_identify(src/gazebo_ros2_control/img) by extension 'ignore_ament_install'
[0.309s] Level 1:colcon.colcon_core.package_identification:_identify(src/gazebo_ros2_control/img) by extensions ['colcon_pkg']
[0.309s] Level 1:colcon.colcon_core.package_identification:_identify(src/gazebo_ros2_control/img) by extension 'colcon_pkg'
[0.309s] Level 1:colcon.colcon_core.package_identification:_identify(src/gazebo_ros2_control/img) by extensions ['colcon_meta']
[0.309s] Level 1:colcon.colcon_core.package_identification:_identify(src/gazebo_ros2_control/img) by extension 'colcon_meta'
[0.309s] Level 1:colcon.colcon_core.package_identification:_identify(src/gazebo_ros2_control/img) by extensions ['ros']
[0.309s] Level 1:colcon.colcon_core.package_identification:_identify(src/gazebo_ros2_control/img) by extension 'ros'
[0.309s] Level 1:colcon.colcon_core.package_identification:_identify(src/gazebo_ros2_control/img) by extensions ['cmake', 'python']
[0.309s] Level 1:colcon.colcon_core.package_identification:_identify(src/gazebo_ros2_control/img) by extension 'cmake'
[0.309s] Level 1:colcon.colcon_core.package_identification:_identify(src/gazebo_ros2_control/img) by extension 'python'
[0.309s] Level 1:colcon.colcon_core.package_identification:_identify(src/gazebo_ros2_control/img) by extensions ['python_setup_py']
[0.309s] Level 1:colcon.colcon_core.package_identification:_identify(src/gazebo_ros2_control/img) by extension 'python_setup_py'
[0.309s] Level 1:colcon.colcon_core.package_identification:_identify(src/install) by extensions ['ignore', 'ignore_ament_install']
[0.309s] Level 1:colcon.colcon_core.package_identification:_identify(src/install) by extension 'ignore'
[0.310s] Level 1:colcon.colcon_core.package_identification:_identify(src/install) ignored
[0.310s] Level 1:colcon.colcon_core.package_identification:_identify(src/log) by extensions ['ignore', 'ignore_ament_install']
[0.310s] Level 1:colcon.colcon_core.package_identification:_identify(src/log) by extension 'ignore'
[0.310s] Level 1:colcon.colcon_core.package_identification:_identify(src/log) ignored
[0.310s] Level 1:colcon.colcon_core.package_identification:_identify(src/my_doosan_pkg) by extensions ['ignore', 'ignore_ament_install']
[0.310s] Level 1:colcon.colcon_core.package_identification:_identify(src/my_doosan_pkg) by extension 'ignore'
[0.310s] Level 1:colcon.colcon_core.package_identification:_identify(src/my_doosan_pkg) by extension 'ignore_ament_install'
[0.310s] Level 1:colcon.colcon_core.package_identification:_identify(src/my_doosan_pkg) by extensions ['colcon_pkg']
[0.310s] Level 1:colcon.colcon_core.package_identification:_identify(src/my_doosan_pkg) by extension 'colcon_pkg'
[0.310s] Level 1:colcon.colcon_core.package_identification:_identify(src/my_doosan_pkg) by extensions ['colcon_meta']
[0.310s] Level 1:colcon.colcon_core.package_identification:_identify(src/my_doosan_pkg) by extension 'colcon_meta'
[0.310s] Level 1:colcon.colcon_core.package_identification:_identify(src/my_doosan_pkg) by extensions ['ros']
[0.310s] Level 1:colcon.colcon_core.package_identification:_identify(src/my_doosan_pkg) by extension 'ros'
[0.310s] DEBUG:colcon.colcon_core.package_identification:Package 'src/my_doosan_pkg' with type 'ros.ament_python' and name 'my_doosan_pkg'
[0.311s] Level 1:colcon.colcon_core.package_discovery:discover_packages(recursive) using defaults
[0.311s] Level 1:colcon.colcon_core.package_discovery:discover_packages(ignore) discover
[0.311s] Level 1:colcon.colcon_core.package_discovery:discover_packages(ignore) using defaults
[0.311s] Level 1:colcon.colcon_core.package_discovery:discover_packages(path) discover
[0.311s] Level 1:colcon.colcon_core.package_discovery:discover_packages(path) using defaults
[0.334s] Level 1:colcon.colcon_core.package_discovery:discover_packages(prefix_path) check parameters
[0.334s] Level 1:colcon.colcon_core.package_discovery:discover_packages(prefix_path) discover
[0.335s] DEBUG:colcon.colcon_installed_package_information.package_discovery:Found 5 installed packages in /home/gabri/ros2_ws/install
[0.336s] DEBUG:colcon.colcon_installed_package_information.package_discovery:Found 290 installed packages in /opt/ros/foxy
[0.338s] Level 1:colcon.colcon_core.package_discovery:discover_packages(prefix_path) using defaults
[0.386s] Level 5:colcon.colcon_core.verb:set package 'gazebo_ros2_control' build argument 'cmake_args' from command line to 'None'
[0.386s] Level 5:colcon.colcon_core.verb:set package 'gazebo_ros2_control' build argument 'cmake_target' from command line to 'None'
[0.386s] Level 5:colcon.colcon_core.verb:set package 'gazebo_ros2_control' build argument 'cmake_target_skip_unavailable' from command line to 'False'
[0.386s] Level 5:colcon.colcon_core.verb:set package 'gazebo_ros2_control' build argument 'cmake_clean_cache' from command line to 'False'
[0.386s] Level 5:colcon.colcon_core.verb:set package 'gazebo_ros2_control' build argument 'cmake_clean_first' from command line to 'False'
[0.386s] Level 5:colcon.colcon_core.verb:set package 'gazebo_ros2_control' build argument 'cmake_force_configure' from command line to 'False'
[0.386s] Level 5:colcon.colcon_core.verb:set package 'gazebo_ros2_control' build argument 'ament_cmake_args' from command line to 'None'
[0.386s] Level 5:colcon.colcon_core.verb:set package 'gazebo_ros2_control' build argument 'catkin_cmake_args' from command line to 'None'
[0.386s] Level 5:colcon.colcon_core.verb:set package 'gazebo_ros2_control' build argument 'catkin_skip_building_tests' from command line to 'False'
[0.386s] DEBUG:colcon.colcon_core.verb:Building package 'gazebo_ros2_control' with the following arguments: {'ament_cmake_args': None, 'build_base': '/home/gabri/ros2_ws/build/gazebo_ros2_control', 'catkin_cmake_args': None, 'catkin_skip_building_tests': False, 'cmake_args': None, 'cmake_clean_cache': False, 'cmake_clean_first': False, 'cmake_force_configure': False, 'cmake_target': None, 'cmake_target_skip_unavailable': False, 'install_base': '/home/gabri/ros2_ws/install/gazebo_ros2_control', 'merge_install': False, 'path': '/home/gabri/ros2_ws/src/gazebo_ros2_control/gazebo_ros2_control', 'symlink_install': False, 'test_result_base': None}
[0.387s] Level 5:colcon.colcon_core.verb:set package 'my_doosan_pkg' build argument 'cmake_args' from command line to 'None'
[0.387s] Level 5:colcon.colcon_core.verb:set package 'my_doosan_pkg' build argument 'cmake_target' from command line to 'None'
[0.387s] Level 5:colcon.colcon_core.verb:set package 'my_doosan_pkg' build argument 'cmake_target_skip_unavailable' from command line to 'False'
[0.387s] Level 5:colcon.colcon_core.verb:set package 'my_doosan_pkg' build argument 'cmake_clean_cache' from command line to 'False'
[0.387s] Level 5:colcon.colcon_core.verb:set package 'my_doosan_pkg' build argument 'cmake_clean_first' from command line to 'False'
[0.387s] Level 5:colcon.colcon_core.verb:set package 'my_doosan_pkg' build argument 'cmake_force_configure' from command line to 'False'
[0.387s] Level 5:colcon.colcon_core.verb:set package 'my_doosan_pkg' build argument 'ament_cmake_args' from command line to 'None'
[0.387s] Level 5:colcon.colcon_core.verb:set package 'my_doosan_pkg' build argument 'catkin_cmake_args' from command line to 'None'
[0.387s] Level 5:colcon.colcon_core.verb:set package 'my_doosan_pkg' build argument 'catkin_skip_building_tests' from command line to 'False'
[0.387s] DEBUG:colcon.colcon_core.verb:Building package 'my_doosan_pkg' with the following arguments: {'ament_cmake_args': None, 'build_base': '/home/gabri/ros2_ws/build/my_doosan_pkg', 'catkin_cmake_args': None, 'catkin_skip_building_tests': False, 'cmake_args': None, 'cmake_clean_cache': False, 'cmake_clean_first': False, 'cmake_force_configure': False, 'cmake_target': None, 'cmake_target_skip_unavailable': False, 'install_base': '/home/gabri/ros2_ws/install/my_doosan_pkg', 'merge_install': False, 'path': '/home/gabri/ros2_ws/src/my_doosan_pkg', 'symlink_install': False, 'test_result_base': None}
[0.387s] Level 5:colcon.colcon_core.verb:set package 'gazebo_ros2_control_demos' build argument 'cmake_args' from command line to 'None'
[0.387s] Level 5:colcon.colcon_core.verb:set package 'gazebo_ros2_control_demos' build argument 'cmake_target' from command line to 'None'
[0.387s] Level 5:colcon.colcon_core.verb:set package 'gazebo_ros2_control_demos' build argument 'cmake_target_skip_unavailable' from command line to 'False'
[0.387s] Level 5:colcon.colcon_core.verb:set package 'gazebo_ros2_control_demos' build argument 'cmake_clean_cache' from command line to 'False'
[0.387s] Level 5:colcon.colcon_core.verb:set package 'gazebo_ros2_control_demos' build argument 'cmake_clean_first' from command line to 'False'
[0.387s] Level 5:colcon.colcon_core.verb:set package 'gazebo_ros2_control_demos' build argument 'cmake_force_configure' from command line to 'False'
[0.387s] Level 5:colcon.colcon_core.verb:set package 'gazebo_ros2_control_demos' build argument 'ament_cmake_args' from command line to 'None'
[0.387s] Level 5:colcon.colcon_core.verb:set package 'gazebo_ros2_control_demos' build argument 'catkin_cmake_args' from command line to 'None'
[0.387s] Level 5:colcon.colcon_core.verb:set package 'gazebo_ros2_control_demos' build argument 'catkin_skip_building_tests' from command line to 'False'
[0.387s] DEBUG:colcon.colcon_core.verb:Building package 'gazebo_ros2_control_demos' with the following arguments: {'ament_cmake_args': None, 'build_base': '/home/gabri/ros2_ws/build/gazebo_ros2_control_demos', 'catkin_cmake_args': None, 'catkin_skip_building_tests': False, 'cmake_args': None, 'cmake_clean_cache': False, 'cmake_clean_first': False, 'cmake_force_configure': False, 'cmake_target': None, 'cmake_target_skip_unavailable': False, 'install_base': '/home/gabri/ros2_ws/install/gazebo_ros2_control_demos', 'merge_install': False, 'path': '/home/gabri/ros2_ws/src/gazebo_ros2_control/gazebo_ros2_control_demos', 'symlink_install': False, 'test_result_base': None}
[0.387s] INFO:colcon.colcon_core.executor:Executing jobs using 'parallel' executor
[0.389s] DEBUG:colcon.colcon_parallel_executor.executor.parallel:run_until_complete
[0.389s] INFO:colcon.colcon_ros.task.ament_cmake.build:Building ROS package in '/home/gabri/ros2_ws/src/gazebo_ros2_control/gazebo_ros2_control' with build type 'ament_cmake'
[0.389s] INFO:colcon.colcon_cmake.task.cmake.build:Building CMake package in '/home/gabri/ros2_ws/src/gazebo_ros2_control/gazebo_ros2_control'
[0.391s] INFO:colcon.colcon_core.plugin_system:Skipping extension 'colcon_core.shell.bat': Not used on non-Windows systems
[0.391s] INFO:colcon.colcon_core.shell:Skip shell extension 'powershell' for command environment: Not usable outside of PowerShell
[0.391s] DEBUG:colcon.colcon_core.shell:Skip shell extension 'dsv' for command environment
[0.398s] INFO:colcon.colcon_ros.task.ament_python.build:Building ROS package in '/home/gabri/ros2_ws/src/my_doosan_pkg' with build type 'ament_python'
[0.399s] Level 1:colcon.colcon_core.shell:create_environment_hook('my_doosan_pkg', 'ament_prefix_path')
[0.400s] INFO:colcon.colcon_core.shell:Creating environment hook '/home/gabri/ros2_ws/install/my_doosan_pkg/share/my_doosan_pkg/hook/ament_prefix_path.ps1'
[0.401s] INFO:colcon.colcon_core.shell:Creating environment descriptor '/home/gabri/ros2_ws/install/my_doosan_pkg/share/my_doosan_pkg/hook/ament_prefix_path.dsv'
[0.401s] INFO:colcon.colcon_core.shell:Creating environment hook '/home/gabri/ros2_ws/install/my_doosan_pkg/share/my_doosan_pkg/hook/ament_prefix_path.sh'
[0.402s] INFO:colcon.colcon_core.shell:Skip shell extension 'powershell' for command environment: Not usable outside of PowerShell
[0.402s] DEBUG:colcon.colcon_core.shell:Skip shell extension 'dsv' for command environment
[0.417s] DEBUG:colcon.colcon_core.event_handler.log_command:Invoking command in '/home/gabri/ros2_ws/build/gazebo_ros2_control': CMAKE_PREFIX_PATH=${CMAKE_PREFIX_PATH}:/home/gabri/ros2_ws/install/my_sphere_pkg:/home/gabri/ros2_ws/install/my_environment_pkg:/home/gabri/ros2_ws/install/my_doosan_pkg:/opt/ros/foxy /usr/bin/cmake --build /home/gabri/ros2_ws/build/gazebo_ros2_control -- -j16 -l16
[0.619s] INFO:colcon.colcon_core.task.python.build:Building Python package in '/home/gabri/ros2_ws/src/my_doosan_pkg'
[0.620s] INFO:colcon.colcon_core.shell:Skip shell extension 'powershell' for command environment: Not usable outside of PowerShell
[0.620s] DEBUG:colcon.colcon_core.shell:Skip shell extension 'dsv' for command environment
[0.965s] DEBUG:colcon.colcon_core.event_handler.log_command:Invoking command in '/home/gabri/ros2_ws/src/my_doosan_pkg': PYTHONPATH=/home/gabri/ros2_ws/build/my_doosan_pkg/prefix_override:/usr/lib/python3/dist-packages/colcon_core/task/python/colcon_distutils_commands:/home/gabri/ros2_ws/install/my_doosan_pkg/lib/python3.8/site-packages:${PYTHONPATH} /usr/bin/python3 -W ignore:setup.py install is deprecated -W ignore:easy_install command is deprecated setup.py egg_info --egg-base ../../build/my_doosan_pkg build --build-base /home/gabri/ros2_ws/build/my_doosan_pkg/build install --record /home/gabri/ros2_ws/build/my_doosan_pkg/install.log --install-scripts $base/lib/my_doosan_pkg --single-version-externally-managed install_data
[1.226s] DEBUG:colcon.colcon_core.event_handler.log_command:Invoked command in '/home/gabri/ros2_ws/src/my_doosan_pkg' returned '0': PYTHONPATH=/home/gabri/ros2_ws/build/my_doosan_pkg/prefix_override:/usr/lib/python3/dist-packages/colcon_core/task/python/colcon_distutils_commands:/home/gabri/ros2_ws/install/my_doosan_pkg/lib/python3.8/site-packages:${PYTHONPATH} /usr/bin/python3 -W ignore:setup.py install is deprecated -W ignore:easy_install command is deprecated setup.py egg_info --egg-base ../../build/my_doosan_pkg build --build-base /home/gabri/ros2_ws/build/my_doosan_pkg/build install --record /home/gabri/ros2_ws/build/my_doosan_pkg/install.log --install-scripts $base/lib/my_doosan_pkg --single-version-externally-managed install_data
[1.229s] Level 1:colcon.colcon_core.environment:checking '/home/gabri/ros2_ws/install/my_doosan_pkg' for CMake module files
[1.230s] Level 1:colcon.colcon_core.environment:checking '/home/gabri/ros2_ws/install/my_doosan_pkg' for CMake config files
[1.231s] Level 1:colcon.colcon_core.environment:checking '/home/gabri/ros2_ws/install/my_doosan_pkg/lib'
[1.232s] Level 1:colcon.colcon_core.environment:checking '/home/gabri/ros2_ws/install/my_doosan_pkg/bin'
[1.232s] Level 1:colcon.colcon_core.environment:checking '/home/gabri/ros2_ws/install/my_doosan_pkg/lib/pkgconfig/my_doosan_pkg.pc'
[1.232s] Level 1:colcon.colcon_core.environment:checking '/home/gabri/ros2_ws/install/my_doosan_pkg/lib/python3.8/site-packages'
[1.232s] Level 1:colcon.colcon_core.shell:create_environment_hook('my_doosan_pkg', 'pythonpath')
[1.233s] INFO:colcon.colcon_core.shell:Creating environment hook '/home/gabri/ros2_ws/install/my_doosan_pkg/share/my_doosan_pkg/hook/pythonpath.ps1'
[1.234s] INFO:colcon.colcon_core.shell:Creating environment descriptor '/home/gabri/ros2_ws/install/my_doosan_pkg/share/my_doosan_pkg/hook/pythonpath.dsv'
[1.234s] INFO:colcon.colcon_core.shell:Creating environment hook '/home/gabri/ros2_ws/install/my_doosan_pkg/share/my_doosan_pkg/hook/pythonpath.sh'
[1.235s] Level 1:colcon.colcon_core.environment:checking '/home/gabri/ros2_ws/install/my_doosan_pkg/bin'
[1.235s] Level 1:colcon.colcon_core.environment:create_environment_scripts_only(my_doosan_pkg)
[1.236s] INFO:colcon.colcon_core.shell:Creating package script '/home/gabri/ros2_ws/install/my_doosan_pkg/share/my_doosan_pkg/package.ps1'
[1.237s] INFO:colcon.colcon_core.shell:Creating package descriptor '/home/gabri/ros2_ws/install/my_doosan_pkg/share/my_doosan_pkg/package.dsv'
[1.238s] INFO:colcon.colcon_core.shell:Creating package script '/home/gabri/ros2_ws/install/my_doosan_pkg/share/my_doosan_pkg/package.sh'
[1.239s] INFO:colcon.colcon_core.shell:Creating package script '/home/gabri/ros2_ws/install/my_doosan_pkg/share/my_doosan_pkg/package.bash'
[1.239s] INFO:colcon.colcon_core.shell:Creating package script '/home/gabri/ros2_ws/install/my_doosan_pkg/share/my_doosan_pkg/package.zsh'
[1.240s] Level 1:colcon.colcon_core.environment:create_file_with_runtime_dependencies(/home/gabri/ros2_ws/install/my_doosan_pkg/share/colcon-core/packages/my_doosan_pkg)
[14.586s] DEBUG:colcon.colcon_core.event_handler.log_command:Invoked command in '/home/gabri/ros2_ws/build/gazebo_ros2_control' returned '0': CMAKE_PREFIX_PATH=${CMAKE_PREFIX_PATH}:/home/gabri/ros2_ws/install/my_sphere_pkg:/home/gabri/ros2_ws/install/my_environment_pkg:/home/gabri/ros2_ws/install/my_doosan_pkg:/opt/ros/foxy /usr/bin/cmake --build /home/gabri/ros2_ws/build/gazebo_ros2_control -- -j16 -l16
[14.615s] DEBUG:colcon.colcon_core.event_handler.log_command:Invoking command in '/home/gabri/ros2_ws/build/gazebo_ros2_control': CMAKE_PREFIX_PATH=${CMAKE_PREFIX_PATH}:/home/gabri/ros2_ws/install/my_sphere_pkg:/home/gabri/ros2_ws/install/my_environment_pkg:/home/gabri/ros2_ws/install/my_doosan_pkg:/opt/ros/foxy /usr/bin/cmake --install /home/gabri/ros2_ws/build/gazebo_ros2_control
[14.640s] Level 1:colcon.colcon_core.environment:create_environment_scripts_only(gazebo_ros2_control)
[14.641s] DEBUG:colcon.colcon_core.event_handler.log_command:Invoked command in '/home/gabri/ros2_ws/build/gazebo_ros2_control' returned '0': CMAKE_PREFIX_PATH=${CMAKE_PREFIX_PATH}:/home/gabri/ros2_ws/install/my_sphere_pkg:/home/gabri/ros2_ws/install/my_environment_pkg:/home/gabri/ros2_ws/install/my_doosan_pkg:/opt/ros/foxy /usr/bin/cmake --install /home/gabri/ros2_ws/build/gazebo_ros2_control
[14.642s] Level 1:colcon.colcon_core.environment:checking '/home/gabri/ros2_ws/install/gazebo_ros2_control' for CMake module files
[14.643s] Level 1:colcon.colcon_core.environment:checking '/home/gabri/ros2_ws/install/gazebo_ros2_control' for CMake config files
[14.644s] Level 1:colcon.colcon_core.shell:create_environment_hook('gazebo_ros2_control', 'cmake_prefix_path')
[14.644s] INFO:colcon.colcon_core.shell:Creating environment hook '/home/gabri/ros2_ws/install/gazebo_ros2_control/share/gazebo_ros2_control/hook/cmake_prefix_path.ps1'
[14.645s] INFO:colcon.colcon_core.shell:Creating environment descriptor '/home/gabri/ros2_ws/install/gazebo_ros2_control/share/gazebo_ros2_control/hook/cmake_prefix_path.dsv'
[14.646s] INFO:colcon.colcon_core.shell:Creating environment hook '/home/gabri/ros2_ws/install/gazebo_ros2_control/share/gazebo_ros2_control/hook/cmake_prefix_path.sh'
[14.647s] Level 1:colcon.colcon_core.environment:checking '/home/gabri/ros2_ws/install/gazebo_ros2_control/lib'
[14.647s] Level 1:colcon.colcon_core.shell:create_environment_hook('gazebo_ros2_control', 'ld_library_path_lib')
[14.648s] INFO:colcon.colcon_core.shell:Creating environment hook '/home/gabri/ros2_ws/install/gazebo_ros2_control/share/gazebo_ros2_control/hook/ld_library_path_lib.ps1'
[14.648s] INFO:colcon.colcon_core.shell:Creating environment descriptor '/home/gabri/ros2_ws/install/gazebo_ros2_control/share/gazebo_ros2_control/hook/ld_library_path_lib.dsv'
[14.649s] INFO:colcon.colcon_core.shell:Creating environment hook '/home/gabri/ros2_ws/install/gazebo_ros2_control/share/gazebo_ros2_control/hook/ld_library_path_lib.sh'
[14.649s] Level 1:colcon.colcon_core.environment:checking '/home/gabri/ros2_ws/install/gazebo_ros2_control/bin'
[14.650s] Level 1:colcon.colcon_core.environment:checking '/home/gabri/ros2_ws/install/gazebo_ros2_control/lib/pkgconfig/gazebo_ros2_control.pc'
[14.650s] Level 1:colcon.colcon_core.environment:checking '/home/gabri/ros2_ws/install/gazebo_ros2_control/lib/python3.8/site-packages'
[14.650s] Level 1:colcon.colcon_core.environment:checking '/home/gabri/ros2_ws/install/gazebo_ros2_control/bin'
[14.651s] INFO:colcon.colcon_core.shell:Creating package script '/home/gabri/ros2_ws/install/gazebo_ros2_control/share/gazebo_ros2_control/package.ps1'
[14.652s] INFO:colcon.colcon_core.shell:Creating package descriptor '/home/gabri/ros2_ws/install/gazebo_ros2_control/share/gazebo_ros2_control/package.dsv'
[14.653s] INFO:colcon.colcon_core.shell:Creating package script '/home/gabri/ros2_ws/install/gazebo_ros2_control/share/gazebo_ros2_control/package.sh'
[14.653s] INFO:colcon.colcon_core.shell:Creating package script '/home/gabri/ros2_ws/install/gazebo_ros2_control/share/gazebo_ros2_control/package.bash'
[14.654s] INFO:colcon.colcon_core.shell:Creating package script '/home/gabri/ros2_ws/install/gazebo_ros2_control/share/gazebo_ros2_control/package.zsh'
[14.654s] Level 1:colcon.colcon_core.environment:create_file_with_runtime_dependencies(/home/gabri/ros2_ws/install/gazebo_ros2_control/share/colcon-core/packages/gazebo_ros2_control)
[14.655s] Level 1:colcon.colcon_core.environment:create_environment_scripts_only(gazebo_ros2_control)
[14.655s] Level 1:colcon.colcon_core.environment:checking '/home/gabri/ros2_ws/install/gazebo_ros2_control' for CMake module files
[14.655s] Level 1:colcon.colcon_core.environment:checking '/home/gabri/ros2_ws/install/gazebo_ros2_control' for CMake config files
[14.656s] Level 1:colcon.colcon_core.shell:create_environment_hook('gazebo_ros2_control', 'cmake_prefix_path')
[14.656s] INFO:colcon.colcon_core.shell:Creating environment hook '/home/gabri/ros2_ws/install/gazebo_ros2_control/share/gazebo_ros2_control/hook/cmake_prefix_path.ps1'
[14.656s] INFO:colcon.colcon_core.shell:Creating environment descriptor '/home/gabri/ros2_ws/install/gazebo_ros2_control/share/gazebo_ros2_control/hook/cmake_prefix_path.dsv'
[14.656s] INFO:colcon.colcon_core.shell:Creating environment hook '/home/gabri/ros2_ws/install/gazebo_ros2_control/share/gazebo_ros2_control/hook/cmake_prefix_path.sh'
[14.657s] Level 1:colcon.colcon_core.environment:checking '/home/gabri/ros2_ws/install/gazebo_ros2_control/lib'
[14.657s] Level 1:colcon.colcon_core.shell:create_environment_hook('gazebo_ros2_control', 'ld_library_path_lib')
[14.657s] INFO:colcon.colcon_core.shell:Creating environment hook '/home/gabri/ros2_ws/install/gazebo_ros2_control/share/gazebo_ros2_control/hook/ld_library_path_lib.ps1'
[14.657s] INFO:colcon.colcon_core.shell:Creating environment descriptor '/home/gabri/ros2_ws/install/gazebo_ros2_control/share/gazebo_ros2_control/hook/ld_library_path_lib.dsv'
[14.657s] INFO:colcon.colcon_core.shell:Creating environment hook '/home/gabri/ros2_ws/install/gazebo_ros2_control/share/gazebo_ros2_control/hook/ld_library_path_lib.sh'
[14.658s] Level 1:colcon.colcon_core.environment:checking '/home/gabri/ros2_ws/install/gazebo_ros2_control/bin'
[14.658s] Level 1:colcon.colcon_core.environment:checking '/home/gabri/ros2_ws/install/gazebo_ros2_control/lib/pkgconfig/gazebo_ros2_control.pc'
[14.658s] Level 1:colcon.colcon_core.environment:checking '/home/gabri/ros2_ws/install/gazebo_ros2_control/lib/python3.8/site-packages'
[14.658s] Level 1:colcon.colcon_core.environment:checking '/home/gabri/ros2_ws/install/gazebo_ros2_control/bin'
[14.658s] INFO:colcon.colcon_core.shell:Creating package script '/home/gabri/ros2_ws/install/gazebo_ros2_control/share/gazebo_ros2_control/package.ps1'
[14.659s] INFO:colcon.colcon_core.shell:Creating package descriptor '/home/gabri/ros2_ws/install/gazebo_ros2_control/share/gazebo_ros2_control/package.dsv'
[14.659s] INFO:colcon.colcon_core.shell:Creating package script '/home/gabri/ros2_ws/install/gazebo_ros2_control/share/gazebo_ros2_control/package.sh'
[14.660s] INFO:colcon.colcon_core.shell:Creating package script '/home/gabri/ros2_ws/install/gazebo_ros2_control/share/gazebo_ros2_control/package.bash'
[14.660s] INFO:colcon.colcon_core.shell:Creating package script '/home/gabri/ros2_ws/install/gazebo_ros2_control/share/gazebo_ros2_control/package.zsh'
[14.660s] Level 1:colcon.colcon_core.environment:create_file_with_runtime_dependencies(/home/gabri/ros2_ws/install/gazebo_ros2_control/share/colcon-core/packages/gazebo_ros2_control)
[14.660s] INFO:colcon.colcon_ros.task.ament_cmake.build:Building ROS package in '/home/gabri/ros2_ws/src/gazebo_ros2_control/gazebo_ros2_control_demos' with build type 'ament_cmake'
[14.661s] INFO:colcon.colcon_cmake.task.cmake.build:Building CMake package in '/home/gabri/ros2_ws/src/gazebo_ros2_control/gazebo_ros2_control_demos'
[14.661s] INFO:colcon.colcon_core.shell:Skip shell extension 'powershell' for command environment: Not usable outside of PowerShell
[14.661s] DEBUG:colcon.colcon_core.shell:Skip shell extension 'dsv' for command environment
[14.684s] DEBUG:colcon.colcon_core.event_handler.log_command:Invoking command in '/home/gabri/ros2_ws/build/gazebo_ros2_control_demos': CMAKE_PREFIX_PATH=/home/gabri/ros2_ws/install/gazebo_ros2_control:/home/gabri/ros2_ws/install/gazebo_ros2_control_demos:/home/gabri/ros2_ws/install/my_sphere_pkg:/home/gabri/ros2_ws/install/my_environment_pkg:/home/gabri/ros2_ws/install/my_doosan_pkg:/opt/ros/foxy /usr/bin/cmake --build /home/gabri/ros2_ws/build/gazebo_ros2_control_demos -- -j16 -l16
[19.176s] DEBUG:colcon.colcon_core.event_handler.log_command:Invoked command in '/home/gabri/ros2_ws/build/gazebo_ros2_control_demos' returned '0': CMAKE_PREFIX_PATH=/home/gabri/ros2_ws/install/gazebo_ros2_control:/home/gabri/ros2_ws/install/gazebo_ros2_control_demos:/home/gabri/ros2_ws/install/my_sphere_pkg:/home/gabri/ros2_ws/install/my_environment_pkg:/home/gabri/ros2_ws/install/my_doosan_pkg:/opt/ros/foxy /usr/bin/cmake --build /home/gabri/ros2_ws/build/gazebo_ros2_control_demos -- -j16 -l16
[19.183s] DEBUG:colcon.colcon_core.event_handler.log_command:Invoking command in '/home/gabri/ros2_ws/build/gazebo_ros2_control_demos': CMAKE_PREFIX_PATH=/home/gabri/ros2_ws/install/gazebo_ros2_control:/home/gabri/ros2_ws/install/gazebo_ros2_control_demos:/home/gabri/ros2_ws/install/my_sphere_pkg:/home/gabri/ros2_ws/install/my_environment_pkg:/home/gabri/ros2_ws/install/my_doosan_pkg:/opt/ros/foxy /usr/bin/cmake --install /home/gabri/ros2_ws/build/gazebo_ros2_control_demos
[19.204s] Level 1:colcon.colcon_core.environment:create_environment_scripts_only(gazebo_ros2_control_demos)
[19.204s] Level 1:colcon.colcon_core.environment:checking '/home/gabri/ros2_ws/install/gazebo_ros2_control_demos' for CMake module files
[19.205s] DEBUG:colcon.colcon_core.event_handler.log_command:Invoked command in '/home/gabri/ros2_ws/build/gazebo_ros2_control_demos' returned '0': CMAKE_PREFIX_PATH=/home/gabri/ros2_ws/install/gazebo_ros2_control:/home/gabri/ros2_ws/install/gazebo_ros2_control_demos:/home/gabri/ros2_ws/install/my_sphere_pkg:/home/gabri/ros2_ws/install/my_environment_pkg:/home/gabri/ros2_ws/install/my_doosan_pkg:/opt/ros/foxy /usr/bin/cmake --install /home/gabri/ros2_ws/build/gazebo_ros2_control_demos
[19.205s] Level 1:colcon.colcon_core.environment:checking '/home/gabri/ros2_ws/install/gazebo_ros2_control_demos' for CMake config files
[19.206s] Level 1:colcon.colcon_core.shell:create_environment_hook('gazebo_ros2_control_demos', 'cmake_prefix_path')
[19.206s] INFO:colcon.colcon_core.shell:Creating environment hook '/home/gabri/ros2_ws/install/gazebo_ros2_control_demos/share/gazebo_ros2_control_demos/hook/cmake_prefix_path.ps1'
[19.206s] INFO:colcon.colcon_core.shell:Creating environment descriptor '/home/gabri/ros2_ws/install/gazebo_ros2_control_demos/share/gazebo_ros2_control_demos/hook/cmake_prefix_path.dsv'
[19.207s] INFO:colcon.colcon_core.shell:Creating environment hook '/home/gabri/ros2_ws/install/gazebo_ros2_control_demos/share/gazebo_ros2_control_demos/hook/cmake_prefix_path.sh'
[19.207s] Level 1:colcon.colcon_core.environment:checking '/home/gabri/ros2_ws/install/gazebo_ros2_control_demos/lib'
[19.207s] Level 1:colcon.colcon_core.environment:checking '/home/gabri/ros2_ws/install/gazebo_ros2_control_demos/bin'
[19.207s] Level 1:colcon.colcon_core.environment:checking '/home/gabri/ros2_ws/install/gazebo_ros2_control_demos/lib/pkgconfig/gazebo_ros2_control_demos.pc'
[19.207s] Level 1:colcon.colcon_core.environment:checking '/home/gabri/ros2_ws/install/gazebo_ros2_control_demos/lib/python3.8/site-packages'
[19.207s] Level 1:colcon.colcon_core.environment:checking '/home/gabri/ros2_ws/install/gazebo_ros2_control_demos/bin'
[19.208s] INFO:colcon.colcon_core.shell:Creating package script '/home/gabri/ros2_ws/install/gazebo_ros2_control_demos/share/gazebo_ros2_control_demos/package.ps1'
[19.208s] INFO:colcon.colcon_core.shell:Creating package descriptor '/home/gabri/ros2_ws/install/gazebo_ros2_control_demos/share/gazebo_ros2_control_demos/package.dsv'
[19.209s] INFO:colcon.colcon_core.shell:Creating package script '/home/gabri/ros2_ws/install/gazebo_ros2_control_demos/share/gazebo_ros2_control_demos/package.sh'
[19.209s] INFO:colcon.colcon_core.shell:Creating package script '/home/gabri/ros2_ws/install/gazebo_ros2_control_demos/share/gazebo_ros2_control_demos/package.bash'
[19.210s] INFO:colcon.colcon_core.shell:Creating package script '/home/gabri/ros2_ws/install/gazebo_ros2_control_demos/share/gazebo_ros2_control_demos/package.zsh'
[19.210s] Level 1:colcon.colcon_core.environment:create_file_with_runtime_dependencies(/home/gabri/ros2_ws/install/gazebo_ros2_control_demos/share/colcon-core/packages/gazebo_ros2_control_demos)
[19.210s] Level 1:colcon.colcon_core.environment:create_environment_scripts_only(gazebo_ros2_control_demos)
[19.211s] Level 1:colcon.colcon_core.environment:checking '/home/gabri/ros2_ws/install/gazebo_ros2_control_demos' for CMake module files
[19.211s] Level 1:colcon.colcon_core.environment:checking '/home/gabri/ros2_ws/install/gazebo_ros2_control_demos' for CMake config files
[19.211s] Level 1:colcon.colcon_core.shell:create_environment_hook('gazebo_ros2_control_demos', 'cmake_prefix_path')
[19.211s] INFO:colcon.colcon_core.shell:Creating environment hook '/home/gabri/ros2_ws/install/gazebo_ros2_control_demos/share/gazebo_ros2_control_demos/hook/cmake_prefix_path.ps1'
[19.212s] INFO:colcon.colcon_core.shell:Creating environment descriptor '/home/gabri/ros2_ws/install/gazebo_ros2_control_demos/share/gazebo_ros2_control_demos/hook/cmake_prefix_path.dsv'
[19.212s] INFO:colcon.colcon_core.shell:Creating environment hook '/home/gabri/ros2_ws/install/gazebo_ros2_control_demos/share/gazebo_ros2_control_demos/hook/cmake_prefix_path.sh'
[19.212s] Level 1:colcon.colcon_core.environment:checking '/home/gabri/ros2_ws/install/gazebo_ros2_control_demos/lib'
[19.212s] Level 1:colcon.colcon_core.environment:checking '/home/gabri/ros2_ws/install/gazebo_ros2_control_demos/bin'
[19.212s] Level 1:colcon.colcon_core.environment:checking '/home/gabri/ros2_ws/install/gazebo_ros2_control_demos/lib/pkgconfig/gazebo_ros2_control_demos.pc'
[19.213s] Level 1:colcon.colcon_core.environment:checking '/home/gabri/ros2_ws/install/gazebo_ros2_control_demos/lib/python3.8/site-packages'
[19.213s] Level 1:colcon.colcon_core.environment:checking '/home/gabri/ros2_ws/install/gazebo_ros2_control_demos/bin'
[19.213s] INFO:colcon.colcon_core.shell:Creating package script '/home/gabri/ros2_ws/install/gazebo_ros2_control_demos/share/gazebo_ros2_control_demos/package.ps1'
[19.213s] INFO:colcon.colcon_core.shell:Creating package descriptor '/home/gabri/ros2_ws/install/gazebo_ros2_control_demos/share/gazebo_ros2_control_demos/package.dsv'
[19.214s] INFO:colcon.colcon_core.shell:Creating package script '/home/gabri/ros2_ws/install/gazebo_ros2_control_demos/share/gazebo_ros2_control_demos/package.sh'
[19.214s] INFO:colcon.colcon_core.shell:Creating package script '/home/gabri/ros2_ws/install/gazebo_ros2_control_demos/share/gazebo_ros2_control_demos/package.bash'
[19.214s] INFO:colcon.colcon_core.shell:Creating package script '/home/gabri/ros2_ws/install/gazebo_ros2_control_demos/share/gazebo_ros2_control_demos/package.zsh'
[19.214s] Level 1:colcon.colcon_core.environment:create_file_with_runtime_dependencies(/home/gabri/ros2_ws/install/gazebo_ros2_control_demos/share/colcon-core/packages/gazebo_ros2_control_demos)
[19.215s] DEBUG:colcon.colcon_parallel_executor.executor.parallel:closing loop
[19.215s] DEBUG:colcon.colcon_parallel_executor.executor.parallel:loop closed
[19.215s] DEBUG:colcon.colcon_parallel_executor.executor.parallel:run_until_complete finished with '0'
[19.215s] DEBUG:colcon.colcon_core.event_reactor:joining thread
[19.224s] INFO:colcon.colcon_core.plugin_system:Skipping extension 'colcon_notification.desktop_notification.terminal_notifier': Not used on non-Darwin systems
[19.224s] INFO:colcon.colcon_core.plugin_system:Skipping extension 'colcon_notification.desktop_notification.win32': Not used on non-Windows systems
[19.224s] INFO:colcon.colcon_notification.desktop_notification:Sending desktop notification using 'notify2'
[19.249s] DEBUG:colcon.colcon_core.event_reactor:joined thread
[19.249s] INFO:colcon.colcon_core.shell:Creating prefix script '/home/gabri/ros2_ws/install/local_setup.ps1'
[19.251s] INFO:colcon.colcon_core.shell:Creating prefix util module '/home/gabri/ros2_ws/install/_local_setup_util_ps1.py'
[19.254s] INFO:colcon.colcon_core.shell:Creating prefix chain script '/home/gabri/ros2_ws/install/setup.ps1'
[19.255s] INFO:colcon.colcon_core.shell:Creating prefix script '/home/gabri/ros2_ws/install/local_setup.sh'
[19.257s] INFO:colcon.colcon_core.shell:Creating prefix util module '/home/gabri/ros2_ws/install/_local_setup_util_sh.py'
[19.258s] INFO:colcon.colcon_core.shell:Creating prefix chain script '/home/gabri/ros2_ws/install/setup.sh'
[19.259s] INFO:colcon.colcon_core.shell:Creating prefix script '/home/gabri/ros2_ws/install/local_setup.bash'
[19.259s] INFO:colcon.colcon_core.shell:Creating prefix chain script '/home/gabri/ros2_ws/install/setup.bash'
[19.260s] INFO:colcon.colcon_core.shell:Creating prefix script '/home/gabri/ros2_ws/install/local_setup.zsh'
[19.260s] INFO:colcon.colcon_core.shell:Creating prefix chain script '/home/gabri/ros2_ws/install/setup.zsh'
