[0.257s] DEBUG:colcon:Command line arguments: ['/usr/bin/colcon', 'build']
[0.257s] DEBUG:colcon:Parsed command line arguments: Namespace(allow_overriding=[], ament_cmake_args=None, base_paths=['.'], build_base='build', catkin_cmake_args=None, catkin_skip_building_tests=False, cmake_args=None, cmake_clean_cache=False, cmake_clean_first=False, cmake_force_configure=False, cmake_target=None, cmake_target_skip_unavailable=False, continue_on_error=False, event_handlers=None, executor='parallel', ignore_user_meta=False, install_base='install', log_base=None, log_level=None, main=<bound method BuildVerb.main of <colcon_core.verb.build.BuildVerb object at 0x7fc644b0d1f0>>, merge_install=False, metas=['./colcon.meta'], mixin=None, mixin_files=None, mixin_verb=('build',), packages_above=None, packages_above_and_dependencies=None, packages_above_depth=None, packages_end=None, packages_ignore=None, packages_ignore_regex=None, packages_select=None, packages_select_build_failed=False, packages_select_by_dep=None, packages_select_regex=None, packages_select_test_failures=False, packages_skip=None, packages_skip_build_finished=False, packages_skip_by_dep=None, packages_skip_regex=None, packages_skip_test_passed=False, packages_skip_up_to=None, packages_start=None, packages_up_to=None, packages_up_to_regex=None, parallel_workers=16, paths=None, symlink_install=False, test_result_base=None, verb_extension=<colcon_core.verb.build.BuildVerb object at 0x7fc644b0d1f0>, verb_name='build', verb_parser=<colcon_mixin.mixin.mixin_argument.MixinArgumentDecorator object at 0x7fc644a5e7c0>)
[0.451s] Level 1:colcon.colcon_core.package_discovery:discover_packages(colcon_meta) check parameters
[0.451s] Level 1:colcon.colcon_core.package_discovery:discover_packages(recursive) check parameters
[0.451s] Level 1:colcon.colcon_core.package_discovery:discover_packages(ignore) check parameters
[0.451s] Level 1:colcon.colcon_core.package_discovery:discover_packages(path) check parameters
[0.451s] Level 1:colcon.colcon_core.package_discovery:discover_packages(colcon_meta) discover
[0.451s] Level 1:colcon.colcon_core.package_discovery:discover_packages(recursive) discover
[0.451s] INFO:colcon.colcon_core.package_discovery:Crawling recursively for packages in '/home/gabri/ros2_ws'
[0.451s] Level 1:colcon.colcon_core.package_identification:_identify(.) by extensions ['ignore', 'ignore_ament_install']
[0.452s] Level 1:colcon.colcon_core.package_identification:_identify(.) by extension 'ignore'
[0.452s] Level 1:colcon.colcon_core.package_identification:_identify(.) by extension 'ignore_ament_install'
[0.452s] Level 1:colcon.colcon_core.package_identification:_identify(.) by extensions ['colcon_pkg']
[0.452s] Level 1:colcon.colcon_core.package_identification:_identify(.) by extension 'colcon_pkg'
[0.452s] Level 1:colcon.colcon_core.package_identification:_identify(.) by extensions ['colcon_meta']
[0.452s] Level 1:colcon.colcon_core.package_identification:_identify(.) by extension 'colcon_meta'
[0.452s] Level 1:colcon.colcon_core.package_identification:_identify(.) by extensions ['ros']
[0.452s] Level 1:colcon.colcon_core.package_identification:_identify(.) by extension 'ros'
[0.465s] Level 1:colcon.colcon_core.package_identification:_identify(.) by extensions ['cmake', 'python']
[0.465s] Level 1:colcon.colcon_core.package_identification:_identify(.) by extension 'cmake'
[0.465s] Level 1:colcon.colcon_core.package_identification:_identify(.) by extension 'python'
[0.466s] Level 1:colcon.colcon_core.package_identification:_identify(.) by extensions ['python_setup_py']
[0.466s] Level 1:colcon.colcon_core.package_identification:_identify(.) by extension 'python_setup_py'
[0.466s] Level 1:colcon.colcon_core.package_identification:_identify(build) by extensions ['ignore', 'ignore_ament_install']
[0.466s] Level 1:colcon.colcon_core.package_identification:_identify(build) by extension 'ignore'
[0.466s] Level 1:colcon.colcon_core.package_identification:_identify(build) ignored
[0.466s] Level 1:colcon.colcon_core.package_identification:_identify(install) by extensions ['ignore', 'ignore_ament_install']
[0.466s] Level 1:colcon.colcon_core.package_identification:_identify(install) by extension 'ignore'
[0.466s] Level 1:colcon.colcon_core.package_identification:_identify(install) ignored
[0.466s] Level 1:colcon.colcon_core.package_identification:_identify(log) by extensions ['ignore', 'ignore_ament_install']
[0.466s] Level 1:colcon.colcon_core.package_identification:_identify(log) by extension 'ignore'
[0.467s] Level 1:colcon.colcon_core.package_identification:_identify(log) ignored
[0.467s] Level 1:colcon.colcon_core.package_identification:_identify(src) by extensions ['ignore', 'ignore_ament_install']
[0.467s] Level 1:colcon.colcon_core.package_identification:_identify(src) by extension 'ignore'
[0.467s] Level 1:colcon.colcon_core.package_identification:_identify(src) by extension 'ignore_ament_install'
[0.467s] Level 1:colcon.colcon_core.package_identification:_identify(src) by extensions ['colcon_pkg']
[0.467s] Level 1:colcon.colcon_core.package_identification:_identify(src) by extension 'colcon_pkg'
[0.467s] Level 1:colcon.colcon_core.package_identification:_identify(src) by extensions ['colcon_meta']
[0.467s] Level 1:colcon.colcon_core.package_identification:_identify(src) by extension 'colcon_meta'
[0.467s] Level 1:colcon.colcon_core.package_identification:_identify(src) by extensions ['ros']
[0.467s] Level 1:colcon.colcon_core.package_identification:_identify(src) by extension 'ros'
[0.467s] Level 1:colcon.colcon_core.package_identification:_identify(src) by extensions ['cmake', 'python']
[0.467s] Level 1:colcon.colcon_core.package_identification:_identify(src) by extension 'cmake'
[0.467s] Level 1:colcon.colcon_core.package_identification:_identify(src) by extension 'python'
[0.467s] Level 1:colcon.colcon_core.package_identification:_identify(src) by extensions ['python_setup_py']
[0.467s] Level 1:colcon.colcon_core.package_identification:_identify(src) by extension 'python_setup_py'
[0.467s] Level 1:colcon.colcon_core.package_identification:_identify(src/build) by extensions ['ignore', 'ignore_ament_install']
[0.468s] Level 1:colcon.colcon_core.package_identification:_identify(src/build) by extension 'ignore'
[0.468s] Level 1:colcon.colcon_core.package_identification:_identify(src/build) ignored
[0.468s] Level 1:colcon.colcon_core.package_identification:_identify(src/gazebo_ros2_control) by extensions ['ignore', 'ignore_ament_install']
[0.468s] Level 1:colcon.colcon_core.package_identification:_identify(src/gazebo_ros2_control) by extension 'ignore'
[0.468s] Level 1:colcon.colcon_core.package_identification:_identify(src/gazebo_ros2_control) by extension 'ignore_ament_install'
[0.468s] Level 1:colcon.colcon_core.package_identification:_identify(src/gazebo_ros2_control) by extensions ['colcon_pkg']
[0.468s] Level 1:colcon.colcon_core.package_identification:_identify(src/gazebo_ros2_control) by extension 'colcon_pkg'
[0.468s] Level 1:colcon.colcon_core.package_identification:_identify(src/gazebo_ros2_control) by extensions ['colcon_meta']
[0.468s] Level 1:colcon.colcon_core.package_identification:_identify(src/gazebo_ros2_control) by extension 'colcon_meta'
[0.468s] Level 1:colcon.colcon_core.package_identification:_identify(src/gazebo_ros2_control) by extensions ['ros']
[0.468s] Level 1:colcon.colcon_core.package_identification:_identify(src/gazebo_ros2_control) by extension 'ros'
[0.468s] Level 1:colcon.colcon_core.package_identification:_identify(src/gazebo_ros2_control) by extensions ['cmake', 'python']
[0.468s] Level 1:colcon.colcon_core.package_identification:_identify(src/gazebo_ros2_control) by extension 'cmake'
[0.468s] Level 1:colcon.colcon_core.package_identification:_identify(src/gazebo_ros2_control) by extension 'python'
[0.468s] Level 1:colcon.colcon_core.package_identification:_identify(src/gazebo_ros2_control) by extensions ['python_setup_py']
[0.468s] Level 1:colcon.colcon_core.package_identification:_identify(src/gazebo_ros2_control) by extension 'python_setup_py'
[0.469s] Level 1:colcon.colcon_core.package_identification:_identify(src/gazebo_ros2_control/Docker) by extensions ['ignore', 'ignore_ament_install']
[0.469s] Level 1:colcon.colcon_core.package_identification:_identify(src/gazebo_ros2_control/Docker) by extension 'ignore'
[0.469s] Level 1:colcon.colcon_core.package_identification:_identify(src/gazebo_ros2_control/Docker) by extension 'ignore_ament_install'
[0.469s] Level 1:colcon.colcon_core.package_identification:_identify(src/gazebo_ros2_control/Docker) by extensions ['colcon_pkg']
[0.469s] Level 1:colcon.colcon_core.package_identification:_identify(src/gazebo_ros2_control/Docker) by extension 'colcon_pkg'
[0.469s] Level 1:colcon.colcon_core.package_identification:_identify(src/gazebo_ros2_control/Docker) by extensions ['colcon_meta']
[0.469s] Level 1:colcon.colcon_core.package_identification:_identify(src/gazebo_ros2_control/Docker) by extension 'colcon_meta'
[0.469s] Level 1:colcon.colcon_core.package_identification:_identify(src/gazebo_ros2_control/Docker) by extensions ['ros']
[0.469s] Level 1:colcon.colcon_core.package_identification:_identify(src/gazebo_ros2_control/Docker) by extension 'ros'
[0.469s] Level 1:colcon.colcon_core.package_identification:_identify(src/gazebo_ros2_control/Docker) by extensions ['cmake', 'python']
[0.469s] Level 1:colcon.colcon_core.package_identification:_identify(src/gazebo_ros2_control/Docker) by extension 'cmake'
[0.469s] Level 1:colcon.colcon_core.package_identification:_identify(src/gazebo_ros2_control/Docker) by extension 'python'
[0.469s] Level 1:colcon.colcon_core.package_identification:_identify(src/gazebo_ros2_control/Docker) by extensions ['python_setup_py']
[0.469s] Level 1:colcon.colcon_core.package_identification:_identify(src/gazebo_ros2_control/Docker) by extension 'python_setup_py'
[0.469s] Level 1:colcon.colcon_core.package_identification:_identify(src/gazebo_ros2_control/gazebo_ros2_control) by extensions ['ignore', 'ignore_ament_install']
[0.470s] Level 1:colcon.colcon_core.package_identification:_identify(src/gazebo_ros2_control/gazebo_ros2_control) by extension 'ignore'
[0.470s] Level 1:colcon.colcon_core.package_identification:_identify(src/gazebo_ros2_control/gazebo_ros2_control) by extension 'ignore_ament_install'
[0.470s] Level 1:colcon.colcon_core.package_identification:_identify(src/gazebo_ros2_control/gazebo_ros2_control) by extensions ['colcon_pkg']
[0.470s] Level 1:colcon.colcon_core.package_identification:_identify(src/gazebo_ros2_control/gazebo_ros2_control) by extension 'colcon_pkg'
[0.470s] Level 1:colcon.colcon_core.package_identification:_identify(src/gazebo_ros2_control/gazebo_ros2_control) by extensions ['colcon_meta']
[0.470s] Level 1:colcon.colcon_core.package_identification:_identify(src/gazebo_ros2_control/gazebo_ros2_control) by extension 'colcon_meta'
[0.470s] Level 1:colcon.colcon_core.package_identification:_identify(src/gazebo_ros2_control/gazebo_ros2_control) by extensions ['ros']
[0.470s] Level 1:colcon.colcon_core.package_identification:_identify(src/gazebo_ros2_control/gazebo_ros2_control) by extension 'ros'
[0.474s] DEBUG:colcon.colcon_core.package_identification:Package 'src/gazebo_ros2_control/gazebo_ros2_control' with type 'ros.ament_cmake' and name 'gazebo_ros2_control'
[0.474s] Level 1:colcon.colcon_core.package_identification:_identify(src/gazebo_ros2_control/gazebo_ros2_control_demos) by extensions ['ignore', 'ignore_ament_install']
[0.474s] Level 1:colcon.colcon_core.package_identification:_identify(src/gazebo_ros2_control/gazebo_ros2_control_demos) by extension 'ignore'
[0.475s] Level 1:colcon.colcon_core.package_identification:_identify(src/gazebo_ros2_control/gazebo_ros2_control_demos) by extension 'ignore_ament_install'
[0.475s] Level 1:colcon.colcon_core.package_identification:_identify(src/gazebo_ros2_control/gazebo_ros2_control_demos) by extensions ['colcon_pkg']
[0.475s] Level 1:colcon.colcon_core.package_identification:_identify(src/gazebo_ros2_control/gazebo_ros2_control_demos) by extension 'colcon_pkg'
[0.475s] Level 1:colcon.colcon_core.package_identification:_identify(src/gazebo_ros2_control/gazebo_ros2_control_demos) by extensions ['colcon_meta']
[0.475s] Level 1:colcon.colcon_core.package_identification:_identify(src/gazebo_ros2_control/gazebo_ros2_control_demos) by extension 'colcon_meta'
[0.475s] Level 1:colcon.colcon_core.package_identification:_identify(src/gazebo_ros2_control/gazebo_ros2_control_demos) by extensions ['ros']
[0.475s] Level 1:colcon.colcon_core.package_identification:_identify(src/gazebo_ros2_control/gazebo_ros2_control_demos) by extension 'ros'
[0.476s] DEBUG:colcon.colcon_core.package_identification:Package 'src/gazebo_ros2_control/gazebo_ros2_control_demos' with type 'ros.ament_cmake' and name 'gazebo_ros2_control_demos'
[0.476s] Level 1:colcon.colcon_core.package_identification:_identify(src/gazebo_ros2_control/img) by extensions ['ignore', 'ignore_ament_install']
[0.476s] Level 1:colcon.colcon_core.package_identification:_identify(src/gazebo_ros2_control/img) by extension 'ignore'
[0.476s] Level 1:colcon.colcon_core.package_identification:_identify(src/gazebo_ros2_control/img) by extension 'ignore_ament_install'
[0.476s] Level 1:colcon.colcon_core.package_identification:_identify(src/gazebo_ros2_control/img) by extensions ['colcon_pkg']
[0.477s] Level 1:colcon.colcon_core.package_identification:_identify(src/gazebo_ros2_control/img) by extension 'colcon_pkg'
[0.477s] Level 1:colcon.colcon_core.package_identification:_identify(src/gazebo_ros2_control/img) by extensions ['colcon_meta']
[0.477s] Level 1:colcon.colcon_core.package_identification:_identify(src/gazebo_ros2_control/img) by extension 'colcon_meta'
[0.477s] Level 1:colcon.colcon_core.package_identification:_identify(src/gazebo_ros2_control/img) by extensions ['ros']
[0.477s] Level 1:colcon.colcon_core.package_identification:_identify(src/gazebo_ros2_control/img) by extension 'ros'
[0.477s] Level 1:colcon.colcon_core.package_identification:_identify(src/gazebo_ros2_control/img) by extensions ['cmake', 'python']
[0.477s] Level 1:colcon.colcon_core.package_identification:_identify(src/gazebo_ros2_control/img) by extension 'cmake'
[0.477s] Level 1:colcon.colcon_core.package_identification:_identify(src/gazebo_ros2_control/img) by extension 'python'
[0.477s] Level 1:colcon.colcon_core.package_identification:_identify(src/gazebo_ros2_control/img) by extensions ['python_setup_py']
[0.477s] Level 1:colcon.colcon_core.package_identification:_identify(src/gazebo_ros2_control/img) by extension 'python_setup_py'
[0.477s] Level 1:colcon.colcon_core.package_identification:_identify(src/install) by extensions ['ignore', 'ignore_ament_install']
[0.477s] Level 1:colcon.colcon_core.package_identification:_identify(src/install) by extension 'ignore'
[0.477s] Level 1:colcon.colcon_core.package_identification:_identify(src/install) ignored
[0.477s] Level 1:colcon.colcon_core.package_identification:_identify(src/log) by extensions ['ignore', 'ignore_ament_install']
[0.478s] Level 1:colcon.colcon_core.package_identification:_identify(src/log) by extension 'ignore'
[0.478s] Level 1:colcon.colcon_core.package_identification:_identify(src/log) ignored
[0.478s] Level 1:colcon.colcon_core.package_identification:_identify(src/my_doosan_pkg) by extensions ['ignore', 'ignore_ament_install']
[0.478s] Level 1:colcon.colcon_core.package_identification:_identify(src/my_doosan_pkg) by extension 'ignore'
[0.478s] Level 1:colcon.colcon_core.package_identification:_identify(src/my_doosan_pkg) by extension 'ignore_ament_install'
[0.478s] Level 1:colcon.colcon_core.package_identification:_identify(src/my_doosan_pkg) by extensions ['colcon_pkg']
[0.478s] Level 1:colcon.colcon_core.package_identification:_identify(src/my_doosan_pkg) by extension 'colcon_pkg'
[0.478s] Level 1:colcon.colcon_core.package_identification:_identify(src/my_doosan_pkg) by extensions ['colcon_meta']
[0.478s] Level 1:colcon.colcon_core.package_identification:_identify(src/my_doosan_pkg) by extension 'colcon_meta'
[0.478s] Level 1:colcon.colcon_core.package_identification:_identify(src/my_doosan_pkg) by extensions ['ros']
[0.478s] Level 1:colcon.colcon_core.package_identification:_identify(src/my_doosan_pkg) by extension 'ros'
[0.479s] DEBUG:colcon.colcon_core.package_identification:Package 'src/my_doosan_pkg' with type 'ros.ament_python' and name 'my_doosan_pkg'
[0.479s] Level 1:colcon.colcon_core.package_discovery:discover_packages(recursive) using defaults
[0.479s] Level 1:colcon.colcon_core.package_discovery:discover_packages(ignore) discover
[0.479s] Level 1:colcon.colcon_core.package_discovery:discover_packages(ignore) using defaults
[0.479s] Level 1:colcon.colcon_core.package_discovery:discover_packages(path) discover
[0.479s] Level 1:colcon.colcon_core.package_discovery:discover_packages(path) using defaults
[0.520s] Level 1:colcon.colcon_core.package_discovery:discover_packages(prefix_path) check parameters
[0.520s] Level 1:colcon.colcon_core.package_discovery:discover_packages(prefix_path) discover
[0.522s] DEBUG:colcon.colcon_installed_package_information.package_discovery:Found 5 installed packages in /home/gabri/ros2_ws/install
[0.524s] DEBUG:colcon.colcon_installed_package_information.package_discovery:Found 290 installed packages in /opt/ros/foxy
[0.526s] Level 1:colcon.colcon_core.package_discovery:discover_packages(prefix_path) using defaults
[0.600s] Level 5:colcon.colcon_core.verb:set package 'gazebo_ros2_control' build argument 'cmake_args' from command line to 'None'
[0.600s] Level 5:colcon.colcon_core.verb:set package 'gazebo_ros2_control' build argument 'cmake_target' from command line to 'None'
[0.600s] Level 5:colcon.colcon_core.verb:set package 'gazebo_ros2_control' build argument 'cmake_target_skip_unavailable' from command line to 'False'
[0.600s] Level 5:colcon.colcon_core.verb:set package 'gazebo_ros2_control' build argument 'cmake_clean_cache' from command line to 'False'
[0.600s] Level 5:colcon.colcon_core.verb:set package 'gazebo_ros2_control' build argument 'cmake_clean_first' from command line to 'False'
[0.600s] Level 5:colcon.colcon_core.verb:set package 'gazebo_ros2_control' build argument 'cmake_force_configure' from command line to 'False'
[0.600s] Level 5:colcon.colcon_core.verb:set package 'gazebo_ros2_control' build argument 'ament_cmake_args' from command line to 'None'
[0.600s] Level 5:colcon.colcon_core.verb:set package 'gazebo_ros2_control' build argument 'catkin_cmake_args' from command line to 'None'
[0.600s] Level 5:colcon.colcon_core.verb:set package 'gazebo_ros2_control' build argument 'catkin_skip_building_tests' from command line to 'False'
[0.600s] DEBUG:colcon.colcon_core.verb:Building package 'gazebo_ros2_control' with the following arguments: {'ament_cmake_args': None, 'build_base': '/home/gabri/ros2_ws/build/gazebo_ros2_control', 'catkin_cmake_args': None, 'catkin_skip_building_tests': False, 'cmake_args': None, 'cmake_clean_cache': False, 'cmake_clean_first': False, 'cmake_force_configure': False, 'cmake_target': None, 'cmake_target_skip_unavailable': False, 'install_base': '/home/gabri/ros2_ws/install/gazebo_ros2_control', 'merge_install': False, 'path': '/home/gabri/ros2_ws/src/gazebo_ros2_control/gazebo_ros2_control', 'symlink_install': False, 'test_result_base': None}
[0.601s] Level 5:colcon.colcon_core.verb:set package 'my_doosan_pkg' build argument 'cmake_args' from command line to 'None'
[0.601s] Level 5:colcon.colcon_core.verb:set package 'my_doosan_pkg' build argument 'cmake_target' from command line to 'None'
[0.601s] Level 5:colcon.colcon_core.verb:set package 'my_doosan_pkg' build argument 'cmake_target_skip_unavailable' from command line to 'False'
[0.601s] Level 5:colcon.colcon_core.verb:set package 'my_doosan_pkg' build argument 'cmake_clean_cache' from command line to 'False'
[0.601s] Level 5:colcon.colcon_core.verb:set package 'my_doosan_pkg' build argument 'cmake_clean_first' from command line to 'False'
[0.601s] Level 5:colcon.colcon_core.verb:set package 'my_doosan_pkg' build argument 'cmake_force_configure' from command line to 'False'
[0.601s] Level 5:colcon.colcon_core.verb:set package 'my_doosan_pkg' build argument 'ament_cmake_args' from command line to 'None'
[0.601s] Level 5:colcon.colcon_core.verb:set package 'my_doosan_pkg' build argument 'catkin_cmake_args' from command line to 'None'
[0.601s] Level 5:colcon.colcon_core.verb:set package 'my_doosan_pkg' build argument 'catkin_skip_building_tests' from command line to 'False'
[0.601s] DEBUG:colcon.colcon_core.verb:Building package 'my_doosan_pkg' with the following arguments: {'ament_cmake_args': None, 'build_base': '/home/gabri/ros2_ws/build/my_doosan_pkg', 'catkin_cmake_args': None, 'catkin_skip_building_tests': False, 'cmake_args': None, 'cmake_clean_cache': False, 'cmake_clean_first': False, 'cmake_force_configure': False, 'cmake_target': None, 'cmake_target_skip_unavailable': False, 'install_base': '/home/gabri/ros2_ws/install/my_doosan_pkg', 'merge_install': False, 'path': '/home/gabri/ros2_ws/src/my_doosan_pkg', 'symlink_install': False, 'test_result_base': None}
[0.602s] Level 5:colcon.colcon_core.verb:set package 'gazebo_ros2_control_demos' build argument 'cmake_args' from command line to 'None'
[0.602s] Level 5:colcon.colcon_core.verb:set package 'gazebo_ros2_control_demos' build argument 'cmake_target' from command line to 'None'
[0.602s] Level 5:colcon.colcon_core.verb:set package 'gazebo_ros2_control_demos' build argument 'cmake_target_skip_unavailable' from command line to 'False'
[0.602s] Level 5:colcon.colcon_core.verb:set package 'gazebo_ros2_control_demos' build argument 'cmake_clean_cache' from command line to 'False'
[0.602s] Level 5:colcon.colcon_core.verb:set package 'gazebo_ros2_control_demos' build argument 'cmake_clean_first' from command line to 'False'
[0.602s] Level 5:colcon.colcon_core.verb:set package 'gazebo_ros2_control_demos' build argument 'cmake_force_configure' from command line to 'False'
[0.602s] Level 5:colcon.colcon_core.verb:set package 'gazebo_ros2_control_demos' build argument 'ament_cmake_args' from command line to 'None'
[0.602s] Level 5:colcon.colcon_core.verb:set package 'gazebo_ros2_control_demos' build argument 'catkin_cmake_args' from command line to 'None'
[0.602s] Level 5:colcon.colcon_core.verb:set package 'gazebo_ros2_control_demos' build argument 'catkin_skip_building_tests' from command line to 'False'
[0.602s] DEBUG:colcon.colcon_core.verb:Building package 'gazebo_ros2_control_demos' with the following arguments: {'ament_cmake_args': None, 'build_base': '/home/gabri/ros2_ws/build/gazebo_ros2_control_demos', 'catkin_cmake_args': None, 'catkin_skip_building_tests': False, 'cmake_args': None, 'cmake_clean_cache': False, 'cmake_clean_first': False, 'cmake_force_configure': False, 'cmake_target': None, 'cmake_target_skip_unavailable': False, 'install_base': '/home/gabri/ros2_ws/install/gazebo_ros2_control_demos', 'merge_install': False, 'path': '/home/gabri/ros2_ws/src/gazebo_ros2_control/gazebo_ros2_control_demos', 'symlink_install': False, 'test_result_base': None}
[0.602s] INFO:colcon.colcon_core.executor:Executing jobs using 'parallel' executor
[0.604s] DEBUG:colcon.colcon_parallel_executor.executor.parallel:run_until_complete
[0.604s] INFO:colcon.colcon_ros.task.ament_cmake.build:Building ROS package in '/home/gabri/ros2_ws/src/gazebo_ros2_control/gazebo_ros2_control' with build type 'ament_cmake'
[0.604s] INFO:colcon.colcon_cmake.task.cmake.build:Building CMake package in '/home/gabri/ros2_ws/src/gazebo_ros2_control/gazebo_ros2_control'
[0.608s] INFO:colcon.colcon_core.plugin_system:Skipping extension 'colcon_core.shell.bat': Not used on non-Windows systems
[0.609s] INFO:colcon.colcon_core.shell:Skip shell extension 'powershell' for command environment: Not usable outside of PowerShell
[0.609s] DEBUG:colcon.colcon_core.shell:Skip shell extension 'dsv' for command environment
[0.619s] INFO:colcon.colcon_ros.task.ament_python.build:Building ROS package in '/home/gabri/ros2_ws/src/my_doosan_pkg' with build type 'ament_python'
[0.620s] Level 1:colcon.colcon_core.shell:create_environment_hook('my_doosan_pkg', 'ament_prefix_path')
[0.620s] INFO:colcon.colcon_core.shell:Creating environment hook '/home/gabri/ros2_ws/install/my_doosan_pkg/share/my_doosan_pkg/hook/ament_prefix_path.ps1'
[0.622s] INFO:colcon.colcon_core.shell:Creating environment descriptor '/home/gabri/ros2_ws/install/my_doosan_pkg/share/my_doosan_pkg/hook/ament_prefix_path.dsv'
[0.623s] INFO:colcon.colcon_core.shell:Creating environment hook '/home/gabri/ros2_ws/install/my_doosan_pkg/share/my_doosan_pkg/hook/ament_prefix_path.sh'
[0.624s] INFO:colcon.colcon_core.shell:Skip shell extension 'powershell' for command environment: Not usable outside of PowerShell
[0.624s] DEBUG:colcon.colcon_core.shell:Skip shell extension 'dsv' for command environment
[0.642s] DEBUG:colcon.colcon_core.event_handler.log_command:Invoking command in '/home/gabri/ros2_ws/build/gazebo_ros2_control': CMAKE_PREFIX_PATH=${CMAKE_PREFIX_PATH}:/home/gabri/ros2_ws/install/my_sphere_pkg:/home/gabri/ros2_ws/install/my_environment_pkg:/home/gabri/ros2_ws/install/my_doosan_pkg:/opt/ros/foxy /usr/bin/cmake --build /home/gabri/ros2_ws/build/gazebo_ros2_control -- -j16 -l16
[0.942s] INFO:colcon.colcon_core.task.python.build:Building Python package in '/home/gabri/ros2_ws/src/my_doosan_pkg'
[0.943s] INFO:colcon.colcon_core.shell:Skip shell extension 'powershell' for command environment: Not usable outside of PowerShell
[0.944s] DEBUG:colcon.colcon_core.shell:Skip shell extension 'dsv' for command environment
[0.955s] DEBUG:colcon.colcon_core.event_handler.log_command:Invoked command in '/home/gabri/ros2_ws/build/gazebo_ros2_control' returned '0': CMAKE_PREFIX_PATH=${CMAKE_PREFIX_PATH}:/home/gabri/ros2_ws/install/my_sphere_pkg:/home/gabri/ros2_ws/install/my_environment_pkg:/home/gabri/ros2_ws/install/my_doosan_pkg:/opt/ros/foxy /usr/bin/cmake --build /home/gabri/ros2_ws/build/gazebo_ros2_control -- -j16 -l16
[0.981s] DEBUG:colcon.colcon_core.event_handler.log_command:Invoking command in '/home/gabri/ros2_ws/build/gazebo_ros2_control': CMAKE_PREFIX_PATH=${CMAKE_PREFIX_PATH}:/home/gabri/ros2_ws/install/my_sphere_pkg:/home/gabri/ros2_ws/install/my_environment_pkg:/home/gabri/ros2_ws/install/my_doosan_pkg:/opt/ros/foxy /usr/bin/cmake --install /home/gabri/ros2_ws/build/gazebo_ros2_control
[1.000s] Level 1:colcon.colcon_core.environment:create_environment_scripts_only(gazebo_ros2_control)
[1.000s] DEBUG:colcon.colcon_core.event_handler.log_command:Invoked command in '/home/gabri/ros2_ws/build/gazebo_ros2_control' returned '0': CMAKE_PREFIX_PATH=${CMAKE_PREFIX_PATH}:/home/gabri/ros2_ws/install/my_sphere_pkg:/home/gabri/ros2_ws/install/my_environment_pkg:/home/gabri/ros2_ws/install/my_doosan_pkg:/opt/ros/foxy /usr/bin/cmake --install /home/gabri/ros2_ws/build/gazebo_ros2_control
[1.004s] Level 1:colcon.colcon_core.environment:checking '/home/gabri/ros2_ws/install/gazebo_ros2_control' for CMake module files
[1.006s] Level 1:colcon.colcon_core.environment:checking '/home/gabri/ros2_ws/install/gazebo_ros2_control' for CMake config files
[1.006s] Level 1:colcon.colcon_core.shell:create_environment_hook('gazebo_ros2_control', 'cmake_prefix_path')
[1.007s] INFO:colcon.colcon_core.shell:Creating environment hook '/home/gabri/ros2_ws/install/gazebo_ros2_control/share/gazebo_ros2_control/hook/cmake_prefix_path.ps1'
[1.008s] INFO:colcon.colcon_core.shell:Creating environment descriptor '/home/gabri/ros2_ws/install/gazebo_ros2_control/share/gazebo_ros2_control/hook/cmake_prefix_path.dsv'
[1.008s] INFO:colcon.colcon_core.shell:Creating environment hook '/home/gabri/ros2_ws/install/gazebo_ros2_control/share/gazebo_ros2_control/hook/cmake_prefix_path.sh'
[1.010s] Level 1:colcon.colcon_core.environment:checking '/home/gabri/ros2_ws/install/gazebo_ros2_control/lib'
[1.010s] Level 1:colcon.colcon_core.shell:create_environment_hook('gazebo_ros2_control', 'ld_library_path_lib')
[1.010s] INFO:colcon.colcon_core.shell:Creating environment hook '/home/gabri/ros2_ws/install/gazebo_ros2_control/share/gazebo_ros2_control/hook/ld_library_path_lib.ps1'
[1.011s] INFO:colcon.colcon_core.shell:Creating environment descriptor '/home/gabri/ros2_ws/install/gazebo_ros2_control/share/gazebo_ros2_control/hook/ld_library_path_lib.dsv'
[1.011s] INFO:colcon.colcon_core.shell:Creating environment hook '/home/gabri/ros2_ws/install/gazebo_ros2_control/share/gazebo_ros2_control/hook/ld_library_path_lib.sh'
[1.012s] Level 1:colcon.colcon_core.environment:checking '/home/gabri/ros2_ws/install/gazebo_ros2_control/bin'
[1.012s] Level 1:colcon.colcon_core.environment:checking '/home/gabri/ros2_ws/install/gazebo_ros2_control/lib/pkgconfig/gazebo_ros2_control.pc'
[1.012s] Level 1:colcon.colcon_core.environment:checking '/home/gabri/ros2_ws/install/gazebo_ros2_control/lib/python3.8/site-packages'
[1.012s] Level 1:colcon.colcon_core.environment:checking '/home/gabri/ros2_ws/install/gazebo_ros2_control/bin'
[1.013s] INFO:colcon.colcon_core.shell:Creating package script '/home/gabri/ros2_ws/install/gazebo_ros2_control/share/gazebo_ros2_control/package.ps1'
[1.014s] INFO:colcon.colcon_core.shell:Creating package descriptor '/home/gabri/ros2_ws/install/gazebo_ros2_control/share/gazebo_ros2_control/package.dsv'
[1.015s] INFO:colcon.colcon_core.shell:Creating package script '/home/gabri/ros2_ws/install/gazebo_ros2_control/share/gazebo_ros2_control/package.sh'
[1.016s] INFO:colcon.colcon_core.shell:Creating package script '/home/gabri/ros2_ws/install/gazebo_ros2_control/share/gazebo_ros2_control/package.bash'
[1.017s] INFO:colcon.colcon_core.shell:Creating package script '/home/gabri/ros2_ws/install/gazebo_ros2_control/share/gazebo_ros2_control/package.zsh'
[1.018s] Level 1:colcon.colcon_core.environment:create_file_with_runtime_dependencies(/home/gabri/ros2_ws/install/gazebo_ros2_control/share/colcon-core/packages/gazebo_ros2_control)
[1.019s] Level 1:colcon.colcon_core.environment:create_environment_scripts_only(gazebo_ros2_control)
[1.020s] Level 1:colcon.colcon_core.environment:checking '/home/gabri/ros2_ws/install/gazebo_ros2_control' for CMake module files
[1.021s] Level 1:colcon.colcon_core.environment:checking '/home/gabri/ros2_ws/install/gazebo_ros2_control' for CMake config files
[1.021s] Level 1:colcon.colcon_core.shell:create_environment_hook('gazebo_ros2_control', 'cmake_prefix_path')
[1.022s] INFO:colcon.colcon_core.shell:Creating environment hook '/home/gabri/ros2_ws/install/gazebo_ros2_control/share/gazebo_ros2_control/hook/cmake_prefix_path.ps1'
[1.022s] INFO:colcon.colcon_core.shell:Creating environment descriptor '/home/gabri/ros2_ws/install/gazebo_ros2_control/share/gazebo_ros2_control/hook/cmake_prefix_path.dsv'
[1.023s] INFO:colcon.colcon_core.shell:Creating environment hook '/home/gabri/ros2_ws/install/gazebo_ros2_control/share/gazebo_ros2_control/hook/cmake_prefix_path.sh'
[1.023s] Level 1:colcon.colcon_core.environment:checking '/home/gabri/ros2_ws/install/gazebo_ros2_control/lib'
[1.024s] Level 1:colcon.colcon_core.shell:create_environment_hook('gazebo_ros2_control', 'ld_library_path_lib')
[1.024s] INFO:colcon.colcon_core.shell:Creating environment hook '/home/gabri/ros2_ws/install/gazebo_ros2_control/share/gazebo_ros2_control/hook/ld_library_path_lib.ps1'
[1.024s] INFO:colcon.colcon_core.shell:Creating environment descriptor '/home/gabri/ros2_ws/install/gazebo_ros2_control/share/gazebo_ros2_control/hook/ld_library_path_lib.dsv'
[1.025s] INFO:colcon.colcon_core.shell:Creating environment hook '/home/gabri/ros2_ws/install/gazebo_ros2_control/share/gazebo_ros2_control/hook/ld_library_path_lib.sh'
[1.025s] Level 1:colcon.colcon_core.environment:checking '/home/gabri/ros2_ws/install/gazebo_ros2_control/bin'
[1.025s] Level 1:colcon.colcon_core.environment:checking '/home/gabri/ros2_ws/install/gazebo_ros2_control/lib/pkgconfig/gazebo_ros2_control.pc'
[1.026s] Level 1:colcon.colcon_core.environment:checking '/home/gabri/ros2_ws/install/gazebo_ros2_control/lib/python3.8/site-packages'
[1.026s] Level 1:colcon.colcon_core.environment:checking '/home/gabri/ros2_ws/install/gazebo_ros2_control/bin'
[1.026s] INFO:colcon.colcon_core.shell:Creating package script '/home/gabri/ros2_ws/install/gazebo_ros2_control/share/gazebo_ros2_control/package.ps1'
[1.027s] INFO:colcon.colcon_core.shell:Creating package descriptor '/home/gabri/ros2_ws/install/gazebo_ros2_control/share/gazebo_ros2_control/package.dsv'
[1.028s] INFO:colcon.colcon_core.shell:Creating package script '/home/gabri/ros2_ws/install/gazebo_ros2_control/share/gazebo_ros2_control/package.sh'
[1.028s] INFO:colcon.colcon_core.shell:Creating package script '/home/gabri/ros2_ws/install/gazebo_ros2_control/share/gazebo_ros2_control/package.bash'
[1.029s] INFO:colcon.colcon_core.shell:Creating package script '/home/gabri/ros2_ws/install/gazebo_ros2_control/share/gazebo_ros2_control/package.zsh'
[1.029s] Level 1:colcon.colcon_core.environment:create_file_with_runtime_dependencies(/home/gabri/ros2_ws/install/gazebo_ros2_control/share/colcon-core/packages/gazebo_ros2_control)
[1.030s] INFO:colcon.colcon_ros.task.ament_cmake.build:Building ROS package in '/home/gabri/ros2_ws/src/gazebo_ros2_control/gazebo_ros2_control_demos' with build type 'ament_cmake'
[1.030s] INFO:colcon.colcon_cmake.task.cmake.build:Building CMake package in '/home/gabri/ros2_ws/src/gazebo_ros2_control/gazebo_ros2_control_demos'
[1.030s] INFO:colcon.colcon_core.shell:Skip shell extension 'powershell' for command environment: Not usable outside of PowerShell
[1.030s] DEBUG:colcon.colcon_core.shell:Skip shell extension 'dsv' for command environment
[1.051s] DEBUG:colcon.colcon_core.event_handler.log_command:Invoking command in '/home/gabri/ros2_ws/build/gazebo_ros2_control_demos': CMAKE_PREFIX_PATH=/home/gabri/ros2_ws/install/gazebo_ros2_control:/home/gabri/ros2_ws/install/gazebo_ros2_control_demos:/home/gabri/ros2_ws/install/my_sphere_pkg:/home/gabri/ros2_ws/install/my_environment_pkg:/home/gabri/ros2_ws/install/my_doosan_pkg:/opt/ros/foxy /usr/bin/cmake --build /home/gabri/ros2_ws/build/gazebo_ros2_control_demos -- -j16 -l16
[1.175s] DEBUG:colcon.colcon_core.event_handler.log_command:Invoked command in '/home/gabri/ros2_ws/build/gazebo_ros2_control_demos' returned '0': CMAKE_PREFIX_PATH=/home/gabri/ros2_ws/install/gazebo_ros2_control:/home/gabri/ros2_ws/install/gazebo_ros2_control_demos:/home/gabri/ros2_ws/install/my_sphere_pkg:/home/gabri/ros2_ws/install/my_environment_pkg:/home/gabri/ros2_ws/install/my_doosan_pkg:/opt/ros/foxy /usr/bin/cmake --build /home/gabri/ros2_ws/build/gazebo_ros2_control_demos -- -j16 -l16
[1.180s] DEBUG:colcon.colcon_core.event_handler.log_command:Invoking command in '/home/gabri/ros2_ws/build/gazebo_ros2_control_demos': CMAKE_PREFIX_PATH=/home/gabri/ros2_ws/install/gazebo_ros2_control:/home/gabri/ros2_ws/install/gazebo_ros2_control_demos:/home/gabri/ros2_ws/install/my_sphere_pkg:/home/gabri/ros2_ws/install/my_environment_pkg:/home/gabri/ros2_ws/install/my_doosan_pkg:/opt/ros/foxy /usr/bin/cmake --install /home/gabri/ros2_ws/build/gazebo_ros2_control_demos
[1.201s] Level 1:colcon.colcon_core.environment:create_environment_scripts_only(gazebo_ros2_control_demos)
[1.202s] Level 1:colcon.colcon_core.environment:checking '/home/gabri/ros2_ws/install/gazebo_ros2_control_demos' for CMake module files
[1.204s] DEBUG:colcon.colcon_core.event_handler.log_command:Invoked command in '/home/gabri/ros2_ws/build/gazebo_ros2_control_demos' returned '0': CMAKE_PREFIX_PATH=/home/gabri/ros2_ws/install/gazebo_ros2_control:/home/gabri/ros2_ws/install/gazebo_ros2_control_demos:/home/gabri/ros2_ws/install/my_sphere_pkg:/home/gabri/ros2_ws/install/my_environment_pkg:/home/gabri/ros2_ws/install/my_doosan_pkg:/opt/ros/foxy /usr/bin/cmake --install /home/gabri/ros2_ws/build/gazebo_ros2_control_demos
[1.204s] Level 1:colcon.colcon_core.environment:checking '/home/gabri/ros2_ws/install/gazebo_ros2_control_demos' for CMake config files
[1.204s] Level 1:colcon.colcon_core.shell:create_environment_hook('gazebo_ros2_control_demos', 'cmake_prefix_path')
[1.205s] INFO:colcon.colcon_core.shell:Creating environment hook '/home/gabri/ros2_ws/install/gazebo_ros2_control_demos/share/gazebo_ros2_control_demos/hook/cmake_prefix_path.ps1'
[1.206s] INFO:colcon.colcon_core.shell:Creating environment descriptor '/home/gabri/ros2_ws/install/gazebo_ros2_control_demos/share/gazebo_ros2_control_demos/hook/cmake_prefix_path.dsv'
[1.206s] INFO:colcon.colcon_core.shell:Creating environment hook '/home/gabri/ros2_ws/install/gazebo_ros2_control_demos/share/gazebo_ros2_control_demos/hook/cmake_prefix_path.sh'
[1.207s] Level 1:colcon.colcon_core.environment:checking '/home/gabri/ros2_ws/install/gazebo_ros2_control_demos/lib'
[1.207s] Level 1:colcon.colcon_core.environment:checking '/home/gabri/ros2_ws/install/gazebo_ros2_control_demos/bin'
[1.207s] Level 1:colcon.colcon_core.environment:checking '/home/gabri/ros2_ws/install/gazebo_ros2_control_demos/lib/pkgconfig/gazebo_ros2_control_demos.pc'
[1.207s] Level 1:colcon.colcon_core.environment:checking '/home/gabri/ros2_ws/install/gazebo_ros2_control_demos/lib/python3.8/site-packages'
[1.208s] Level 1:colcon.colcon_core.environment:checking '/home/gabri/ros2_ws/install/gazebo_ros2_control_demos/bin'
[1.208s] INFO:colcon.colcon_core.shell:Creating package script '/home/gabri/ros2_ws/install/gazebo_ros2_control_demos/share/gazebo_ros2_control_demos/package.ps1'
[1.209s] INFO:colcon.colcon_core.shell:Creating package descriptor '/home/gabri/ros2_ws/install/gazebo_ros2_control_demos/share/gazebo_ros2_control_demos/package.dsv'
[1.209s] INFO:colcon.colcon_core.shell:Creating package script '/home/gabri/ros2_ws/install/gazebo_ros2_control_demos/share/gazebo_ros2_control_demos/package.sh'
[1.210s] INFO:colcon.colcon_core.shell:Creating package script '/home/gabri/ros2_ws/install/gazebo_ros2_control_demos/share/gazebo_ros2_control_demos/package.bash'
[1.210s] INFO:colcon.colcon_core.shell:Creating package script '/home/gabri/ros2_ws/install/gazebo_ros2_control_demos/share/gazebo_ros2_control_demos/package.zsh'
[1.210s] Level 1:colcon.colcon_core.environment:create_file_with_runtime_dependencies(/home/gabri/ros2_ws/install/gazebo_ros2_control_demos/share/colcon-core/packages/gazebo_ros2_control_demos)
[1.211s] Level 1:colcon.colcon_core.environment:create_environment_scripts_only(gazebo_ros2_control_demos)
[1.211s] Level 1:colcon.colcon_core.environment:checking '/home/gabri/ros2_ws/install/gazebo_ros2_control_demos' for CMake module files
[1.212s] Level 1:colcon.colcon_core.environment:checking '/home/gabri/ros2_ws/install/gazebo_ros2_control_demos' for CMake config files
[1.212s] Level 1:colcon.colcon_core.shell:create_environment_hook('gazebo_ros2_control_demos', 'cmake_prefix_path')
[1.213s] INFO:colcon.colcon_core.shell:Creating environment hook '/home/gabri/ros2_ws/install/gazebo_ros2_control_demos/share/gazebo_ros2_control_demos/hook/cmake_prefix_path.ps1'
[1.213s] INFO:colcon.colcon_core.shell:Creating environment descriptor '/home/gabri/ros2_ws/install/gazebo_ros2_control_demos/share/gazebo_ros2_control_demos/hook/cmake_prefix_path.dsv'
[1.214s] INFO:colcon.colcon_core.shell:Creating environment hook '/home/gabri/ros2_ws/install/gazebo_ros2_control_demos/share/gazebo_ros2_control_demos/hook/cmake_prefix_path.sh'
[1.214s] Level 1:colcon.colcon_core.environment:checking '/home/gabri/ros2_ws/install/gazebo_ros2_control_demos/lib'
[1.214s] Level 1:colcon.colcon_core.environment:checking '/home/gabri/ros2_ws/install/gazebo_ros2_control_demos/bin'
[1.215s] Level 1:colcon.colcon_core.environment:checking '/home/gabri/ros2_ws/install/gazebo_ros2_control_demos/lib/pkgconfig/gazebo_ros2_control_demos.pc'
[1.215s] Level 1:colcon.colcon_core.environment:checking '/home/gabri/ros2_ws/install/gazebo_ros2_control_demos/lib/python3.8/site-packages'
[1.215s] Level 1:colcon.colcon_core.environment:checking '/home/gabri/ros2_ws/install/gazebo_ros2_control_demos/bin'
[1.215s] INFO:colcon.colcon_core.shell:Creating package script '/home/gabri/ros2_ws/install/gazebo_ros2_control_demos/share/gazebo_ros2_control_demos/package.ps1'
[1.216s] INFO:colcon.colcon_core.shell:Creating package descriptor '/home/gabri/ros2_ws/install/gazebo_ros2_control_demos/share/gazebo_ros2_control_demos/package.dsv'
[1.217s] INFO:colcon.colcon_core.shell:Creating package script '/home/gabri/ros2_ws/install/gazebo_ros2_control_demos/share/gazebo_ros2_control_demos/package.sh'
[1.218s] INFO:colcon.colcon_core.shell:Creating package script '/home/gabri/ros2_ws/install/gazebo_ros2_control_demos/share/gazebo_ros2_control_demos/package.bash'
[1.219s] INFO:colcon.colcon_core.shell:Creating package script '/home/gabri/ros2_ws/install/gazebo_ros2_control_demos/share/gazebo_ros2_control_demos/package.zsh'
[1.219s] Level 1:colcon.colcon_core.environment:create_file_with_runtime_dependencies(/home/gabri/ros2_ws/install/gazebo_ros2_control_demos/share/colcon-core/packages/gazebo_ros2_control_demos)
[1.505s] DEBUG:colcon.colcon_core.event_handler.log_command:Invoking command in '/home/gabri/ros2_ws/src/my_doosan_pkg': PYTHONPATH=/home/gabri/ros2_ws/build/my_doosan_pkg/prefix_override:/usr/lib/python3/dist-packages/colcon_core/task/python/colcon_distutils_commands:/home/gabri/ros2_ws/install/my_doosan_pkg/lib/python3.8/site-packages:${PYTHONPATH} /usr/bin/python3 -W ignore:setup.py install is deprecated -W ignore:easy_install command is deprecated setup.py egg_info --egg-base ../../build/my_doosan_pkg build --build-base /home/gabri/ros2_ws/build/my_doosan_pkg/build install --record /home/gabri/ros2_ws/build/my_doosan_pkg/install.log --install-scripts $base/lib/my_doosan_pkg --single-version-externally-managed install_data
[1.897s] Level 1:colcon.colcon_core.environment:checking '/home/gabri/ros2_ws/install/my_doosan_pkg' for CMake module files
[1.899s] DEBUG:colcon.colcon_core.event_handler.log_command:Invoked command in '/home/gabri/ros2_ws/src/my_doosan_pkg' returned '0': PYTHONPATH=/home/gabri/ros2_ws/build/my_doosan_pkg/prefix_override:/usr/lib/python3/dist-packages/colcon_core/task/python/colcon_distutils_commands:/home/gabri/ros2_ws/install/my_doosan_pkg/lib/python3.8/site-packages:${PYTHONPATH} /usr/bin/python3 -W ignore:setup.py install is deprecated -W ignore:easy_install command is deprecated setup.py egg_info --egg-base ../../build/my_doosan_pkg build --build-base /home/gabri/ros2_ws/build/my_doosan_pkg/build install --record /home/gabri/ros2_ws/build/my_doosan_pkg/install.log --install-scripts $base/lib/my_doosan_pkg --single-version-externally-managed install_data
[1.899s] Level 1:colcon.colcon_core.environment:checking '/home/gabri/ros2_ws/install/my_doosan_pkg' for CMake config files
[1.901s] Level 1:colcon.colcon_core.environment:checking '/home/gabri/ros2_ws/install/my_doosan_pkg/lib'
[1.901s] Level 1:colcon.colcon_core.environment:checking '/home/gabri/ros2_ws/install/my_doosan_pkg/bin'
[1.901s] Level 1:colcon.colcon_core.environment:checking '/home/gabri/ros2_ws/install/my_doosan_pkg/lib/pkgconfig/my_doosan_pkg.pc'
[1.902s] Level 1:colcon.colcon_core.environment:checking '/home/gabri/ros2_ws/install/my_doosan_pkg/lib/python3.8/site-packages'
[1.902s] Level 1:colcon.colcon_core.shell:create_environment_hook('my_doosan_pkg', 'pythonpath')
[1.902s] INFO:colcon.colcon_core.shell:Creating environment hook '/home/gabri/ros2_ws/install/my_doosan_pkg/share/my_doosan_pkg/hook/pythonpath.ps1'
[1.903s] INFO:colcon.colcon_core.shell:Creating environment descriptor '/home/gabri/ros2_ws/install/my_doosan_pkg/share/my_doosan_pkg/hook/pythonpath.dsv'
[1.904s] INFO:colcon.colcon_core.shell:Creating environment hook '/home/gabri/ros2_ws/install/my_doosan_pkg/share/my_doosan_pkg/hook/pythonpath.sh'
[1.905s] Level 1:colcon.colcon_core.environment:checking '/home/gabri/ros2_ws/install/my_doosan_pkg/bin'
[1.905s] Level 1:colcon.colcon_core.environment:create_environment_scripts_only(my_doosan_pkg)
[1.906s] INFO:colcon.colcon_core.shell:Creating package script '/home/gabri/ros2_ws/install/my_doosan_pkg/share/my_doosan_pkg/package.ps1'
[1.907s] INFO:colcon.colcon_core.shell:Creating package descriptor '/home/gabri/ros2_ws/install/my_doosan_pkg/share/my_doosan_pkg/package.dsv'
[1.907s] INFO:colcon.colcon_core.shell:Creating package script '/home/gabri/ros2_ws/install/my_doosan_pkg/share/my_doosan_pkg/package.sh'
[1.908s] INFO:colcon.colcon_core.shell:Creating package script '/home/gabri/ros2_ws/install/my_doosan_pkg/share/my_doosan_pkg/package.bash'
[1.908s] INFO:colcon.colcon_core.shell:Creating package script '/home/gabri/ros2_ws/install/my_doosan_pkg/share/my_doosan_pkg/package.zsh'
[1.909s] Level 1:colcon.colcon_core.environment:create_file_with_runtime_dependencies(/home/gabri/ros2_ws/install/my_doosan_pkg/share/colcon-core/packages/my_doosan_pkg)
[1.909s] DEBUG:colcon.colcon_parallel_executor.executor.parallel:closing loop
[1.909s] DEBUG:colcon.colcon_parallel_executor.executor.parallel:loop closed
[1.910s] DEBUG:colcon.colcon_parallel_executor.executor.parallel:run_until_complete finished with '0'
[1.910s] DEBUG:colcon.colcon_core.event_reactor:joining thread
[1.918s] INFO:colcon.colcon_core.plugin_system:Skipping extension 'colcon_notification.desktop_notification.terminal_notifier': Not used on non-Darwin systems
[1.918s] INFO:colcon.colcon_core.plugin_system:Skipping extension 'colcon_notification.desktop_notification.win32': Not used on non-Windows systems
[1.918s] INFO:colcon.colcon_notification.desktop_notification:Sending desktop notification using 'notify2'
[1.950s] DEBUG:colcon.colcon_core.event_reactor:joined thread
[1.951s] INFO:colcon.colcon_core.shell:Creating prefix script '/home/gabri/ros2_ws/install/local_setup.ps1'
[1.953s] INFO:colcon.colcon_core.shell:Creating prefix util module '/home/gabri/ros2_ws/install/_local_setup_util_ps1.py'
[1.956s] INFO:colcon.colcon_core.shell:Creating prefix chain script '/home/gabri/ros2_ws/install/setup.ps1'
[1.958s] INFO:colcon.colcon_core.shell:Creating prefix script '/home/gabri/ros2_ws/install/local_setup.sh'
[1.959s] INFO:colcon.colcon_core.shell:Creating prefix util module '/home/gabri/ros2_ws/install/_local_setup_util_sh.py'
[1.959s] INFO:colcon.colcon_core.shell:Creating prefix chain script '/home/gabri/ros2_ws/install/setup.sh'
[1.961s] INFO:colcon.colcon_core.shell:Creating prefix script '/home/gabri/ros2_ws/install/local_setup.bash'
[1.961s] INFO:colcon.colcon_core.shell:Creating prefix chain script '/home/gabri/ros2_ws/install/setup.bash'
[1.962s] INFO:colcon.colcon_core.shell:Creating prefix script '/home/gabri/ros2_ws/install/local_setup.zsh'
[1.963s] INFO:colcon.colcon_core.shell:Creating prefix chain script '/home/gabri/ros2_ws/install/setup.zsh'
