[1.142s] Invoking command in '/home/gabri/ros2_ws/src/robotic_arm_environment/my_environment_pkg': PYTHONPATH=/home/gabri/ros2_ws/build/my_environment_pkg/prefix_override:/usr/lib/python3/dist-packages/colcon_core/task/python/colcon_distutils_commands:/home/gabri/ros2_ws/install/my_environment_pkg/lib/python3.8/site-packages:${PYTHONPATH} /usr/bin/python3 -W ignore:setup.py install is deprecated -W ignore:easy_install command is deprecated setup.py egg_info --egg-base ../../../build/my_environment_pkg build --build-base /home/gabri/ros2_ws/build/my_environment_pkg/build install --record /home/gabri/ros2_ws/build/my_environment_pkg/install.log --single-version-externally-managed install_data
[1.305s] running egg_info
[1.306s] writing ../../../build/my_environment_pkg/my_environment_pkg.egg-info/PKG-INFO
[1.306s] writing dependency_links to ../../../build/my_environment_pkg/my_environment_pkg.egg-info/dependency_links.txt
[1.306s] writing entry points to ../../../build/my_environment_pkg/my_environment_pkg.egg-info/entry_points.txt
[1.306s] writing requirements to ../../../build/my_environment_pkg/my_environment_pkg.egg-info/requires.txt
[1.306s] writing top-level names to ../../../build/my_environment_pkg/my_environment_pkg.egg-info/top_level.txt
[1.334s] reading manifest file '../../../build/my_environment_pkg/my_environment_pkg.egg-info/SOURCES.txt'
[1.335s] writing manifest file '../../../build/my_environment_pkg/my_environment_pkg.egg-info/SOURCES.txt'
[1.335s] running build
[1.335s] running build_py
[1.335s] running install
[1.336s] running install_lib
[1.337s] running install_data
[1.337s] running install_egg_info
[1.339s] removing '/home/gabri/ros2_ws/install/my_environment_pkg/lib/python3.8/site-packages/my_environment_pkg-0.0.0-py3.8.egg-info' (and everything under it)
[1.339s] Copying ../../../build/my_environment_pkg/my_environment_pkg.egg-info to /home/gabri/ros2_ws/install/my_environment_pkg/lib/python3.8/site-packages/my_environment_pkg-0.0.0-py3.8.egg-info
[1.340s] running install_scripts
[1.353s] Installing data_collection script to /home/gabri/ros2_ws/install/my_environment_pkg/lib/my_environment_pkg
[1.353s] Installing run_environment script to /home/gabri/ros2_ws/install/my_environment_pkg/lib/my_environment_pkg
[1.353s] writing list of installed files to '/home/gabri/ros2_ws/build/my_environment_pkg/install.log'
[1.388s] Invoked command in '/home/gabri/ros2_ws/src/robotic_arm_environment/my_environment_pkg' returned '0': PYTHONPATH=/home/gabri/ros2_ws/build/my_environment_pkg/prefix_override:/usr/lib/python3/dist-packages/colcon_core/task/python/colcon_distutils_commands:/home/gabri/ros2_ws/install/my_environment_pkg/lib/python3.8/site-packages:${PYTHONPATH} /usr/bin/python3 -W ignore:setup.py install is deprecated -W ignore:easy_install command is deprecated setup.py egg_info --egg-base ../../../build/my_environment_pkg build --build-base /home/gabri/ros2_ws/build/my_environment_pkg/build install --record /home/gabri/ros2_ws/build/my_environment_pkg/install.log --single-version-externally-managed install_data
