[0.652s] Invoking command in '/home/gabri/ros2_ws/src/my_doosan_pkg': PYTHONPATH=/home/gabri/ros2_ws/build/my_doosan_pkg/prefix_override:/usr/lib/python3/dist-packages/colcon_core/task/python/colcon_distutils_commands:/home/gabri/ros2_ws/install/my_doosan_pkg/lib/python3.8/site-packages:${PYTHONPATH} /usr/bin/python3 -W ignore:setup.py install is deprecated -W ignore:easy_install command is deprecated setup.py egg_info --egg-base ../../build/my_doosan_pkg build --build-base /home/gabri/ros2_ws/build/my_doosan_pkg/build install --record /home/gabri/ros2_ws/build/my_doosan_pkg/install.log --install-scripts $base/lib/my_doosan_pkg --single-version-externally-managed install_data
[0.843s] running egg_info
[0.844s] writing ../../build/my_doosan_pkg/my_doosan_pkg.egg-info/PKG-INFO
[0.844s] writing dependency_links to ../../build/my_doosan_pkg/my_doosan_pkg.egg-info/dependency_links.txt
[0.844s] writing entry points to ../../build/my_doosan_pkg/my_doosan_pkg.egg-info/entry_points.txt
[0.844s] writing requirements to ../../build/my_doosan_pkg/my_doosan_pkg.egg-info/requires.txt
[0.845s] writing top-level names to ../../build/my_doosan_pkg/my_doosan_pkg.egg-info/top_level.txt
[0.873s] reading manifest file '../../build/my_doosan_pkg/my_doosan_pkg.egg-info/SOURCES.txt'
[0.874s] writing manifest file '../../build/my_doosan_pkg/my_doosan_pkg.egg-info/SOURCES.txt'
[0.874s] running build
[0.874s] running build_py
[0.874s] running install
[0.875s] running install_lib
[0.876s] running install_data
[0.876s] running install_egg_info
[0.878s] removing '/home/gabri/ros2_ws/install/my_doosan_pkg/lib/python3.8/site-packages/my_doosan_pkg-0.0.0-py3.8.egg-info' (and everything under it)
[0.878s] Copying ../../build/my_doosan_pkg/my_doosan_pkg.egg-info to /home/gabri/ros2_ws/install/my_doosan_pkg/lib/python3.8/site-packages/my_doosan_pkg-0.0.0-py3.8.egg-info
[0.879s] running install_scripts
[0.893s] Installing trajectory_points_act_server script to /home/gabri/ros2_ws/install/my_doosan_pkg/lib/my_doosan_pkg
[0.893s] writing list of installed files to '/home/gabri/ros2_ws/build/my_doosan_pkg/install.log'
[0.918s] Invoked command in '/home/gabri/ros2_ws/src/my_doosan_pkg' returned '0': PYTHONPATH=/home/gabri/ros2_ws/build/my_doosan_pkg/prefix_override:/usr/lib/python3/dist-packages/colcon_core/task/python/colcon_distutils_commands:/home/gabri/ros2_ws/install/my_doosan_pkg/lib/python3.8/site-packages:${PYTHONPATH} /usr/bin/python3 -W ignore:setup.py install is deprecated -W ignore:easy_install command is deprecated setup.py egg_info --egg-base ../../build/my_doosan_pkg build --build-base /home/gabri/ros2_ws/build/my_doosan_pkg/build install --record /home/gabri/ros2_ws/build/my_doosan_pkg/install.log --install-scripts $base/lib/my_doosan_pkg --single-version-externally-managed install_data
