[0.040s] Invoking command in '/home/gabri/ros2_ws/build/gazebo_ros2_control': CMAKE_PREFIX_PATH=/home/gabri/ros2_ws/install/my_doosan_pkg:/opt/ros/foxy /usr/bin/cmake /home/gabri/ros2_ws/src/gazebo_ros2_control/gazebo_ros2_control -DCMAKE_INSTALL_PREFIX=/home/gabri/ros2_ws/install/gazebo_ros2_control
[0.587s] -- The C compiler identification is GNU 9.4.0
[0.588s] -- The CXX compiler identification is GNU 9.4.0
[0.588s] -- Check for working C compiler: /usr/bin/cc
[0.588s] -- Check for working C compiler: /usr/bin/cc -- works
[0.588s] -- Detecting C compiler ABI info
[0.588s] -- Detecting C compiler ABI info - done
[0.589s] -- Detecting C compile features
[0.589s] -- Detecting C compile features - done
[0.589s] -- Check for working CXX compiler: /usr/bin/c++
[0.589s] -- Check for working CXX compiler: /usr/bin/c++ -- works
[0.589s] -- Detecting CXX compiler ABI info
[0.589s] -- Detecting CXX compiler ABI info - done
[0.589s] -- Detecting CXX compile features
[0.589s] -- Detecting CXX compile features - done
[0.589s] -- Found ament_cmake: 0.9.12 (/opt/ros/foxy/share/ament_cmake/cmake)
[0.590s] -- Found PythonInterp: /usr/bin/python3 (found suitable version "3.8.10", minimum required is "3") 
[0.590s] -- Using PYTHON_EXECUTABLE: /usr/bin/python3
[0.747s] -- Found angles: 1.12.6 (/opt/ros/foxy/share/angles/cmake)
[0.749s] -- Found controller_manager: 0.11.0 (/opt/ros/foxy/share/controller_manager/cmake)
[0.778s] -- Using all available rosidl_typesupport_c: rosidl_typesupport_fastrtps_c;rosidl_typesupport_introspection_c
[0.783s] -- Found rosidl_adapter: 1.3.1 (/opt/ros/foxy/share/rosidl_adapter/cmake)
[0.876s] -- Found OpenSSL: /usr/lib/x86_64-linux-gnu/libcrypto.so (found version "1.1.1f")  
[0.911s] -- Found FastRTPS: /opt/ros/foxy/include  
[0.999s] -- Using all available rosidl_typesupport_cpp: rosidl_typesupport_fastrtps_cpp;rosidl_typesupport_introspection_cpp
[1.509s] -- Found rmw_implementation_cmake: 1.0.4 (/opt/ros/foxy/share/rmw_implementation_cmake/cmake)
[1.509s] -- Using RMW implementation 'rmw_fastrtps_cpp' as default
[1.510s] -- Looking for pthread.h
[1.607s] -- Looking for pthread.h - found
[1.607s] -- Performing Test CMAKE_HAVE_LIBC_PTHREAD
[1.707s] -- Performing Test CMAKE_HAVE_LIBC_PTHREAD - Failed
[1.708s] -- Looking for pthread_create in pthreads
[1.780s] -- Looking for pthread_create in pthreads - not found
[1.780s] -- Looking for pthread_create in pthread
[1.882s] -- Looking for pthread_create in pthread - found
[1.884s] -- Found Threads: TRUE  
[2.162s] -- Found gazebo_dev: 3.5.3 (/opt/ros/foxy/share/gazebo_dev/cmake)
[2.170s] -- Found PkgConfig: /usr/bin/pkg-config (found version "0.29.1") 
[2.173s] -- Checking for module 'bullet>=2.82'
[2.194s] --   Found bullet, version 2.88
[2.327s] -- Found ccd: /usr/include (found suitable version "2.0", minimum required is "2.0") 
[2.425s] -- Found fcl: /usr/include (found suitable version "0.5.0", minimum required is "0.3.2") 
[2.533s] -- Found assimp: /usr/include (found version "5.0.0") 
[2.551s] -- Found DART: /usr/include (Required is at least version "6.6") found components: dart 
[2.582s] -- Found Boost: /usr/lib/x86_64-linux-gnu/cmake/Boost-1.71.0/BoostConfig.cmake (found suitable version "1.71.0", minimum required is "1.40.0") found components: thread system filesystem program_options regex iostreams date_time 
[2.600s] -- Found Protobuf: /usr/lib/x86_64-linux-gnu/libprotobuf.so;-lpthread (found version "3.6.1") 
[2.607s] -- Looking for ignition-math6 -- found version 6.15.1
[2.617s] -- Searching for dependencies of ignition-math6
[2.618s] -- Looking for OGRE...
[2.618s] -- OGRE_PREFIX_WATCH changed.
[2.627s] -- Checking for module 'OGRE'
[2.650s] --   Found OGRE, version 1.9.0
[2.721s] -- Found Ogre Ghadamon (1.9.0)
[2.728s] -- Found OGRE: optimized;/usr/lib/x86_64-linux-gnu/libOgreMain.so;debug;/usr/lib/x86_64-linux-gnu/libOgreMain.so
[2.737s] -- Looking for OGRE_Paging...
[2.742s] -- Found OGRE_Paging: optimized;/usr/lib/x86_64-linux-gnu/libOgrePaging.so;debug;/usr/lib/x86_64-linux-gnu/libOgrePaging.so
[2.742s] -- Looking for OGRE_Terrain...
[2.747s] -- Found OGRE_Terrain: optimized;/usr/lib/x86_64-linux-gnu/libOgreTerrain.so;debug;/usr/lib/x86_64-linux-gnu/libOgreTerrain.so
[2.747s] -- Looking for OGRE_Property...
[2.751s] -- Found OGRE_Property: optimized;/usr/lib/x86_64-linux-gnu/libOgreProperty.so;debug;/usr/lib/x86_64-linux-gnu/libOgreProperty.so
[2.751s] -- Looking for OGRE_RTShaderSystem...
[2.755s] -- Found OGRE_RTShaderSystem: optimized;/usr/lib/x86_64-linux-gnu/libOgreRTShaderSystem.so;debug;/usr/lib/x86_64-linux-gnu/libOgreRTShaderSystem.so
[2.755s] -- Looking for OGRE_Volume...
[2.761s] -- Found OGRE_Volume: optimized;/usr/lib/x86_64-linux-gnu/libOgreVolume.so;debug;/usr/lib/x86_64-linux-gnu/libOgreVolume.so
[2.762s] -- Looking for OGRE_Overlay...
[2.765s] -- Found OGRE_Overlay: optimized;/usr/lib/x86_64-linux-gnu/libOgreOverlay.so;debug;/usr/lib/x86_64-linux-gnu/libOgreOverlay.so
[2.851s] -- Looking for ignition-math6 -- found version 6.15.1
[2.852s] -- Looking for ignition-transport8 -- found version 8.3.0
[2.852s] -- Searching for dependencies of ignition-transport8
[2.871s] -- Found Protobuf: /usr/lib/x86_64-linux-gnu/libprotobuf.so;-lpthread (found suitable version "3.6.1", minimum required is "3") 
[2.885s] -- Config-file not installed for ZeroMQ -- checking for pkg-config
[2.893s] -- Checking for module 'libzmq >= 4'
[2.923s] --   Found libzmq , version 4.3.2
[3.001s] -- Found ZeroMQ: TRUE (Required is at least version "4") 
[3.009s] -- Checking for module 'uuid'
[3.034s] --   Found uuid, version 2.34.0
[3.104s] -- Found UUID: TRUE  
[3.107s] -- Looking for ignition-msgs5 -- found version 5.10.0
[3.108s] -- Searching for dependencies of ignition-msgs5
[3.131s] -- Looking for ignition-math6 -- found version 6.15.1
[3.142s] -- Checking for module 'tinyxml2'
[3.171s] --   Found tinyxml2, version 6.2.0
[3.221s] -- Looking for ignition-msgs5 -- found version 5.10.0
[3.224s] -- Looking for ignition-common3 -- found version 3.14.2
[3.224s] -- Searching for dependencies of ignition-common3
[3.225s] -- Looking for dlfcn.h - found
[3.225s] -- Looking for libdl - found
[3.227s] -- Found DL: TRUE  
[3.234s] -- Searching for <ignition-common3> component [graphics]
[3.235s] -- Looking for ignition-common3-graphics -- found version 3.14.2
[3.236s] -- Searching for dependencies of ignition-common3-graphics
[3.236s] -- Looking for ignition-math6 -- found version 6.15.1
[3.238s] -- Looking for ignition-fuel_tools4 -- found version 4.6.0
[3.238s] -- Searching for dependencies of ignition-fuel_tools4
[3.365s] -- Found CURL: /usr/lib/x86_64-linux-gnu/libcurl.so (found version "7.68.0")  
[3.375s] -- Checking for module 'jsoncpp'
[3.404s] --   Found jsoncpp, version 1.7.4
[3.481s] -- Found JSONCPP: TRUE  
[3.491s] -- Checking for module 'libzip'
[3.519s] --   Found libzip, version 1.5.1
[3.594s] -- Found ZIP: TRUE  
[3.595s] -- Looking for ignition-common3 -- found version 3.14.2
[3.596s] -- Looking for ignition-math6 -- found version 6.15.1
[3.596s] -- Looking for ignition-msgs5 -- found version 5.10.0
[3.597s] -- Gazebo version: 11.11
[3.598s] -- Found gazebo_ros: 3.5.3 (/opt/ros/foxy/share/gazebo_ros/cmake)
[3.606s] -- Found yaml_cpp_vendor: 7.0.3 (/opt/ros/foxy/share/yaml_cpp_vendor/cmake)
[3.606s] -- Setting yaml-cpp_DIR to: '/opt/ros/foxy/share/yaml_cpp_vendor/cmake/../../../opt/yaml_cpp_vendor/lib/cmake/yaml-cpp'
[3.753s] -- Found ament_cmake_gtest: 0.9.12 (/opt/ros/foxy/share/ament_cmake_gtest/cmake)
[3.754s] -- Found ament_lint_auto: 0.9.8 (/opt/ros/foxy/share/ament_lint_auto/cmake)
[3.814s] -- Added test 'copyright' to check source files copyright and LICENSE
[3.814s] -- Added test 'cppcheck' to perform static code analysis on C / C++ code
[3.815s] -- Configured cppcheck include dirs: /home/gabri/ros2_ws/src/gazebo_ros2_control/gazebo_ros2_control/include
[3.815s] -- Configured cppcheck exclude dirs and/or files: 
[3.815s] -- Added test 'cpplint' to check C / C++ code against the Google style
[3.816s] -- Configured cpplint exclude dirs and/or files: 
[3.816s] -- Added test 'lint_cmake' to check CMake code style
[3.817s] -- Added test 'uncrustify' to check C / C++ code style
[3.817s] -- Configured uncrustify additional arguments: 
[3.817s] -- Added test 'xmllint' to check XML markup files
[3.820s] -- Configuring done
[3.870s] -- Generating done
[3.895s] -- Build files have been written to: /home/gabri/ros2_ws/build/gazebo_ros2_control
[3.905s] Invoked command in '/home/gabri/ros2_ws/build/gazebo_ros2_control' returned '0': CMAKE_PREFIX_PATH=/home/gabri/ros2_ws/install/my_doosan_pkg:/opt/ros/foxy /usr/bin/cmake /home/gabri/ros2_ws/src/gazebo_ros2_control/gazebo_ros2_control -DCMAKE_INSTALL_PREFIX=/home/gabri/ros2_ws/install/gazebo_ros2_control
[3.910s] Invoking command in '/home/gabri/ros2_ws/build/gazebo_ros2_control': CMAKE_PREFIX_PATH=/home/gabri/ros2_ws/install/my_doosan_pkg:/opt/ros/foxy /usr/bin/cmake --build /home/gabri/ros2_ws/build/gazebo_ros2_control -- -j16 -l16
[3.966s] [35m[1mScanning dependencies of target gazebo_hardware_plugins[0m
[3.967s] [35m[1mScanning dependencies of target gazebo_ros2_control[0m
[4.076s] [ 25%] [32mBuilding CXX object CMakeFiles/gazebo_hardware_plugins.dir/src/gazebo_system.cpp.o[0m
[4.081s] [ 50%] [32mBuilding CXX object CMakeFiles/gazebo_ros2_control.dir/src/gazebo_ros2_control_plugin.cpp.o[0m
[12.481s] [ 75%] [32m[1mLinking CXX shared library libgazebo_hardware_plugins.so[0m
[13.014s] [ 75%] Built target gazebo_hardware_plugins
[13.885s] [100%] [32m[1mLinking CXX shared library libgazebo_ros2_control.so[0m
[14.572s] [100%] Built target gazebo_ros2_control
[14.590s] Invoked command in '/home/gabri/ros2_ws/build/gazebo_ros2_control' returned '0': CMAKE_PREFIX_PATH=/home/gabri/ros2_ws/install/my_doosan_pkg:/opt/ros/foxy /usr/bin/cmake --build /home/gabri/ros2_ws/build/gazebo_ros2_control -- -j16 -l16
[14.610s] Invoking command in '/home/gabri/ros2_ws/build/gazebo_ros2_control': CMAKE_PREFIX_PATH=/home/gabri/ros2_ws/install/my_doosan_pkg:/opt/ros/foxy /usr/bin/cmake --install /home/gabri/ros2_ws/build/gazebo_ros2_control
[14.622s] -- Install configuration: ""
[14.623s] -- Installing: /home/gabri/ros2_ws/install/gazebo_ros2_control/lib/libgazebo_ros2_control.so
[14.627s] -- Set runtime path of "/home/gabri/ros2_ws/install/gazebo_ros2_control/lib/libgazebo_ros2_control.so" to ""
[14.628s] -- Installing: /home/gabri/ros2_ws/install/gazebo_ros2_control/lib/libgazebo_hardware_plugins.so
[14.629s] -- Set runtime path of "/home/gabri/ros2_ws/install/gazebo_ros2_control/lib/libgazebo_hardware_plugins.so" to ""
[14.629s] -- Installing: /home/gabri/ros2_ws/install/gazebo_ros2_control/share/gazebo_ros2_control/environment/library_path.sh
[14.630s] -- Installing: /home/gabri/ros2_ws/install/gazebo_ros2_control/share/gazebo_ros2_control/environment/library_path.dsv
[14.630s] -- Installing: /home/gabri/ros2_ws/install/gazebo_ros2_control/include/gazebo_ros2_control
[14.630s] -- Installing: /home/gabri/ros2_ws/install/gazebo_ros2_control/include/gazebo_ros2_control/gazebo_system.hpp
[14.630s] -- Installing: /home/gabri/ros2_ws/install/gazebo_ros2_control/include/gazebo_ros2_control/gazebo_ros2_control_plugin.hpp
[14.630s] -- Installing: /home/gabri/ros2_ws/install/gazebo_ros2_control/include/gazebo_ros2_control/gazebo_system_interface.hpp
[14.630s] -- Installing: /home/gabri/ros2_ws/install/gazebo_ros2_control/share/gazebo_ros2_control/gazebo_hardware_plugins.xml
[14.630s] -- Installing: /home/gabri/ros2_ws/install/gazebo_ros2_control/share/ament_index/resource_index/package_run_dependencies/gazebo_ros2_control
[14.631s] -- Installing: /home/gabri/ros2_ws/install/gazebo_ros2_control/share/ament_index/resource_index/parent_prefix_path/gazebo_ros2_control
[14.631s] -- Installing: /home/gabri/ros2_ws/install/gazebo_ros2_control/share/gazebo_ros2_control/environment/ament_prefix_path.sh
[14.631s] -- Installing: /home/gabri/ros2_ws/install/gazebo_ros2_control/share/gazebo_ros2_control/environment/ament_prefix_path.dsv
[14.631s] -- Installing: /home/gabri/ros2_ws/install/gazebo_ros2_control/share/gazebo_ros2_control/environment/path.sh
[14.631s] -- Installing: /home/gabri/ros2_ws/install/gazebo_ros2_control/share/gazebo_ros2_control/environment/path.dsv
[14.631s] -- Installing: /home/gabri/ros2_ws/install/gazebo_ros2_control/share/gazebo_ros2_control/local_setup.bash
[14.631s] -- Installing: /home/gabri/ros2_ws/install/gazebo_ros2_control/share/gazebo_ros2_control/local_setup.sh
[14.631s] -- Installing: /home/gabri/ros2_ws/install/gazebo_ros2_control/share/gazebo_ros2_control/local_setup.zsh
[14.632s] -- Installing: /home/gabri/ros2_ws/install/gazebo_ros2_control/share/gazebo_ros2_control/local_setup.dsv
[14.632s] -- Installing: /home/gabri/ros2_ws/install/gazebo_ros2_control/share/gazebo_ros2_control/package.dsv
[14.632s] -- Installing: /home/gabri/ros2_ws/install/gazebo_ros2_control/share/ament_index/resource_index/packages/gazebo_ros2_control
[14.632s] -- Installing: /home/gabri/ros2_ws/install/gazebo_ros2_control/share/ament_index/resource_index/gazebo_ros2_control__pluginlib__plugin/gazebo_ros2_control
[14.632s] -- Installing: /home/gabri/ros2_ws/install/gazebo_ros2_control/share/gazebo_ros2_control/cmake/ament_cmake_export_include_directories-extras.cmake
[14.632s] -- Installing: /home/gabri/ros2_ws/install/gazebo_ros2_control/share/gazebo_ros2_control/cmake/ament_cmake_export_dependencies-extras.cmake
[14.632s] -- Installing: /home/gabri/ros2_ws/install/gazebo_ros2_control/share/gazebo_ros2_control/cmake/ament_cmake_export_libraries-extras.cmake
[14.633s] -- Installing: /home/gabri/ros2_ws/install/gazebo_ros2_control/share/gazebo_ros2_control/cmake/gazebo_ros2_controlConfig.cmake
[14.633s] -- Installing: /home/gabri/ros2_ws/install/gazebo_ros2_control/share/gazebo_ros2_control/cmake/gazebo_ros2_controlConfig-version.cmake
[14.633s] -- Installing: /home/gabri/ros2_ws/install/gazebo_ros2_control/share/gazebo_ros2_control/package.xml
[14.634s] Invoked command in '/home/gabri/ros2_ws/build/gazebo_ros2_control' returned '0': CMAKE_PREFIX_PATH=/home/gabri/ros2_ws/install/my_doosan_pkg:/opt/ros/foxy /usr/bin/cmake --install /home/gabri/ros2_ws/build/gazebo_ros2_control
