[1.095s] Invoking command in '/home/gabri/ros2_ws/src/robotic_arm_environment/my_sphere_pkg': PYTHONPATH=/home/gabri/ros2_ws/build/my_sphere_pkg/prefix_override:/usr/lib/python3/dist-packages/colcon_core/task/python/colcon_distutils_commands:/home/gabri/ros2_ws/install/my_sphere_pkg/lib/python3.8/site-packages:${PYTHONPATH} /usr/bin/python3 -W ignore:setup.py install is deprecated -W ignore:easy_install command is deprecated setup.py egg_info --egg-base ../../../build/my_sphere_pkg build --build-base /home/gabri/ros2_ws/build/my_sphere_pkg/build install --record /home/gabri/ros2_ws/build/my_sphere_pkg/install.log --single-version-externally-managed install_data
[1.270s] running egg_info
[1.271s] creating ../../../build/my_sphere_pkg/my_sphere_pkg.egg-info
[1.271s] writing ../../../build/my_sphere_pkg/my_sphere_pkg.egg-info/PKG-INFO
[1.271s] writing dependency_links to ../../../build/my_sphere_pkg/my_sphere_pkg.egg-info/dependency_links.txt
[1.271s] writing entry points to ../../../build/my_sphere_pkg/my_sphere_pkg.egg-info/entry_points.txt
[1.271s] writing requirements to ../../../build/my_sphere_pkg/my_sphere_pkg.egg-info/requires.txt
[1.271s] writing top-level names to ../../../build/my_sphere_pkg/my_sphere_pkg.egg-info/top_level.txt
[1.273s] writing manifest file '../../../build/my_sphere_pkg/my_sphere_pkg.egg-info/SOURCES.txt'
[1.299s] reading manifest file '../../../build/my_sphere_pkg/my_sphere_pkg.egg-info/SOURCES.txt'
[1.300s] writing manifest file '../../../build/my_sphere_pkg/my_sphere_pkg.egg-info/SOURCES.txt'
[1.300s] running build
[1.300s] running build_py
[1.300s] creating /home/gabri/ros2_ws/build/my_sphere_pkg/build
[1.300s] creating /home/gabri/ros2_ws/build/my_sphere_pkg/build/lib
[1.301s] creating /home/gabri/ros2_ws/build/my_sphere_pkg/build/lib/my_sphere_pkg
[1.301s] copying my_sphere_pkg/client_node.py -> /home/gabri/ros2_ws/build/my_sphere_pkg/build/lib/my_sphere_pkg
[1.301s] copying my_sphere_pkg/coordinate_node.py -> /home/gabri/ros2_ws/build/my_sphere_pkg/build/lib/my_sphere_pkg
[1.301s] copying my_sphere_pkg/__init__.py -> /home/gabri/ros2_ws/build/my_sphere_pkg/build/lib/my_sphere_pkg
[1.301s] running install
[1.301s] running install_lib
[1.302s] creating /home/gabri/ros2_ws/install/my_sphere_pkg/lib/python3.8/site-packages/my_sphere_pkg
[1.302s] copying /home/gabri/ros2_ws/build/my_sphere_pkg/build/lib/my_sphere_pkg/client_node.py -> /home/gabri/ros2_ws/install/my_sphere_pkg/lib/python3.8/site-packages/my_sphere_pkg
[1.302s] copying /home/gabri/ros2_ws/build/my_sphere_pkg/build/lib/my_sphere_pkg/coordinate_node.py -> /home/gabri/ros2_ws/install/my_sphere_pkg/lib/python3.8/site-packages/my_sphere_pkg
[1.302s] copying /home/gabri/ros2_ws/build/my_sphere_pkg/build/lib/my_sphere_pkg/__init__.py -> /home/gabri/ros2_ws/install/my_sphere_pkg/lib/python3.8/site-packages/my_sphere_pkg
[1.303s] byte-compiling /home/gabri/ros2_ws/install/my_sphere_pkg/lib/python3.8/site-packages/my_sphere_pkg/client_node.py to client_node.cpython-38.pyc
[1.304s] byte-compiling /home/gabri/ros2_ws/install/my_sphere_pkg/lib/python3.8/site-packages/my_sphere_pkg/coordinate_node.py to coordinate_node.cpython-38.pyc
[1.305s] byte-compiling /home/gabri/ros2_ws/install/my_sphere_pkg/lib/python3.8/site-packages/my_sphere_pkg/__init__.py to __init__.cpython-38.pyc
[1.305s] running install_data
[1.305s] creating /home/gabri/ros2_ws/install/my_sphere_pkg/share/ament_index
[1.305s] creating /home/gabri/ros2_ws/install/my_sphere_pkg/share/ament_index/resource_index
[1.305s] creating /home/gabri/ros2_ws/install/my_sphere_pkg/share/ament_index/resource_index/packages
[1.305s] copying resource/my_sphere_pkg -> /home/gabri/ros2_ws/install/my_sphere_pkg/share/ament_index/resource_index/packages
[1.305s] copying package.xml -> /home/gabri/ros2_ws/install/my_sphere_pkg/share/my_sphere_pkg
[1.306s] creating /home/gabri/ros2_ws/install/my_sphere_pkg/share/my_sphere_pkg/launch
[1.306s] copying launch/my_sphere.launch.py -> /home/gabri/ros2_ws/install/my_sphere_pkg/share/my_sphere_pkg/launch
[1.306s] creating /home/gabri/ros2_ws/install/my_sphere_pkg/share/my_sphere_pkg/worlds
[1.306s] copying worlds/my_empty_world.world -> /home/gabri/ros2_ws/install/my_sphere_pkg/share/my_sphere_pkg/worlds
[1.306s] creating /home/gabri/ros2_ws/install/my_sphere_pkg/share/my_sphere_pkg/rviz
[1.306s] copying rviz/my_rviz_conf.rviz -> /home/gabri/ros2_ws/install/my_sphere_pkg/share/my_sphere_pkg/rviz
[1.306s] creating /home/gabri/ros2_ws/install/my_sphere_pkg/share/my_sphere_pkg/models
[1.307s] creating /home/gabri/ros2_ws/install/my_sphere_pkg/share/my_sphere_pkg/models/sdf
[1.307s] creating /home/gabri/ros2_ws/install/my_sphere_pkg/share/my_sphere_pkg/models/sdf/sphere_goal
[1.307s] copying models/sdf/sphere_goal/model.config -> /home/gabri/ros2_ws/install/my_sphere_pkg/share/my_sphere_pkg/models/sdf/sphere_goal
[1.307s] copying models/sdf/sphere_goal/model.sdf -> /home/gabri/ros2_ws/install/my_sphere_pkg/share/my_sphere_pkg/models/sdf/sphere_goal
[1.307s] creating /home/gabri/ros2_ws/install/my_sphere_pkg/share/my_sphere_pkg/models/urdf
[1.308s] copying models/urdf/sphere.urdf -> /home/gabri/ros2_ws/install/my_sphere_pkg/share/my_sphere_pkg/models/urdf
[1.309s] running install_egg_info
[1.309s] Copying ../../../build/my_sphere_pkg/my_sphere_pkg.egg-info to /home/gabri/ros2_ws/install/my_sphere_pkg/lib/python3.8/site-packages/my_sphere_pkg-0.0.0-py3.8.egg-info
[1.309s] running install_scripts
[1.324s] Installing my_client_node script to /home/gabri/ros2_ws/install/my_sphere_pkg/lib/my_sphere_pkg
[1.324s] Installing reader_mark_node script to /home/gabri/ros2_ws/install/my_sphere_pkg/lib/my_sphere_pkg
[1.324s] writing list of installed files to '/home/gabri/ros2_ws/build/my_sphere_pkg/install.log'
[1.350s] Invoked command in '/home/gabri/ros2_ws/src/robotic_arm_environment/my_sphere_pkg' returned '0': PYTHONPATH=/home/gabri/ros2_ws/build/my_sphere_pkg/prefix_override:/usr/lib/python3/dist-packages/colcon_core/task/python/colcon_distutils_commands:/home/gabri/ros2_ws/install/my_sphere_pkg/lib/python3.8/site-packages:${PYTHONPATH} /usr/bin/python3 -W ignore:setup.py install is deprecated -W ignore:easy_install command is deprecated setup.py egg_info --egg-base ../../../build/my_sphere_pkg build --build-base /home/gabri/ros2_ws/build/my_sphere_pkg/build install --record /home/gabri/ros2_ws/build/my_sphere_pkg/install.log --single-version-externally-managed install_data
