[0.152s] DEBUG:colcon:Command line arguments: ['/usr/bin/colcon', 'build']
[0.152s] DEBUG:colcon:Parsed command line arguments: Namespace(allow_overriding=[], ament_cmake_args=None, base_paths=['.'], build_base='build', catkin_cmake_args=None, catkin_skip_building_tests=False, cmake_args=None, cmake_clean_cache=False, cmake_clean_first=False, cmake_force_configure=False, cmake_target=None, cmake_target_skip_unavailable=False, continue_on_error=False, event_handlers=None, executor='parallel', ignore_user_meta=False, install_base='install', log_base=None, log_level=None, main=<bound method BuildVerb.main of <colcon_core.verb.build.BuildVerb object at 0x7f746cb893d0>>, merge_install=False, metas=['./colcon.meta'], mixin=None, mixin_files=None, mixin_verb=('build',), packages_above=None, packages_above_and_dependencies=None, packages_above_depth=None, packages_end=None, packages_ignore=None, packages_ignore_regex=None, packages_select=None, packages_select_build_failed=False, packages_select_by_dep=None, packages_select_regex=None, packages_select_test_failures=False, packages_skip=None, packages_skip_build_finished=False, packages_skip_by_dep=None, packages_skip_regex=None, packages_skip_test_passed=False, packages_skip_up_to=None, packages_start=None, packages_up_to=None, packages_up_to_regex=None, parallel_workers=16, paths=None, symlink_install=False, test_result_base=None, verb_extension=<colcon_core.verb.build.BuildVerb object at 0x7f746cb893d0>, verb_name='build', verb_parser=<colcon_mixin.mixin.mixin_argument.MixinArgumentDecorator object at 0x7f746cae19a0>)
[0.260s] Level 1:colcon.colcon_core.package_discovery:discover_packages(colcon_meta) check parameters
[0.260s] Level 1:colcon.colcon_core.package_discovery:discover_packages(recursive) check parameters
[0.260s] Level 1:colcon.colcon_core.package_discovery:discover_packages(ignore) check parameters
[0.260s] Level 1:colcon.colcon_core.package_discovery:discover_packages(path) check parameters
[0.260s] Level 1:colcon.colcon_core.package_discovery:discover_packages(colcon_meta) discover
[0.260s] Level 1:colcon.colcon_core.package_discovery:discover_packages(recursive) discover
[0.260s] INFO:colcon.colcon_core.package_discovery:Crawling recursively for packages in '/home/gabri/ros2_ws'
[0.260s] Level 1:colcon.colcon_core.package_identification:_identify(.) by extensions ['ignore', 'ignore_ament_install']
[0.260s] Level 1:colcon.colcon_core.package_identification:_identify(.) by extension 'ignore'
[0.260s] Level 1:colcon.colcon_core.package_identification:_identify(.) by extension 'ignore_ament_install'
[0.260s] Level 1:colcon.colcon_core.package_identification:_identify(.) by extensions ['colcon_pkg']
[0.260s] Level 1:colcon.colcon_core.package_identification:_identify(.) by extension 'colcon_pkg'
[0.260s] Level 1:colcon.colcon_core.package_identification:_identify(.) by extensions ['colcon_meta']
[0.260s] Level 1:colcon.colcon_core.package_identification:_identify(.) by extension 'colcon_meta'
[0.260s] Level 1:colcon.colcon_core.package_identification:_identify(.) by extensions ['ros']
[0.260s] Level 1:colcon.colcon_core.package_identification:_identify(.) by extension 'ros'
[0.269s] Level 1:colcon.colcon_core.package_identification:_identify(.) by extensions ['cmake', 'python']
[0.269s] Level 1:colcon.colcon_core.package_identification:_identify(.) by extension 'cmake'
[0.269s] Level 1:colcon.colcon_core.package_identification:_identify(.) by extension 'python'
[0.269s] Level 1:colcon.colcon_core.package_identification:_identify(.) by extensions ['python_setup_py']
[0.269s] Level 1:colcon.colcon_core.package_identification:_identify(.) by extension 'python_setup_py'
[0.269s] Level 1:colcon.colcon_core.package_identification:_identify(build) by extensions ['ignore', 'ignore_ament_install']
[0.269s] Level 1:colcon.colcon_core.package_identification:_identify(build) by extension 'ignore'
[0.269s] Level 1:colcon.colcon_core.package_identification:_identify(build) ignored
[0.269s] Level 1:colcon.colcon_core.package_identification:_identify(install) by extensions ['ignore', 'ignore_ament_install']
[0.269s] Level 1:colcon.colcon_core.package_identification:_identify(install) by extension 'ignore'
[0.269s] Level 1:colcon.colcon_core.package_identification:_identify(install) ignored
[0.269s] Level 1:colcon.colcon_core.package_identification:_identify(log) by extensions ['ignore', 'ignore_ament_install']
[0.269s] Level 1:colcon.colcon_core.package_identification:_identify(log) by extension 'ignore'
[0.269s] Level 1:colcon.colcon_core.package_identification:_identify(log) ignored
[0.269s] Level 1:colcon.colcon_core.package_identification:_identify(src) by extensions ['ignore', 'ignore_ament_install']
[0.270s] Level 1:colcon.colcon_core.package_identification:_identify(src) by extension 'ignore'
[0.270s] Level 1:colcon.colcon_core.package_identification:_identify(src) by extension 'ignore_ament_install'
[0.270s] Level 1:colcon.colcon_core.package_identification:_identify(src) by extensions ['colcon_pkg']
[0.270s] Level 1:colcon.colcon_core.package_identification:_identify(src) by extension 'colcon_pkg'
[0.270s] Level 1:colcon.colcon_core.package_identification:_identify(src) by extensions ['colcon_meta']
[0.270s] Level 1:colcon.colcon_core.package_identification:_identify(src) by extension 'colcon_meta'
[0.270s] Level 1:colcon.colcon_core.package_identification:_identify(src) by extensions ['ros']
[0.270s] Level 1:colcon.colcon_core.package_identification:_identify(src) by extension 'ros'
[0.270s] Level 1:colcon.colcon_core.package_identification:_identify(src) by extensions ['cmake', 'python']
[0.270s] Level 1:colcon.colcon_core.package_identification:_identify(src) by extension 'cmake'
[0.270s] Level 1:colcon.colcon_core.package_identification:_identify(src) by extension 'python'
[0.270s] Level 1:colcon.colcon_core.package_identification:_identify(src) by extensions ['python_setup_py']
[0.270s] Level 1:colcon.colcon_core.package_identification:_identify(src) by extension 'python_setup_py'
[0.270s] Level 1:colcon.colcon_core.package_identification:_identify(src/build) by extensions ['ignore', 'ignore_ament_install']
[0.270s] Level 1:colcon.colcon_core.package_identification:_identify(src/build) by extension 'ignore'
[0.270s] Level 1:colcon.colcon_core.package_identification:_identify(src/build) ignored
[0.270s] Level 1:colcon.colcon_core.package_identification:_identify(src/gazebo_ros2_control) by extensions ['ignore', 'ignore_ament_install']
[0.270s] Level 1:colcon.colcon_core.package_identification:_identify(src/gazebo_ros2_control) by extension 'ignore'
[0.270s] Level 1:colcon.colcon_core.package_identification:_identify(src/gazebo_ros2_control) by extension 'ignore_ament_install'
[0.270s] Level 1:colcon.colcon_core.package_identification:_identify(src/gazebo_ros2_control) by extensions ['colcon_pkg']
[0.270s] Level 1:colcon.colcon_core.package_identification:_identify(src/gazebo_ros2_control) by extension 'colcon_pkg'
[0.270s] Level 1:colcon.colcon_core.package_identification:_identify(src/gazebo_ros2_control) by extensions ['colcon_meta']
[0.270s] Level 1:colcon.colcon_core.package_identification:_identify(src/gazebo_ros2_control) by extension 'colcon_meta'
[0.270s] Level 1:colcon.colcon_core.package_identification:_identify(src/gazebo_ros2_control) by extensions ['ros']
[0.270s] Level 1:colcon.colcon_core.package_identification:_identify(src/gazebo_ros2_control) by extension 'ros'
[0.270s] Level 1:colcon.colcon_core.package_identification:_identify(src/gazebo_ros2_control) by extensions ['cmake', 'python']
[0.270s] Level 1:colcon.colcon_core.package_identification:_identify(src/gazebo_ros2_control) by extension 'cmake'
[0.271s] Level 1:colcon.colcon_core.package_identification:_identify(src/gazebo_ros2_control) by extension 'python'
[0.271s] Level 1:colcon.colcon_core.package_identification:_identify(src/gazebo_ros2_control) by extensions ['python_setup_py']
[0.271s] Level 1:colcon.colcon_core.package_identification:_identify(src/gazebo_ros2_control) by extension 'python_setup_py'
[0.271s] Level 1:colcon.colcon_core.package_identification:_identify(src/gazebo_ros2_control/Docker) by extensions ['ignore', 'ignore_ament_install']
[0.271s] Level 1:colcon.colcon_core.package_identification:_identify(src/gazebo_ros2_control/Docker) by extension 'ignore'
[0.271s] Level 1:colcon.colcon_core.package_identification:_identify(src/gazebo_ros2_control/Docker) by extension 'ignore_ament_install'
[0.271s] Level 1:colcon.colcon_core.package_identification:_identify(src/gazebo_ros2_control/Docker) by extensions ['colcon_pkg']
[0.271s] Level 1:colcon.colcon_core.package_identification:_identify(src/gazebo_ros2_control/Docker) by extension 'colcon_pkg'
[0.271s] Level 1:colcon.colcon_core.package_identification:_identify(src/gazebo_ros2_control/Docker) by extensions ['colcon_meta']
[0.271s] Level 1:colcon.colcon_core.package_identification:_identify(src/gazebo_ros2_control/Docker) by extension 'colcon_meta'
[0.271s] Level 1:colcon.colcon_core.package_identification:_identify(src/gazebo_ros2_control/Docker) by extensions ['ros']
[0.271s] Level 1:colcon.colcon_core.package_identification:_identify(src/gazebo_ros2_control/Docker) by extension 'ros'
[0.271s] Level 1:colcon.colcon_core.package_identification:_identify(src/gazebo_ros2_control/Docker) by extensions ['cmake', 'python']
[0.271s] Level 1:colcon.colcon_core.package_identification:_identify(src/gazebo_ros2_control/Docker) by extension 'cmake'
[0.271s] Level 1:colcon.colcon_core.package_identification:_identify(src/gazebo_ros2_control/Docker) by extension 'python'
[0.271s] Level 1:colcon.colcon_core.package_identification:_identify(src/gazebo_ros2_control/Docker) by extensions ['python_setup_py']
[0.271s] Level 1:colcon.colcon_core.package_identification:_identify(src/gazebo_ros2_control/Docker) by extension 'python_setup_py'
[0.271s] Level 1:colcon.colcon_core.package_identification:_identify(src/gazebo_ros2_control/gazebo_ros2_control) by extensions ['ignore', 'ignore_ament_install']
[0.271s] Level 1:colcon.colcon_core.package_identification:_identify(src/gazebo_ros2_control/gazebo_ros2_control) by extension 'ignore'
[0.271s] Level 1:colcon.colcon_core.package_identification:_identify(src/gazebo_ros2_control/gazebo_ros2_control) by extension 'ignore_ament_install'
[0.271s] Level 1:colcon.colcon_core.package_identification:_identify(src/gazebo_ros2_control/gazebo_ros2_control) by extensions ['colcon_pkg']
[0.271s] Level 1:colcon.colcon_core.package_identification:_identify(src/gazebo_ros2_control/gazebo_ros2_control) by extension 'colcon_pkg'
[0.271s] Level 1:colcon.colcon_core.package_identification:_identify(src/gazebo_ros2_control/gazebo_ros2_control) by extensions ['colcon_meta']
[0.271s] Level 1:colcon.colcon_core.package_identification:_identify(src/gazebo_ros2_control/gazebo_ros2_control) by extension 'colcon_meta'
[0.271s] Level 1:colcon.colcon_core.package_identification:_identify(src/gazebo_ros2_control/gazebo_ros2_control) by extensions ['ros']
[0.271s] Level 1:colcon.colcon_core.package_identification:_identify(src/gazebo_ros2_control/gazebo_ros2_control) by extension 'ros'
[0.274s] DEBUG:colcon.colcon_core.package_identification:Package 'src/gazebo_ros2_control/gazebo_ros2_control' with type 'ros.ament_cmake' and name 'gazebo_ros2_control'
[0.274s] Level 1:colcon.colcon_core.package_identification:_identify(src/gazebo_ros2_control/gazebo_ros2_control_demos) by extensions ['ignore', 'ignore_ament_install']
[0.274s] Level 1:colcon.colcon_core.package_identification:_identify(src/gazebo_ros2_control/gazebo_ros2_control_demos) by extension 'ignore'
[0.274s] Level 1:colcon.colcon_core.package_identification:_identify(src/gazebo_ros2_control/gazebo_ros2_control_demos) by extension 'ignore_ament_install'
[0.274s] Level 1:colcon.colcon_core.package_identification:_identify(src/gazebo_ros2_control/gazebo_ros2_control_demos) by extensions ['colcon_pkg']
[0.274s] Level 1:colcon.colcon_core.package_identification:_identify(src/gazebo_ros2_control/gazebo_ros2_control_demos) by extension 'colcon_pkg'
[0.274s] Level 1:colcon.colcon_core.package_identification:_identify(src/gazebo_ros2_control/gazebo_ros2_control_demos) by extensions ['colcon_meta']
[0.274s] Level 1:colcon.colcon_core.package_identification:_identify(src/gazebo_ros2_control/gazebo_ros2_control_demos) by extension 'colcon_meta'
[0.274s] Level 1:colcon.colcon_core.package_identification:_identify(src/gazebo_ros2_control/gazebo_ros2_control_demos) by extensions ['ros']
[0.274s] Level 1:colcon.colcon_core.package_identification:_identify(src/gazebo_ros2_control/gazebo_ros2_control_demos) by extension 'ros'
[0.275s] DEBUG:colcon.colcon_core.package_identification:Package 'src/gazebo_ros2_control/gazebo_ros2_control_demos' with type 'ros.ament_cmake' and name 'gazebo_ros2_control_demos'
[0.275s] Level 1:colcon.colcon_core.package_identification:_identify(src/gazebo_ros2_control/img) by extensions ['ignore', 'ignore_ament_install']
[0.275s] Level 1:colcon.colcon_core.package_identification:_identify(src/gazebo_ros2_control/img) by extension 'ignore'
[0.275s] Level 1:colcon.colcon_core.package_identification:_identify(src/gazebo_ros2_control/img) by extension 'ignore_ament_install'
[0.275s] Level 1:colcon.colcon_core.package_identification:_identify(src/gazebo_ros2_control/img) by extensions ['colcon_pkg']
[0.275s] Level 1:colcon.colcon_core.package_identification:_identify(src/gazebo_ros2_control/img) by extension 'colcon_pkg'
[0.275s] Level 1:colcon.colcon_core.package_identification:_identify(src/gazebo_ros2_control/img) by extensions ['colcon_meta']
[0.275s] Level 1:colcon.colcon_core.package_identification:_identify(src/gazebo_ros2_control/img) by extension 'colcon_meta'
[0.275s] Level 1:colcon.colcon_core.package_identification:_identify(src/gazebo_ros2_control/img) by extensions ['ros']
[0.275s] Level 1:colcon.colcon_core.package_identification:_identify(src/gazebo_ros2_control/img) by extension 'ros'
[0.275s] Level 1:colcon.colcon_core.package_identification:_identify(src/gazebo_ros2_control/img) by extensions ['cmake', 'python']
[0.275s] Level 1:colcon.colcon_core.package_identification:_identify(src/gazebo_ros2_control/img) by extension 'cmake'
[0.275s] Level 1:colcon.colcon_core.package_identification:_identify(src/gazebo_ros2_control/img) by extension 'python'
[0.275s] Level 1:colcon.colcon_core.package_identification:_identify(src/gazebo_ros2_control/img) by extensions ['python_setup_py']
[0.275s] Level 1:colcon.colcon_core.package_identification:_identify(src/gazebo_ros2_control/img) by extension 'python_setup_py'
[0.276s] Level 1:colcon.colcon_core.package_identification:_identify(src/install) by extensions ['ignore', 'ignore_ament_install']
[0.276s] Level 1:colcon.colcon_core.package_identification:_identify(src/install) by extension 'ignore'
[0.276s] Level 1:colcon.colcon_core.package_identification:_identify(src/install) ignored
[0.276s] Level 1:colcon.colcon_core.package_identification:_identify(src/log) by extensions ['ignore', 'ignore_ament_install']
[0.276s] Level 1:colcon.colcon_core.package_identification:_identify(src/log) by extension 'ignore'
[0.276s] Level 1:colcon.colcon_core.package_identification:_identify(src/log) ignored
[0.276s] Level 1:colcon.colcon_core.package_identification:_identify(src/my_doosan_pkg) by extensions ['ignore', 'ignore_ament_install']
[0.276s] Level 1:colcon.colcon_core.package_identification:_identify(src/my_doosan_pkg) by extension 'ignore'
[0.276s] Level 1:colcon.colcon_core.package_identification:_identify(src/my_doosan_pkg) by extension 'ignore_ament_install'
[0.276s] Level 1:colcon.colcon_core.package_identification:_identify(src/my_doosan_pkg) by extensions ['colcon_pkg']
[0.276s] Level 1:colcon.colcon_core.package_identification:_identify(src/my_doosan_pkg) by extension 'colcon_pkg'
[0.276s] Level 1:colcon.colcon_core.package_identification:_identify(src/my_doosan_pkg) by extensions ['colcon_meta']
[0.276s] Level 1:colcon.colcon_core.package_identification:_identify(src/my_doosan_pkg) by extension 'colcon_meta'
[0.276s] Level 1:colcon.colcon_core.package_identification:_identify(src/my_doosan_pkg) by extensions ['ros']
[0.276s] Level 1:colcon.colcon_core.package_identification:_identify(src/my_doosan_pkg) by extension 'ros'
[0.277s] DEBUG:colcon.colcon_core.package_identification:Package 'src/my_doosan_pkg' with type 'ros.ament_python' and name 'my_doosan_pkg'
[0.277s] Level 1:colcon.colcon_core.package_identification:_identify(src/robotic_arm_environment) by extensions ['ignore', 'ignore_ament_install']
[0.277s] Level 1:colcon.colcon_core.package_identification:_identify(src/robotic_arm_environment) by extension 'ignore'
[0.277s] Level 1:colcon.colcon_core.package_identification:_identify(src/robotic_arm_environment) by extension 'ignore_ament_install'
[0.277s] Level 1:colcon.colcon_core.package_identification:_identify(src/robotic_arm_environment) by extensions ['colcon_pkg']
[0.277s] Level 1:colcon.colcon_core.package_identification:_identify(src/robotic_arm_environment) by extension 'colcon_pkg'
[0.277s] Level 1:colcon.colcon_core.package_identification:_identify(src/robotic_arm_environment) by extensions ['colcon_meta']
[0.277s] Level 1:colcon.colcon_core.package_identification:_identify(src/robotic_arm_environment) by extension 'colcon_meta'
[0.277s] Level 1:colcon.colcon_core.package_identification:_identify(src/robotic_arm_environment) by extensions ['ros']
[0.277s] Level 1:colcon.colcon_core.package_identification:_identify(src/robotic_arm_environment) by extension 'ros'
[0.277s] Level 1:colcon.colcon_core.package_identification:_identify(src/robotic_arm_environment) by extensions ['cmake', 'python']
[0.277s] Level 1:colcon.colcon_core.package_identification:_identify(src/robotic_arm_environment) by extension 'cmake'
[0.277s] Level 1:colcon.colcon_core.package_identification:_identify(src/robotic_arm_environment) by extension 'python'
[0.277s] Level 1:colcon.colcon_core.package_identification:_identify(src/robotic_arm_environment) by extensions ['python_setup_py']
[0.277s] Level 1:colcon.colcon_core.package_identification:_identify(src/robotic_arm_environment) by extension 'python_setup_py'
[0.277s] Level 1:colcon.colcon_core.package_identification:_identify(src/robotic_arm_environment/RL_algorithms_basic) by extensions ['ignore', 'ignore_ament_install']
[0.277s] Level 1:colcon.colcon_core.package_identification:_identify(src/robotic_arm_environment/RL_algorithms_basic) by extension 'ignore'
[0.277s] Level 1:colcon.colcon_core.package_identification:_identify(src/robotic_arm_environment/RL_algorithms_basic) by extension 'ignore_ament_install'
[0.277s] Level 1:colcon.colcon_core.package_identification:_identify(src/robotic_arm_environment/RL_algorithms_basic) by extensions ['colcon_pkg']
[0.277s] Level 1:colcon.colcon_core.package_identification:_identify(src/robotic_arm_environment/RL_algorithms_basic) by extension 'colcon_pkg'
[0.277s] Level 1:colcon.colcon_core.package_identification:_identify(src/robotic_arm_environment/RL_algorithms_basic) by extensions ['colcon_meta']
[0.277s] Level 1:colcon.colcon_core.package_identification:_identify(src/robotic_arm_environment/RL_algorithms_basic) by extension 'colcon_meta'
[0.277s] Level 1:colcon.colcon_core.package_identification:_identify(src/robotic_arm_environment/RL_algorithms_basic) by extensions ['ros']
[0.277s] Level 1:colcon.colcon_core.package_identification:_identify(src/robotic_arm_environment/RL_algorithms_basic) by extension 'ros'
[0.278s] Level 1:colcon.colcon_core.package_identification:_identify(src/robotic_arm_environment/RL_algorithms_basic) by extensions ['cmake', 'python']
[0.278s] Level 1:colcon.colcon_core.package_identification:_identify(src/robotic_arm_environment/RL_algorithms_basic) by extension 'cmake'
[0.278s] Level 1:colcon.colcon_core.package_identification:_identify(src/robotic_arm_environment/RL_algorithms_basic) by extension 'python'
[0.278s] Level 1:colcon.colcon_core.package_identification:_identify(src/robotic_arm_environment/RL_algorithms_basic) by extensions ['python_setup_py']
[0.278s] Level 1:colcon.colcon_core.package_identification:_identify(src/robotic_arm_environment/RL_algorithms_basic) by extension 'python_setup_py'
[0.278s] Level 1:colcon.colcon_core.package_identification:_identify(src/robotic_arm_environment/data) by extensions ['ignore', 'ignore_ament_install']
[0.278s] Level 1:colcon.colcon_core.package_identification:_identify(src/robotic_arm_environment/data) by extension 'ignore'
[0.278s] Level 1:colcon.colcon_core.package_identification:_identify(src/robotic_arm_environment/data) by extension 'ignore_ament_install'
[0.278s] Level 1:colcon.colcon_core.package_identification:_identify(src/robotic_arm_environment/data) by extensions ['colcon_pkg']
[0.278s] Level 1:colcon.colcon_core.package_identification:_identify(src/robotic_arm_environment/data) by extension 'colcon_pkg'
[0.278s] Level 1:colcon.colcon_core.package_identification:_identify(src/robotic_arm_environment/data) by extensions ['colcon_meta']
[0.278s] Level 1:colcon.colcon_core.package_identification:_identify(src/robotic_arm_environment/data) by extension 'colcon_meta'
[0.278s] Level 1:colcon.colcon_core.package_identification:_identify(src/robotic_arm_environment/data) by extensions ['ros']
[0.278s] Level 1:colcon.colcon_core.package_identification:_identify(src/robotic_arm_environment/data) by extension 'ros'
[0.278s] Level 1:colcon.colcon_core.package_identification:_identify(src/robotic_arm_environment/data) by extensions ['cmake', 'python']
[0.278s] Level 1:colcon.colcon_core.package_identification:_identify(src/robotic_arm_environment/data) by extension 'cmake'
[0.278s] Level 1:colcon.colcon_core.package_identification:_identify(src/robotic_arm_environment/data) by extension 'python'
[0.278s] Level 1:colcon.colcon_core.package_identification:_identify(src/robotic_arm_environment/data) by extensions ['python_setup_py']
[0.278s] Level 1:colcon.colcon_core.package_identification:_identify(src/robotic_arm_environment/data) by extension 'python_setup_py'
[0.278s] Level 1:colcon.colcon_core.package_identification:_identify(src/robotic_arm_environment/images) by extensions ['ignore', 'ignore_ament_install']
[0.278s] Level 1:colcon.colcon_core.package_identification:_identify(src/robotic_arm_environment/images) by extension 'ignore'
[0.278s] Level 1:colcon.colcon_core.package_identification:_identify(src/robotic_arm_environment/images) by extension 'ignore_ament_install'
[0.278s] Level 1:colcon.colcon_core.package_identification:_identify(src/robotic_arm_environment/images) by extensions ['colcon_pkg']
[0.278s] Level 1:colcon.colcon_core.package_identification:_identify(src/robotic_arm_environment/images) by extension 'colcon_pkg'
[0.278s] Level 1:colcon.colcon_core.package_identification:_identify(src/robotic_arm_environment/images) by extensions ['colcon_meta']
[0.278s] Level 1:colcon.colcon_core.package_identification:_identify(src/robotic_arm_environment/images) by extension 'colcon_meta'
[0.278s] Level 1:colcon.colcon_core.package_identification:_identify(src/robotic_arm_environment/images) by extensions ['ros']
[0.278s] Level 1:colcon.colcon_core.package_identification:_identify(src/robotic_arm_environment/images) by extension 'ros'
[0.278s] Level 1:colcon.colcon_core.package_identification:_identify(src/robotic_arm_environment/images) by extensions ['cmake', 'python']
[0.279s] Level 1:colcon.colcon_core.package_identification:_identify(src/robotic_arm_environment/images) by extension 'cmake'
[0.279s] Level 1:colcon.colcon_core.package_identification:_identify(src/robotic_arm_environment/images) by extension 'python'
[0.279s] Level 1:colcon.colcon_core.package_identification:_identify(src/robotic_arm_environment/images) by extensions ['python_setup_py']
[0.279s] Level 1:colcon.colcon_core.package_identification:_identify(src/robotic_arm_environment/images) by extension 'python_setup_py'
[0.279s] Level 1:colcon.colcon_core.package_identification:_identify(src/robotic_arm_environment/my_doosan_pkg) by extensions ['ignore', 'ignore_ament_install']
[0.279s] Level 1:colcon.colcon_core.package_identification:_identify(src/robotic_arm_environment/my_doosan_pkg) by extension 'ignore'
[0.279s] Level 1:colcon.colcon_core.package_identification:_identify(src/robotic_arm_environment/my_doosan_pkg) by extension 'ignore_ament_install'
[0.279s] Level 1:colcon.colcon_core.package_identification:_identify(src/robotic_arm_environment/my_doosan_pkg) by extensions ['colcon_pkg']
[0.279s] Level 1:colcon.colcon_core.package_identification:_identify(src/robotic_arm_environment/my_doosan_pkg) by extension 'colcon_pkg'
[0.279s] Level 1:colcon.colcon_core.package_identification:_identify(src/robotic_arm_environment/my_doosan_pkg) by extensions ['colcon_meta']
[0.279s] Level 1:colcon.colcon_core.package_identification:_identify(src/robotic_arm_environment/my_doosan_pkg) by extension 'colcon_meta'
[0.279s] Level 1:colcon.colcon_core.package_identification:_identify(src/robotic_arm_environment/my_doosan_pkg) by extensions ['ros']
[0.279s] Level 1:colcon.colcon_core.package_identification:_identify(src/robotic_arm_environment/my_doosan_pkg) by extension 'ros'
[0.279s] DEBUG:colcon.colcon_core.package_identification:Package 'src/robotic_arm_environment/my_doosan_pkg' with type 'ros.ament_python' and name 'my_doosan_pkg0'
[0.279s] Level 1:colcon.colcon_core.package_identification:_identify(src/robotic_arm_environment/my_environment_pkg) by extensions ['ignore', 'ignore_ament_install']
[0.280s] Level 1:colcon.colcon_core.package_identification:_identify(src/robotic_arm_environment/my_environment_pkg) by extension 'ignore'
[0.280s] Level 1:colcon.colcon_core.package_identification:_identify(src/robotic_arm_environment/my_environment_pkg) by extension 'ignore_ament_install'
[0.280s] Level 1:colcon.colcon_core.package_identification:_identify(src/robotic_arm_environment/my_environment_pkg) by extensions ['colcon_pkg']
[0.280s] Level 1:colcon.colcon_core.package_identification:_identify(src/robotic_arm_environment/my_environment_pkg) by extension 'colcon_pkg'
[0.280s] Level 1:colcon.colcon_core.package_identification:_identify(src/robotic_arm_environment/my_environment_pkg) by extensions ['colcon_meta']
[0.280s] Level 1:colcon.colcon_core.package_identification:_identify(src/robotic_arm_environment/my_environment_pkg) by extension 'colcon_meta'
[0.280s] Level 1:colcon.colcon_core.package_identification:_identify(src/robotic_arm_environment/my_environment_pkg) by extensions ['ros']
[0.280s] Level 1:colcon.colcon_core.package_identification:_identify(src/robotic_arm_environment/my_environment_pkg) by extension 'ros'
[0.280s] DEBUG:colcon.colcon_core.package_identification:Package 'src/robotic_arm_environment/my_environment_pkg' with type 'ros.ament_python' and name 'my_environment_pkg'
[0.280s] Level 1:colcon.colcon_core.package_identification:_identify(src/robotic_arm_environment/my_sphere_pkg) by extensions ['ignore', 'ignore_ament_install']
[0.280s] Level 1:colcon.colcon_core.package_identification:_identify(src/robotic_arm_environment/my_sphere_pkg) by extension 'ignore'
[0.280s] Level 1:colcon.colcon_core.package_identification:_identify(src/robotic_arm_environment/my_sphere_pkg) by extension 'ignore_ament_install'
[0.280s] Level 1:colcon.colcon_core.package_identification:_identify(src/robotic_arm_environment/my_sphere_pkg) by extensions ['colcon_pkg']
[0.280s] Level 1:colcon.colcon_core.package_identification:_identify(src/robotic_arm_environment/my_sphere_pkg) by extension 'colcon_pkg'
[0.280s] Level 1:colcon.colcon_core.package_identification:_identify(src/robotic_arm_environment/my_sphere_pkg) by extensions ['colcon_meta']
[0.280s] Level 1:colcon.colcon_core.package_identification:_identify(src/robotic_arm_environment/my_sphere_pkg) by extension 'colcon_meta'
[0.280s] Level 1:colcon.colcon_core.package_identification:_identify(src/robotic_arm_environment/my_sphere_pkg) by extensions ['ros']
[0.281s] Level 1:colcon.colcon_core.package_identification:_identify(src/robotic_arm_environment/my_sphere_pkg) by extension 'ros'
[0.281s] DEBUG:colcon.colcon_core.package_identification:Package 'src/robotic_arm_environment/my_sphere_pkg' with type 'ros.ament_python' and name 'my_sphere_pkg'
[0.281s] Level 1:colcon.colcon_core.package_discovery:discover_packages(recursive) using defaults
[0.281s] Level 1:colcon.colcon_core.package_discovery:discover_packages(ignore) discover
[0.281s] Level 1:colcon.colcon_core.package_discovery:discover_packages(ignore) using defaults
[0.281s] Level 1:colcon.colcon_core.package_discovery:discover_packages(path) discover
[0.281s] Level 1:colcon.colcon_core.package_discovery:discover_packages(path) using defaults
[0.304s] Level 1:colcon.colcon_core.package_discovery:discover_packages(prefix_path) check parameters
[0.304s] Level 1:colcon.colcon_core.package_discovery:discover_packages(prefix_path) discover
[0.305s] DEBUG:colcon.colcon_installed_package_information.package_discovery:Found 6 installed packages in /home/gabri/ros2_ws/install
[0.306s] DEBUG:colcon.colcon_installed_package_information.package_discovery:Found 290 installed packages in /opt/ros/foxy
[0.307s] Level 1:colcon.colcon_core.package_discovery:discover_packages(prefix_path) using defaults
[0.351s] Level 5:colcon.colcon_core.verb:set package 'gazebo_ros2_control' build argument 'cmake_args' from command line to 'None'
[0.351s] Level 5:colcon.colcon_core.verb:set package 'gazebo_ros2_control' build argument 'cmake_target' from command line to 'None'
[0.351s] Level 5:colcon.colcon_core.verb:set package 'gazebo_ros2_control' build argument 'cmake_target_skip_unavailable' from command line to 'False'
[0.351s] Level 5:colcon.colcon_core.verb:set package 'gazebo_ros2_control' build argument 'cmake_clean_cache' from command line to 'False'
[0.351s] Level 5:colcon.colcon_core.verb:set package 'gazebo_ros2_control' build argument 'cmake_clean_first' from command line to 'False'
[0.351s] Level 5:colcon.colcon_core.verb:set package 'gazebo_ros2_control' build argument 'cmake_force_configure' from command line to 'False'
[0.351s] Level 5:colcon.colcon_core.verb:set package 'gazebo_ros2_control' build argument 'ament_cmake_args' from command line to 'None'
[0.351s] Level 5:colcon.colcon_core.verb:set package 'gazebo_ros2_control' build argument 'catkin_cmake_args' from command line to 'None'
[0.351s] Level 5:colcon.colcon_core.verb:set package 'gazebo_ros2_control' build argument 'catkin_skip_building_tests' from command line to 'False'
[0.351s] DEBUG:colcon.colcon_core.verb:Building package 'gazebo_ros2_control' with the following arguments: {'ament_cmake_args': None, 'build_base': '/home/gabri/ros2_ws/build/gazebo_ros2_control', 'catkin_cmake_args': None, 'catkin_skip_building_tests': False, 'cmake_args': None, 'cmake_clean_cache': False, 'cmake_clean_first': False, 'cmake_force_configure': False, 'cmake_target': None, 'cmake_target_skip_unavailable': False, 'install_base': '/home/gabri/ros2_ws/install/gazebo_ros2_control', 'merge_install': False, 'path': '/home/gabri/ros2_ws/src/gazebo_ros2_control/gazebo_ros2_control', 'symlink_install': False, 'test_result_base': None}
[0.351s] Level 5:colcon.colcon_core.verb:set package 'my_doosan_pkg' build argument 'cmake_args' from command line to 'None'
[0.351s] Level 5:colcon.colcon_core.verb:set package 'my_doosan_pkg' build argument 'cmake_target' from command line to 'None'
[0.351s] Level 5:colcon.colcon_core.verb:set package 'my_doosan_pkg' build argument 'cmake_target_skip_unavailable' from command line to 'False'
[0.351s] Level 5:colcon.colcon_core.verb:set package 'my_doosan_pkg' build argument 'cmake_clean_cache' from command line to 'False'
[0.351s] Level 5:colcon.colcon_core.verb:set package 'my_doosan_pkg' build argument 'cmake_clean_first' from command line to 'False'
[0.351s] Level 5:colcon.colcon_core.verb:set package 'my_doosan_pkg' build argument 'cmake_force_configure' from command line to 'False'
[0.351s] Level 5:colcon.colcon_core.verb:set package 'my_doosan_pkg' build argument 'ament_cmake_args' from command line to 'None'
[0.351s] Level 5:colcon.colcon_core.verb:set package 'my_doosan_pkg' build argument 'catkin_cmake_args' from command line to 'None'
[0.351s] Level 5:colcon.colcon_core.verb:set package 'my_doosan_pkg' build argument 'catkin_skip_building_tests' from command line to 'False'
[0.351s] DEBUG:colcon.colcon_core.verb:Building package 'my_doosan_pkg' with the following arguments: {'ament_cmake_args': None, 'build_base': '/home/gabri/ros2_ws/build/my_doosan_pkg', 'catkin_cmake_args': None, 'catkin_skip_building_tests': False, 'cmake_args': None, 'cmake_clean_cache': False, 'cmake_clean_first': False, 'cmake_force_configure': False, 'cmake_target': None, 'cmake_target_skip_unavailable': False, 'install_base': '/home/gabri/ros2_ws/install/my_doosan_pkg', 'merge_install': False, 'path': '/home/gabri/ros2_ws/src/my_doosan_pkg', 'symlink_install': False, 'test_result_base': None}
[0.352s] Level 5:colcon.colcon_core.verb:set package 'my_doosan_pkg0' build argument 'cmake_args' from command line to 'None'
[0.352s] Level 5:colcon.colcon_core.verb:set package 'my_doosan_pkg0' build argument 'cmake_target' from command line to 'None'
[0.352s] Level 5:colcon.colcon_core.verb:set package 'my_doosan_pkg0' build argument 'cmake_target_skip_unavailable' from command line to 'False'
[0.352s] Level 5:colcon.colcon_core.verb:set package 'my_doosan_pkg0' build argument 'cmake_clean_cache' from command line to 'False'
[0.352s] Level 5:colcon.colcon_core.verb:set package 'my_doosan_pkg0' build argument 'cmake_clean_first' from command line to 'False'
[0.352s] Level 5:colcon.colcon_core.verb:set package 'my_doosan_pkg0' build argument 'cmake_force_configure' from command line to 'False'
[0.352s] Level 5:colcon.colcon_core.verb:set package 'my_doosan_pkg0' build argument 'ament_cmake_args' from command line to 'None'
[0.352s] Level 5:colcon.colcon_core.verb:set package 'my_doosan_pkg0' build argument 'catkin_cmake_args' from command line to 'None'
[0.352s] Level 5:colcon.colcon_core.verb:set package 'my_doosan_pkg0' build argument 'catkin_skip_building_tests' from command line to 'False'
[0.352s] DEBUG:colcon.colcon_core.verb:Building package 'my_doosan_pkg0' with the following arguments: {'ament_cmake_args': None, 'build_base': '/home/gabri/ros2_ws/build/my_doosan_pkg0', 'catkin_cmake_args': None, 'catkin_skip_building_tests': False, 'cmake_args': None, 'cmake_clean_cache': False, 'cmake_clean_first': False, 'cmake_force_configure': False, 'cmake_target': None, 'cmake_target_skip_unavailable': False, 'install_base': '/home/gabri/ros2_ws/install/my_doosan_pkg0', 'merge_install': False, 'path': '/home/gabri/ros2_ws/src/robotic_arm_environment/my_doosan_pkg', 'symlink_install': False, 'test_result_base': None}
[0.352s] Level 5:colcon.colcon_core.verb:set package 'my_environment_pkg' build argument 'cmake_args' from command line to 'None'
[0.352s] Level 5:colcon.colcon_core.verb:set package 'my_environment_pkg' build argument 'cmake_target' from command line to 'None'
[0.352s] Level 5:colcon.colcon_core.verb:set package 'my_environment_pkg' build argument 'cmake_target_skip_unavailable' from command line to 'False'
[0.352s] Level 5:colcon.colcon_core.verb:set package 'my_environment_pkg' build argument 'cmake_clean_cache' from command line to 'False'
[0.352s] Level 5:colcon.colcon_core.verb:set package 'my_environment_pkg' build argument 'cmake_clean_first' from command line to 'False'
[0.352s] Level 5:colcon.colcon_core.verb:set package 'my_environment_pkg' build argument 'cmake_force_configure' from command line to 'False'
[0.352s] Level 5:colcon.colcon_core.verb:set package 'my_environment_pkg' build argument 'ament_cmake_args' from command line to 'None'
[0.352s] Level 5:colcon.colcon_core.verb:set package 'my_environment_pkg' build argument 'catkin_cmake_args' from command line to 'None'
[0.352s] Level 5:colcon.colcon_core.verb:set package 'my_environment_pkg' build argument 'catkin_skip_building_tests' from command line to 'False'
[0.352s] DEBUG:colcon.colcon_core.verb:Building package 'my_environment_pkg' with the following arguments: {'ament_cmake_args': None, 'build_base': '/home/gabri/ros2_ws/build/my_environment_pkg', 'catkin_cmake_args': None, 'catkin_skip_building_tests': False, 'cmake_args': None, 'cmake_clean_cache': False, 'cmake_clean_first': False, 'cmake_force_configure': False, 'cmake_target': None, 'cmake_target_skip_unavailable': False, 'install_base': '/home/gabri/ros2_ws/install/my_environment_pkg', 'merge_install': False, 'path': '/home/gabri/ros2_ws/src/robotic_arm_environment/my_environment_pkg', 'symlink_install': False, 'test_result_base': None}
[0.352s] Level 5:colcon.colcon_core.verb:set package 'my_sphere_pkg' build argument 'cmake_args' from command line to 'None'
[0.352s] Level 5:colcon.colcon_core.verb:set package 'my_sphere_pkg' build argument 'cmake_target' from command line to 'None'
[0.352s] Level 5:colcon.colcon_core.verb:set package 'my_sphere_pkg' build argument 'cmake_target_skip_unavailable' from command line to 'False'
[0.352s] Level 5:colcon.colcon_core.verb:set package 'my_sphere_pkg' build argument 'cmake_clean_cache' from command line to 'False'
[0.353s] Level 5:colcon.colcon_core.verb:set package 'my_sphere_pkg' build argument 'cmake_clean_first' from command line to 'False'
[0.353s] Level 5:colcon.colcon_core.verb:set package 'my_sphere_pkg' build argument 'cmake_force_configure' from command line to 'False'
[0.353s] Level 5:colcon.colcon_core.verb:set package 'my_sphere_pkg' build argument 'ament_cmake_args' from command line to 'None'
[0.353s] Level 5:colcon.colcon_core.verb:set package 'my_sphere_pkg' build argument 'catkin_cmake_args' from command line to 'None'
[0.353s] Level 5:colcon.colcon_core.verb:set package 'my_sphere_pkg' build argument 'catkin_skip_building_tests' from command line to 'False'
[0.353s] DEBUG:colcon.colcon_core.verb:Building package 'my_sphere_pkg' with the following arguments: {'ament_cmake_args': None, 'build_base': '/home/gabri/ros2_ws/build/my_sphere_pkg', 'catkin_cmake_args': None, 'catkin_skip_building_tests': False, 'cmake_args': None, 'cmake_clean_cache': False, 'cmake_clean_first': False, 'cmake_force_configure': False, 'cmake_target': None, 'cmake_target_skip_unavailable': False, 'install_base': '/home/gabri/ros2_ws/install/my_sphere_pkg', 'merge_install': False, 'path': '/home/gabri/ros2_ws/src/robotic_arm_environment/my_sphere_pkg', 'symlink_install': False, 'test_result_base': None}
[0.353s] Level 5:colcon.colcon_core.verb:set package 'gazebo_ros2_control_demos' build argument 'cmake_args' from command line to 'None'
[0.353s] Level 5:colcon.colcon_core.verb:set package 'gazebo_ros2_control_demos' build argument 'cmake_target' from command line to 'None'
[0.353s] Level 5:colcon.colcon_core.verb:set package 'gazebo_ros2_control_demos' build argument 'cmake_target_skip_unavailable' from command line to 'False'
[0.353s] Level 5:colcon.colcon_core.verb:set package 'gazebo_ros2_control_demos' build argument 'cmake_clean_cache' from command line to 'False'
[0.353s] Level 5:colcon.colcon_core.verb:set package 'gazebo_ros2_control_demos' build argument 'cmake_clean_first' from command line to 'False'
[0.353s] Level 5:colcon.colcon_core.verb:set package 'gazebo_ros2_control_demos' build argument 'cmake_force_configure' from command line to 'False'
[0.353s] Level 5:colcon.colcon_core.verb:set package 'gazebo_ros2_control_demos' build argument 'ament_cmake_args' from command line to 'None'
[0.353s] Level 5:colcon.colcon_core.verb:set package 'gazebo_ros2_control_demos' build argument 'catkin_cmake_args' from command line to 'None'
[0.353s] Level 5:colcon.colcon_core.verb:set package 'gazebo_ros2_control_demos' build argument 'catkin_skip_building_tests' from command line to 'False'
[0.353s] DEBUG:colcon.colcon_core.verb:Building package 'gazebo_ros2_control_demos' with the following arguments: {'ament_cmake_args': None, 'build_base': '/home/gabri/ros2_ws/build/gazebo_ros2_control_demos', 'catkin_cmake_args': None, 'catkin_skip_building_tests': False, 'cmake_args': None, 'cmake_clean_cache': False, 'cmake_clean_first': False, 'cmake_force_configure': False, 'cmake_target': None, 'cmake_target_skip_unavailable': False, 'install_base': '/home/gabri/ros2_ws/install/gazebo_ros2_control_demos', 'merge_install': False, 'path': '/home/gabri/ros2_ws/src/gazebo_ros2_control/gazebo_ros2_control_demos', 'symlink_install': False, 'test_result_base': None}
[0.353s] INFO:colcon.colcon_core.executor:Executing jobs using 'parallel' executor
[0.354s] DEBUG:colcon.colcon_parallel_executor.executor.parallel:run_until_complete
[0.354s] INFO:colcon.colcon_ros.task.ament_cmake.build:Building ROS package in '/home/gabri/ros2_ws/src/gazebo_ros2_control/gazebo_ros2_control' with build type 'ament_cmake'
[0.354s] INFO:colcon.colcon_cmake.task.cmake.build:Building CMake package in '/home/gabri/ros2_ws/src/gazebo_ros2_control/gazebo_ros2_control'
[0.356s] INFO:colcon.colcon_core.plugin_system:Skipping extension 'colcon_core.shell.bat': Not used on non-Windows systems
[0.357s] INFO:colcon.colcon_core.shell:Skip shell extension 'powershell' for command environment: Not usable outside of PowerShell
[0.357s] DEBUG:colcon.colcon_core.shell:Skip shell extension 'dsv' for command environment
[0.361s] INFO:colcon.colcon_ros.task.ament_python.build:Building ROS package in '/home/gabri/ros2_ws/src/my_doosan_pkg' with build type 'ament_python'
[0.361s] Level 1:colcon.colcon_core.shell:create_environment_hook('my_doosan_pkg', 'ament_prefix_path')
[0.362s] INFO:colcon.colcon_core.shell:Creating environment hook '/home/gabri/ros2_ws/install/my_doosan_pkg/share/my_doosan_pkg/hook/ament_prefix_path.ps1'
[0.363s] INFO:colcon.colcon_core.shell:Creating environment descriptor '/home/gabri/ros2_ws/install/my_doosan_pkg/share/my_doosan_pkg/hook/ament_prefix_path.dsv'
[0.364s] INFO:colcon.colcon_core.shell:Creating environment hook '/home/gabri/ros2_ws/install/my_doosan_pkg/share/my_doosan_pkg/hook/ament_prefix_path.sh'
[0.365s] INFO:colcon.colcon_core.shell:Skip shell extension 'powershell' for command environment: Not usable outside of PowerShell
[0.365s] DEBUG:colcon.colcon_core.shell:Skip shell extension 'dsv' for command environment
[0.373s] INFO:colcon.colcon_ros.task.ament_python.build:Building ROS package in '/home/gabri/ros2_ws/src/robotic_arm_environment/my_doosan_pkg' with build type 'ament_python'
[0.373s] Level 1:colcon.colcon_core.shell:create_environment_hook('my_doosan_pkg0', 'ament_prefix_path')
[0.374s] INFO:colcon.colcon_core.shell:Creating environment hook '/home/gabri/ros2_ws/install/my_doosan_pkg0/share/my_doosan_pkg0/hook/ament_prefix_path.ps1'
[0.375s] INFO:colcon.colcon_core.shell:Creating environment descriptor '/home/gabri/ros2_ws/install/my_doosan_pkg0/share/my_doosan_pkg0/hook/ament_prefix_path.dsv'
[0.375s] INFO:colcon.colcon_core.shell:Creating environment hook '/home/gabri/ros2_ws/install/my_doosan_pkg0/share/my_doosan_pkg0/hook/ament_prefix_path.sh'
[0.375s] INFO:colcon.colcon_core.shell:Skip shell extension 'powershell' for command environment: Not usable outside of PowerShell
[0.375s] DEBUG:colcon.colcon_core.shell:Skip shell extension 'dsv' for command environment
[0.380s] INFO:colcon.colcon_ros.task.ament_python.build:Building ROS package in '/home/gabri/ros2_ws/src/robotic_arm_environment/my_environment_pkg' with build type 'ament_python'
[0.380s] Level 1:colcon.colcon_core.shell:create_environment_hook('my_environment_pkg', 'ament_prefix_path')
[0.380s] INFO:colcon.colcon_core.shell:Creating environment hook '/home/gabri/ros2_ws/install/my_environment_pkg/share/my_environment_pkg/hook/ament_prefix_path.ps1'
[0.381s] INFO:colcon.colcon_core.shell:Creating environment descriptor '/home/gabri/ros2_ws/install/my_environment_pkg/share/my_environment_pkg/hook/ament_prefix_path.dsv'
[0.382s] INFO:colcon.colcon_core.shell:Creating environment hook '/home/gabri/ros2_ws/install/my_environment_pkg/share/my_environment_pkg/hook/ament_prefix_path.sh'
[0.382s] INFO:colcon.colcon_core.shell:Skip shell extension 'powershell' for command environment: Not usable outside of PowerShell
[0.382s] DEBUG:colcon.colcon_core.shell:Skip shell extension 'dsv' for command environment
[0.386s] INFO:colcon.colcon_ros.task.ament_python.build:Building ROS package in '/home/gabri/ros2_ws/src/robotic_arm_environment/my_sphere_pkg' with build type 'ament_python'
[0.386s] Level 1:colcon.colcon_core.shell:create_environment_hook('my_sphere_pkg', 'ament_prefix_path')
[0.387s] INFO:colcon.colcon_core.shell:Creating environment hook '/home/gabri/ros2_ws/install/my_sphere_pkg/share/my_sphere_pkg/hook/ament_prefix_path.ps1'
[0.388s] INFO:colcon.colcon_core.shell:Creating environment descriptor '/home/gabri/ros2_ws/install/my_sphere_pkg/share/my_sphere_pkg/hook/ament_prefix_path.dsv'
[0.388s] INFO:colcon.colcon_core.shell:Creating environment hook '/home/gabri/ros2_ws/install/my_sphere_pkg/share/my_sphere_pkg/hook/ament_prefix_path.sh'
[0.388s] INFO:colcon.colcon_core.shell:Skip shell extension 'powershell' for command environment: Not usable outside of PowerShell
[0.388s] DEBUG:colcon.colcon_core.shell:Skip shell extension 'dsv' for command environment
[0.401s] DEBUG:colcon.colcon_core.event_handler.log_command:Invoking command in '/home/gabri/ros2_ws/build/gazebo_ros2_control': CMAKE_PREFIX_PATH=${CMAKE_PREFIX_PATH}:/home/gabri/ros2_ws/install/my_sphere_pkg:/home/gabri/ros2_ws/install/my_environment_pkg:/home/gabri/ros2_ws/install/my_doosan_pkg0:/home/gabri/ros2_ws/install/my_doosan_pkg:/opt/ros/foxy /usr/bin/cmake --build /home/gabri/ros2_ws/build/gazebo_ros2_control -- -j16 -l16
[0.587s] INFO:colcon.colcon_core.task.python.build:Building Python package in '/home/gabri/ros2_ws/src/my_doosan_pkg'
[0.588s] INFO:colcon.colcon_core.shell:Skip shell extension 'powershell' for command environment: Not usable outside of PowerShell
[0.588s] DEBUG:colcon.colcon_core.shell:Skip shell extension 'dsv' for command environment
[0.768s] WARNING:colcon.colcon_ros.task.ament_python.build:Package 'my_doosan_pkg0' doesn't explicitly install a marker in the package index (colcon-ros currently does it implicitly but that fallback will be removed in the future)
[0.768s] WARNING:colcon.colcon_ros.task.ament_python.build:Package 'my_doosan_pkg0' doesn't explicitly install the 'package.xml' file (colcon-ros currently does it implicitly but that fallback will be removed in the future)
[0.768s] INFO:colcon.colcon_core.task.python.build:Building Python package in '/home/gabri/ros2_ws/src/robotic_arm_environment/my_doosan_pkg'
[0.769s] INFO:colcon.colcon_core.shell:Skip shell extension 'powershell' for command environment: Not usable outside of PowerShell
[0.769s] DEBUG:colcon.colcon_core.shell:Skip shell extension 'dsv' for command environment
[0.955s] INFO:colcon.colcon_core.task.python.build:Building Python package in '/home/gabri/ros2_ws/src/robotic_arm_environment/my_environment_pkg'
[0.955s] INFO:colcon.colcon_core.shell:Skip shell extension 'powershell' for command environment: Not usable outside of PowerShell
[0.955s] DEBUG:colcon.colcon_core.shell:Skip shell extension 'dsv' for command environment
[0.964s] DEBUG:colcon.colcon_core.event_handler.log_command:Invoked command in '/home/gabri/ros2_ws/build/gazebo_ros2_control' returned '0': CMAKE_PREFIX_PATH=${CMAKE_PREFIX_PATH}:/home/gabri/ros2_ws/install/my_sphere_pkg:/home/gabri/ros2_ws/install/my_environment_pkg:/home/gabri/ros2_ws/install/my_doosan_pkg0:/home/gabri/ros2_ws/install/my_doosan_pkg:/opt/ros/foxy /usr/bin/cmake --build /home/gabri/ros2_ws/build/gazebo_ros2_control -- -j16 -l16
[0.986s] DEBUG:colcon.colcon_core.event_handler.log_command:Invoking command in '/home/gabri/ros2_ws/build/gazebo_ros2_control': CMAKE_PREFIX_PATH=${CMAKE_PREFIX_PATH}:/home/gabri/ros2_ws/install/my_sphere_pkg:/home/gabri/ros2_ws/install/my_environment_pkg:/home/gabri/ros2_ws/install/my_doosan_pkg0:/home/gabri/ros2_ws/install/my_doosan_pkg:/opt/ros/foxy /usr/bin/cmake --install /home/gabri/ros2_ws/build/gazebo_ros2_control
[1.165s] INFO:colcon.colcon_core.task.python.build:Building Python package in '/home/gabri/ros2_ws/src/robotic_arm_environment/my_sphere_pkg'
[1.166s] INFO:colcon.colcon_core.shell:Skip shell extension 'powershell' for command environment: Not usable outside of PowerShell
[1.166s] DEBUG:colcon.colcon_core.shell:Skip shell extension 'dsv' for command environment
[1.193s] Level 1:colcon.colcon_core.environment:create_environment_scripts_only(gazebo_ros2_control)
[1.195s] DEBUG:colcon.colcon_core.event_handler.log_command:Invoked command in '/home/gabri/ros2_ws/build/gazebo_ros2_control' returned '0': CMAKE_PREFIX_PATH=${CMAKE_PREFIX_PATH}:/home/gabri/ros2_ws/install/my_sphere_pkg:/home/gabri/ros2_ws/install/my_environment_pkg:/home/gabri/ros2_ws/install/my_doosan_pkg0:/home/gabri/ros2_ws/install/my_doosan_pkg:/opt/ros/foxy /usr/bin/cmake --install /home/gabri/ros2_ws/build/gazebo_ros2_control
[1.198s] Level 1:colcon.colcon_core.environment:checking '/home/gabri/ros2_ws/install/gazebo_ros2_control' for CMake module files
[1.199s] Level 1:colcon.colcon_core.environment:checking '/home/gabri/ros2_ws/install/gazebo_ros2_control' for CMake config files
[1.199s] Level 1:colcon.colcon_core.shell:create_environment_hook('gazebo_ros2_control', 'cmake_prefix_path')
[1.200s] INFO:colcon.colcon_core.shell:Creating environment hook '/home/gabri/ros2_ws/install/gazebo_ros2_control/share/gazebo_ros2_control/hook/cmake_prefix_path.ps1'
[1.200s] INFO:colcon.colcon_core.shell:Creating environment descriptor '/home/gabri/ros2_ws/install/gazebo_ros2_control/share/gazebo_ros2_control/hook/cmake_prefix_path.dsv'
[1.201s] INFO:colcon.colcon_core.shell:Creating environment hook '/home/gabri/ros2_ws/install/gazebo_ros2_control/share/gazebo_ros2_control/hook/cmake_prefix_path.sh'
[1.201s] Level 1:colcon.colcon_core.environment:checking '/home/gabri/ros2_ws/install/gazebo_ros2_control/lib'
[1.201s] Level 1:colcon.colcon_core.shell:create_environment_hook('gazebo_ros2_control', 'ld_library_path_lib')
[1.202s] INFO:colcon.colcon_core.shell:Creating environment hook '/home/gabri/ros2_ws/install/gazebo_ros2_control/share/gazebo_ros2_control/hook/ld_library_path_lib.ps1'
[1.202s] INFO:colcon.colcon_core.shell:Creating environment descriptor '/home/gabri/ros2_ws/install/gazebo_ros2_control/share/gazebo_ros2_control/hook/ld_library_path_lib.dsv'
[1.202s] INFO:colcon.colcon_core.shell:Creating environment hook '/home/gabri/ros2_ws/install/gazebo_ros2_control/share/gazebo_ros2_control/hook/ld_library_path_lib.sh'
[1.203s] Level 1:colcon.colcon_core.environment:checking '/home/gabri/ros2_ws/install/gazebo_ros2_control/bin'
[1.203s] Level 1:colcon.colcon_core.environment:checking '/home/gabri/ros2_ws/install/gazebo_ros2_control/lib/pkgconfig/gazebo_ros2_control.pc'
[1.203s] Level 1:colcon.colcon_core.environment:checking '/home/gabri/ros2_ws/install/gazebo_ros2_control/lib/python3.8/site-packages'
[1.203s] Level 1:colcon.colcon_core.environment:checking '/home/gabri/ros2_ws/install/gazebo_ros2_control/bin'
[1.203s] INFO:colcon.colcon_core.shell:Creating package script '/home/gabri/ros2_ws/install/gazebo_ros2_control/share/gazebo_ros2_control/package.ps1'
[1.204s] INFO:colcon.colcon_core.shell:Creating package descriptor '/home/gabri/ros2_ws/install/gazebo_ros2_control/share/gazebo_ros2_control/package.dsv'
[1.205s] INFO:colcon.colcon_core.shell:Creating package script '/home/gabri/ros2_ws/install/gazebo_ros2_control/share/gazebo_ros2_control/package.sh'
[1.205s] INFO:colcon.colcon_core.shell:Creating package script '/home/gabri/ros2_ws/install/gazebo_ros2_control/share/gazebo_ros2_control/package.bash'
[1.206s] INFO:colcon.colcon_core.shell:Creating package script '/home/gabri/ros2_ws/install/gazebo_ros2_control/share/gazebo_ros2_control/package.zsh'
[1.206s] Level 1:colcon.colcon_core.environment:create_file_with_runtime_dependencies(/home/gabri/ros2_ws/install/gazebo_ros2_control/share/colcon-core/packages/gazebo_ros2_control)
[1.207s] Level 1:colcon.colcon_core.environment:create_environment_scripts_only(gazebo_ros2_control)
[1.207s] Level 1:colcon.colcon_core.environment:checking '/home/gabri/ros2_ws/install/gazebo_ros2_control' for CMake module files
[1.207s] Level 1:colcon.colcon_core.environment:checking '/home/gabri/ros2_ws/install/gazebo_ros2_control' for CMake config files
[1.208s] Level 1:colcon.colcon_core.shell:create_environment_hook('gazebo_ros2_control', 'cmake_prefix_path')
[1.208s] INFO:colcon.colcon_core.shell:Creating environment hook '/home/gabri/ros2_ws/install/gazebo_ros2_control/share/gazebo_ros2_control/hook/cmake_prefix_path.ps1'
[1.208s] INFO:colcon.colcon_core.shell:Creating environment descriptor '/home/gabri/ros2_ws/install/gazebo_ros2_control/share/gazebo_ros2_control/hook/cmake_prefix_path.dsv'
[1.209s] INFO:colcon.colcon_core.shell:Creating environment hook '/home/gabri/ros2_ws/install/gazebo_ros2_control/share/gazebo_ros2_control/hook/cmake_prefix_path.sh'
[1.209s] Level 1:colcon.colcon_core.environment:checking '/home/gabri/ros2_ws/install/gazebo_ros2_control/lib'
[1.209s] Level 1:colcon.colcon_core.shell:create_environment_hook('gazebo_ros2_control', 'ld_library_path_lib')
[1.209s] INFO:colcon.colcon_core.shell:Creating environment hook '/home/gabri/ros2_ws/install/gazebo_ros2_control/share/gazebo_ros2_control/hook/ld_library_path_lib.ps1'
[1.210s] INFO:colcon.colcon_core.shell:Creating environment descriptor '/home/gabri/ros2_ws/install/gazebo_ros2_control/share/gazebo_ros2_control/hook/ld_library_path_lib.dsv'
[1.210s] INFO:colcon.colcon_core.shell:Creating environment hook '/home/gabri/ros2_ws/install/gazebo_ros2_control/share/gazebo_ros2_control/hook/ld_library_path_lib.sh'
[1.210s] Level 1:colcon.colcon_core.environment:checking '/home/gabri/ros2_ws/install/gazebo_ros2_control/bin'
[1.210s] Level 1:colcon.colcon_core.environment:checking '/home/gabri/ros2_ws/install/gazebo_ros2_control/lib/pkgconfig/gazebo_ros2_control.pc'
[1.210s] Level 1:colcon.colcon_core.environment:checking '/home/gabri/ros2_ws/install/gazebo_ros2_control/lib/python3.8/site-packages'
[1.210s] Level 1:colcon.colcon_core.environment:checking '/home/gabri/ros2_ws/install/gazebo_ros2_control/bin'
[1.211s] INFO:colcon.colcon_core.shell:Creating package script '/home/gabri/ros2_ws/install/gazebo_ros2_control/share/gazebo_ros2_control/package.ps1'
[1.211s] INFO:colcon.colcon_core.shell:Creating package descriptor '/home/gabri/ros2_ws/install/gazebo_ros2_control/share/gazebo_ros2_control/package.dsv'
[1.212s] INFO:colcon.colcon_core.shell:Creating package script '/home/gabri/ros2_ws/install/gazebo_ros2_control/share/gazebo_ros2_control/package.sh'
[1.212s] INFO:colcon.colcon_core.shell:Creating package script '/home/gabri/ros2_ws/install/gazebo_ros2_control/share/gazebo_ros2_control/package.bash'
[1.212s] INFO:colcon.colcon_core.shell:Creating package script '/home/gabri/ros2_ws/install/gazebo_ros2_control/share/gazebo_ros2_control/package.zsh'
[1.213s] Level 1:colcon.colcon_core.environment:create_file_with_runtime_dependencies(/home/gabri/ros2_ws/install/gazebo_ros2_control/share/colcon-core/packages/gazebo_ros2_control)
[1.213s] INFO:colcon.colcon_ros.task.ament_cmake.build:Building ROS package in '/home/gabri/ros2_ws/src/gazebo_ros2_control/gazebo_ros2_control_demos' with build type 'ament_cmake'
[1.213s] INFO:colcon.colcon_cmake.task.cmake.build:Building CMake package in '/home/gabri/ros2_ws/src/gazebo_ros2_control/gazebo_ros2_control_demos'
[1.214s] INFO:colcon.colcon_core.shell:Skip shell extension 'powershell' for command environment: Not usable outside of PowerShell
[1.214s] DEBUG:colcon.colcon_core.shell:Skip shell extension 'dsv' for command environment
[1.232s] DEBUG:colcon.colcon_core.event_handler.log_command:Invoking command in '/home/gabri/ros2_ws/build/gazebo_ros2_control_demos': CMAKE_PREFIX_PATH=/home/gabri/ros2_ws/install/gazebo_ros2_control:/home/gabri/ros2_ws/install/gazebo_ros2_control_demos:/home/gabri/ros2_ws/install/my_sphere_pkg:/home/gabri/ros2_ws/install/my_environment_pkg:/home/gabri/ros2_ws/install/my_doosan_pkg0:/home/gabri/ros2_ws/install/my_doosan_pkg:/opt/ros/foxy /usr/bin/cmake --build /home/gabri/ros2_ws/build/gazebo_ros2_control_demos -- -j16 -l16
[1.305s] DEBUG:colcon.colcon_core.event_handler.log_command:Invoked command in '/home/gabri/ros2_ws/build/gazebo_ros2_control_demos' returned '0': CMAKE_PREFIX_PATH=/home/gabri/ros2_ws/install/gazebo_ros2_control:/home/gabri/ros2_ws/install/gazebo_ros2_control_demos:/home/gabri/ros2_ws/install/my_sphere_pkg:/home/gabri/ros2_ws/install/my_environment_pkg:/home/gabri/ros2_ws/install/my_doosan_pkg0:/home/gabri/ros2_ws/install/my_doosan_pkg:/opt/ros/foxy /usr/bin/cmake --build /home/gabri/ros2_ws/build/gazebo_ros2_control_demos -- -j16 -l16
[1.309s] DEBUG:colcon.colcon_core.event_handler.log_command:Invoking command in '/home/gabri/ros2_ws/build/gazebo_ros2_control_demos': CMAKE_PREFIX_PATH=/home/gabri/ros2_ws/install/gazebo_ros2_control:/home/gabri/ros2_ws/install/gazebo_ros2_control_demos:/home/gabri/ros2_ws/install/my_sphere_pkg:/home/gabri/ros2_ws/install/my_environment_pkg:/home/gabri/ros2_ws/install/my_doosan_pkg0:/home/gabri/ros2_ws/install/my_doosan_pkg:/opt/ros/foxy /usr/bin/cmake --install /home/gabri/ros2_ws/build/gazebo_ros2_control_demos
[1.327s] Level 1:colcon.colcon_core.environment:create_environment_scripts_only(gazebo_ros2_control_demos)
[1.327s] DEBUG:colcon.colcon_core.event_handler.log_command:Invoked command in '/home/gabri/ros2_ws/build/gazebo_ros2_control_demos' returned '0': CMAKE_PREFIX_PATH=/home/gabri/ros2_ws/install/gazebo_ros2_control:/home/gabri/ros2_ws/install/gazebo_ros2_control_demos:/home/gabri/ros2_ws/install/my_sphere_pkg:/home/gabri/ros2_ws/install/my_environment_pkg:/home/gabri/ros2_ws/install/my_doosan_pkg0:/home/gabri/ros2_ws/install/my_doosan_pkg:/opt/ros/foxy /usr/bin/cmake --install /home/gabri/ros2_ws/build/gazebo_ros2_control_demos
[1.327s] Level 1:colcon.colcon_core.environment:checking '/home/gabri/ros2_ws/install/gazebo_ros2_control_demos' for CMake module files
[1.328s] Level 1:colcon.colcon_core.environment:checking '/home/gabri/ros2_ws/install/gazebo_ros2_control_demos' for CMake config files
[1.329s] Level 1:colcon.colcon_core.shell:create_environment_hook('gazebo_ros2_control_demos', 'cmake_prefix_path')
[1.329s] INFO:colcon.colcon_core.shell:Creating environment hook '/home/gabri/ros2_ws/install/gazebo_ros2_control_demos/share/gazebo_ros2_control_demos/hook/cmake_prefix_path.ps1'
[1.331s] INFO:colcon.colcon_core.shell:Creating environment descriptor '/home/gabri/ros2_ws/install/gazebo_ros2_control_demos/share/gazebo_ros2_control_demos/hook/cmake_prefix_path.dsv'
[1.331s] INFO:colcon.colcon_core.shell:Creating environment hook '/home/gabri/ros2_ws/install/gazebo_ros2_control_demos/share/gazebo_ros2_control_demos/hook/cmake_prefix_path.sh'
[1.332s] Level 1:colcon.colcon_core.environment:checking '/home/gabri/ros2_ws/install/gazebo_ros2_control_demos/lib'
[1.333s] Level 1:colcon.colcon_core.environment:checking '/home/gabri/ros2_ws/install/gazebo_ros2_control_demos/bin'
[1.333s] Level 1:colcon.colcon_core.environment:checking '/home/gabri/ros2_ws/install/gazebo_ros2_control_demos/lib/pkgconfig/gazebo_ros2_control_demos.pc'
[1.333s] Level 1:colcon.colcon_core.environment:checking '/home/gabri/ros2_ws/install/gazebo_ros2_control_demos/lib/python3.8/site-packages'
[1.333s] Level 1:colcon.colcon_core.environment:checking '/home/gabri/ros2_ws/install/gazebo_ros2_control_demos/bin'
[1.334s] INFO:colcon.colcon_core.shell:Creating package script '/home/gabri/ros2_ws/install/gazebo_ros2_control_demos/share/gazebo_ros2_control_demos/package.ps1'
[1.334s] INFO:colcon.colcon_core.shell:Creating package descriptor '/home/gabri/ros2_ws/install/gazebo_ros2_control_demos/share/gazebo_ros2_control_demos/package.dsv'
[1.335s] INFO:colcon.colcon_core.shell:Creating package script '/home/gabri/ros2_ws/install/gazebo_ros2_control_demos/share/gazebo_ros2_control_demos/package.sh'
[1.336s] INFO:colcon.colcon_core.shell:Creating package script '/home/gabri/ros2_ws/install/gazebo_ros2_control_demos/share/gazebo_ros2_control_demos/package.bash'
[1.336s] INFO:colcon.colcon_core.shell:Creating package script '/home/gabri/ros2_ws/install/gazebo_ros2_control_demos/share/gazebo_ros2_control_demos/package.zsh'
[1.337s] Level 1:colcon.colcon_core.environment:create_file_with_runtime_dependencies(/home/gabri/ros2_ws/install/gazebo_ros2_control_demos/share/colcon-core/packages/gazebo_ros2_control_demos)
[1.337s] Level 1:colcon.colcon_core.environment:create_environment_scripts_only(gazebo_ros2_control_demos)
[1.337s] Level 1:colcon.colcon_core.environment:checking '/home/gabri/ros2_ws/install/gazebo_ros2_control_demos' for CMake module files
[1.338s] Level 1:colcon.colcon_core.environment:checking '/home/gabri/ros2_ws/install/gazebo_ros2_control_demos' for CMake config files
[1.338s] Level 1:colcon.colcon_core.shell:create_environment_hook('gazebo_ros2_control_demos', 'cmake_prefix_path')
[1.338s] INFO:colcon.colcon_core.shell:Creating environment hook '/home/gabri/ros2_ws/install/gazebo_ros2_control_demos/share/gazebo_ros2_control_demos/hook/cmake_prefix_path.ps1'
[1.339s] INFO:colcon.colcon_core.shell:Creating environment descriptor '/home/gabri/ros2_ws/install/gazebo_ros2_control_demos/share/gazebo_ros2_control_demos/hook/cmake_prefix_path.dsv'
[1.339s] INFO:colcon.colcon_core.shell:Creating environment hook '/home/gabri/ros2_ws/install/gazebo_ros2_control_demos/share/gazebo_ros2_control_demos/hook/cmake_prefix_path.sh'
[1.339s] Level 1:colcon.colcon_core.environment:checking '/home/gabri/ros2_ws/install/gazebo_ros2_control_demos/lib'
[1.339s] Level 1:colcon.colcon_core.environment:checking '/home/gabri/ros2_ws/install/gazebo_ros2_control_demos/bin'
[1.339s] Level 1:colcon.colcon_core.environment:checking '/home/gabri/ros2_ws/install/gazebo_ros2_control_demos/lib/pkgconfig/gazebo_ros2_control_demos.pc'
[1.340s] Level 1:colcon.colcon_core.environment:checking '/home/gabri/ros2_ws/install/gazebo_ros2_control_demos/lib/python3.8/site-packages'
[1.340s] Level 1:colcon.colcon_core.environment:checking '/home/gabri/ros2_ws/install/gazebo_ros2_control_demos/bin'
[1.340s] INFO:colcon.colcon_core.shell:Creating package script '/home/gabri/ros2_ws/install/gazebo_ros2_control_demos/share/gazebo_ros2_control_demos/package.ps1'
[1.340s] INFO:colcon.colcon_core.shell:Creating package descriptor '/home/gabri/ros2_ws/install/gazebo_ros2_control_demos/share/gazebo_ros2_control_demos/package.dsv'
[1.341s] INFO:colcon.colcon_core.shell:Creating package script '/home/gabri/ros2_ws/install/gazebo_ros2_control_demos/share/gazebo_ros2_control_demos/package.sh'
[1.341s] INFO:colcon.colcon_core.shell:Creating package script '/home/gabri/ros2_ws/install/gazebo_ros2_control_demos/share/gazebo_ros2_control_demos/package.bash'
[1.341s] INFO:colcon.colcon_core.shell:Creating package script '/home/gabri/ros2_ws/install/gazebo_ros2_control_demos/share/gazebo_ros2_control_demos/package.zsh'
[1.342s] Level 1:colcon.colcon_core.environment:create_file_with_runtime_dependencies(/home/gabri/ros2_ws/install/gazebo_ros2_control_demos/share/colcon-core/packages/gazebo_ros2_control_demos)
[1.516s] DEBUG:colcon.colcon_core.event_handler.log_command:Invoking command in '/home/gabri/ros2_ws/src/robotic_arm_environment/my_doosan_pkg': PYTHONPATH=/home/gabri/ros2_ws/build/my_doosan_pkg0/prefix_override:/usr/lib/python3/dist-packages/colcon_core/task/python/colcon_distutils_commands:/home/gabri/ros2_ws/install/my_doosan_pkg0/lib/python3.8/site-packages:${PYTHONPATH} /usr/bin/python3 -W ignore:setup.py install is deprecated -W ignore:easy_install command is deprecated setup.py egg_info --egg-base ../../../build/my_doosan_pkg0 build --build-base /home/gabri/ros2_ws/build/my_doosan_pkg0/build install --record /home/gabri/ros2_ws/build/my_doosan_pkg0/install.log --single-version-externally-managed install_data
[1.524s] DEBUG:colcon.colcon_core.event_handler.log_command:Invoking command in '/home/gabri/ros2_ws/src/robotic_arm_environment/my_environment_pkg': PYTHONPATH=/home/gabri/ros2_ws/build/my_environment_pkg/prefix_override:/usr/lib/python3/dist-packages/colcon_core/task/python/colcon_distutils_commands:/home/gabri/ros2_ws/install/my_environment_pkg/lib/python3.8/site-packages:${PYTHONPATH} /usr/bin/python3 -W ignore:setup.py install is deprecated -W ignore:easy_install command is deprecated setup.py egg_info --egg-base ../../../build/my_environment_pkg build --build-base /home/gabri/ros2_ws/build/my_environment_pkg/build install --record /home/gabri/ros2_ws/build/my_environment_pkg/install.log --single-version-externally-managed install_data
[1.529s] DEBUG:colcon.colcon_core.event_handler.log_command:Invoking command in '/home/gabri/ros2_ws/src/my_doosan_pkg': PYTHONPATH=/home/gabri/ros2_ws/build/my_doosan_pkg/prefix_override:/usr/lib/python3/dist-packages/colcon_core/task/python/colcon_distutils_commands:/home/gabri/ros2_ws/install/my_doosan_pkg/lib/python3.8/site-packages:${PYTHONPATH} /usr/bin/python3 -W ignore:setup.py install is deprecated -W ignore:easy_install command is deprecated setup.py egg_info --egg-base ../../build/my_doosan_pkg build --build-base /home/gabri/ros2_ws/build/my_doosan_pkg/build install --record /home/gabri/ros2_ws/build/my_doosan_pkg/install.log --install-scripts $base/lib/my_doosan_pkg --single-version-externally-managed install_data
[1.544s] DEBUG:colcon.colcon_core.event_handler.log_command:Invoking command in '/home/gabri/ros2_ws/src/robotic_arm_environment/my_sphere_pkg': PYTHONPATH=/home/gabri/ros2_ws/build/my_sphere_pkg/prefix_override:/usr/lib/python3/dist-packages/colcon_core/task/python/colcon_distutils_commands:/home/gabri/ros2_ws/install/my_sphere_pkg/lib/python3.8/site-packages:${PYTHONPATH} /usr/bin/python3 -W ignore:setup.py install is deprecated -W ignore:easy_install command is deprecated setup.py egg_info --egg-base ../../../build/my_sphere_pkg build --build-base /home/gabri/ros2_ws/build/my_sphere_pkg/build install --record /home/gabri/ros2_ws/build/my_sphere_pkg/install.log --single-version-externally-managed install_data
[1.766s] Level 1:colcon.colcon_core.environment:checking '/home/gabri/ros2_ws/install/my_doosan_pkg0' for CMake module files
[1.766s] DEBUG:colcon.colcon_core.event_handler.log_command:Invoked command in '/home/gabri/ros2_ws/src/robotic_arm_environment/my_doosan_pkg' returned '0': PYTHONPATH=/home/gabri/ros2_ws/build/my_doosan_pkg0/prefix_override:/usr/lib/python3/dist-packages/colcon_core/task/python/colcon_distutils_commands:/home/gabri/ros2_ws/install/my_doosan_pkg0/lib/python3.8/site-packages:${PYTHONPATH} /usr/bin/python3 -W ignore:setup.py install is deprecated -W ignore:easy_install command is deprecated setup.py egg_info --egg-base ../../../build/my_doosan_pkg0 build --build-base /home/gabri/ros2_ws/build/my_doosan_pkg0/build install --record /home/gabri/ros2_ws/build/my_doosan_pkg0/install.log --single-version-externally-managed install_data
[1.767s] Level 1:colcon.colcon_core.environment:checking '/home/gabri/ros2_ws/install/my_doosan_pkg0' for CMake config files
[1.768s] Level 1:colcon.colcon_core.environment:checking '/home/gabri/ros2_ws/install/my_doosan_pkg0/lib'
[1.768s] Level 1:colcon.colcon_core.environment:checking '/home/gabri/ros2_ws/install/my_doosan_pkg0/bin'
[1.768s] Level 1:colcon.colcon_core.environment:checking '/home/gabri/ros2_ws/install/my_doosan_pkg0/lib/pkgconfig/my_doosan_pkg0.pc'
[1.769s] Level 1:colcon.colcon_core.environment:checking '/home/gabri/ros2_ws/install/my_doosan_pkg0/lib/python3.8/site-packages'
[1.769s] Level 1:colcon.colcon_core.shell:create_environment_hook('my_doosan_pkg0', 'pythonpath')
[1.769s] INFO:colcon.colcon_core.shell:Creating environment hook '/home/gabri/ros2_ws/install/my_doosan_pkg0/share/my_doosan_pkg0/hook/pythonpath.ps1'
[1.770s] INFO:colcon.colcon_core.shell:Creating environment descriptor '/home/gabri/ros2_ws/install/my_doosan_pkg0/share/my_doosan_pkg0/hook/pythonpath.dsv'
[1.771s] INFO:colcon.colcon_core.shell:Creating environment hook '/home/gabri/ros2_ws/install/my_doosan_pkg0/share/my_doosan_pkg0/hook/pythonpath.sh'
[1.771s] Level 1:colcon.colcon_core.environment:checking '/home/gabri/ros2_ws/install/my_doosan_pkg0/bin'
[1.772s] Level 1:colcon.colcon_core.environment:create_environment_scripts_only(my_doosan_pkg0)
[1.772s] INFO:colcon.colcon_core.shell:Creating package script '/home/gabri/ros2_ws/install/my_doosan_pkg0/share/my_doosan_pkg0/package.ps1'
[1.773s] INFO:colcon.colcon_core.shell:Creating package descriptor '/home/gabri/ros2_ws/install/my_doosan_pkg0/share/my_doosan_pkg0/package.dsv'
[1.774s] INFO:colcon.colcon_core.shell:Creating package script '/home/gabri/ros2_ws/install/my_doosan_pkg0/share/my_doosan_pkg0/package.sh'
[1.774s] INFO:colcon.colcon_core.shell:Creating package script '/home/gabri/ros2_ws/install/my_doosan_pkg0/share/my_doosan_pkg0/package.bash'
[1.775s] INFO:colcon.colcon_core.shell:Creating package script '/home/gabri/ros2_ws/install/my_doosan_pkg0/share/my_doosan_pkg0/package.zsh'
[1.775s] Level 1:colcon.colcon_core.environment:create_file_with_runtime_dependencies(/home/gabri/ros2_ws/install/my_doosan_pkg0/share/colcon-core/packages/my_doosan_pkg0)
[1.777s] Level 1:colcon.colcon_core.environment:checking '/home/gabri/ros2_ws/install/my_environment_pkg' for CMake module files
[1.777s] DEBUG:colcon.colcon_core.event_handler.log_command:Invoked command in '/home/gabri/ros2_ws/src/robotic_arm_environment/my_environment_pkg' returned '0': PYTHONPATH=/home/gabri/ros2_ws/build/my_environment_pkg/prefix_override:/usr/lib/python3/dist-packages/colcon_core/task/python/colcon_distutils_commands:/home/gabri/ros2_ws/install/my_environment_pkg/lib/python3.8/site-packages:${PYTHONPATH} /usr/bin/python3 -W ignore:setup.py install is deprecated -W ignore:easy_install command is deprecated setup.py egg_info --egg-base ../../../build/my_environment_pkg build --build-base /home/gabri/ros2_ws/build/my_environment_pkg/build install --record /home/gabri/ros2_ws/build/my_environment_pkg/install.log --single-version-externally-managed install_data
[1.778s] Level 1:colcon.colcon_core.environment:checking '/home/gabri/ros2_ws/install/my_environment_pkg' for CMake config files
[1.778s] Level 1:colcon.colcon_core.environment:checking '/home/gabri/ros2_ws/install/my_environment_pkg/lib'
[1.778s] Level 1:colcon.colcon_core.environment:checking '/home/gabri/ros2_ws/install/my_environment_pkg/bin'
[1.778s] Level 1:colcon.colcon_core.environment:checking '/home/gabri/ros2_ws/install/my_environment_pkg/lib/pkgconfig/my_environment_pkg.pc'
[1.778s] Level 1:colcon.colcon_core.environment:checking '/home/gabri/ros2_ws/install/my_environment_pkg/lib/python3.8/site-packages'
[1.778s] Level 1:colcon.colcon_core.shell:create_environment_hook('my_environment_pkg', 'pythonpath')
[1.779s] INFO:colcon.colcon_core.shell:Creating environment hook '/home/gabri/ros2_ws/install/my_environment_pkg/share/my_environment_pkg/hook/pythonpath.ps1'
[1.779s] INFO:colcon.colcon_core.shell:Creating environment descriptor '/home/gabri/ros2_ws/install/my_environment_pkg/share/my_environment_pkg/hook/pythonpath.dsv'
[1.779s] INFO:colcon.colcon_core.shell:Creating environment hook '/home/gabri/ros2_ws/install/my_environment_pkg/share/my_environment_pkg/hook/pythonpath.sh'
[1.779s] Level 1:colcon.colcon_core.environment:checking '/home/gabri/ros2_ws/install/my_environment_pkg/bin'
[1.780s] Level 1:colcon.colcon_core.environment:create_environment_scripts_only(my_environment_pkg)
[1.780s] INFO:colcon.colcon_core.shell:Creating package script '/home/gabri/ros2_ws/install/my_environment_pkg/share/my_environment_pkg/package.ps1'
[1.780s] INFO:colcon.colcon_core.shell:Creating package descriptor '/home/gabri/ros2_ws/install/my_environment_pkg/share/my_environment_pkg/package.dsv'
[1.780s] INFO:colcon.colcon_core.shell:Creating package script '/home/gabri/ros2_ws/install/my_environment_pkg/share/my_environment_pkg/package.sh'
[1.781s] INFO:colcon.colcon_core.shell:Creating package script '/home/gabri/ros2_ws/install/my_environment_pkg/share/my_environment_pkg/package.bash'
[1.781s] INFO:colcon.colcon_core.shell:Creating package script '/home/gabri/ros2_ws/install/my_environment_pkg/share/my_environment_pkg/package.zsh'
[1.781s] Level 1:colcon.colcon_core.environment:create_file_with_runtime_dependencies(/home/gabri/ros2_ws/install/my_environment_pkg/share/colcon-core/packages/my_environment_pkg)
[1.782s] Level 1:colcon.colcon_core.environment:checking '/home/gabri/ros2_ws/install/my_doosan_pkg' for CMake module files
[1.783s] DEBUG:colcon.colcon_core.event_handler.log_command:Invoked command in '/home/gabri/ros2_ws/src/my_doosan_pkg' returned '0': PYTHONPATH=/home/gabri/ros2_ws/build/my_doosan_pkg/prefix_override:/usr/lib/python3/dist-packages/colcon_core/task/python/colcon_distutils_commands:/home/gabri/ros2_ws/install/my_doosan_pkg/lib/python3.8/site-packages:${PYTHONPATH} /usr/bin/python3 -W ignore:setup.py install is deprecated -W ignore:easy_install command is deprecated setup.py egg_info --egg-base ../../build/my_doosan_pkg build --build-base /home/gabri/ros2_ws/build/my_doosan_pkg/build install --record /home/gabri/ros2_ws/build/my_doosan_pkg/install.log --install-scripts $base/lib/my_doosan_pkg --single-version-externally-managed install_data
[1.783s] Level 1:colcon.colcon_core.environment:checking '/home/gabri/ros2_ws/install/my_doosan_pkg' for CMake config files
[1.783s] Level 1:colcon.colcon_core.environment:checking '/home/gabri/ros2_ws/install/my_doosan_pkg/lib'
[1.783s] Level 1:colcon.colcon_core.environment:checking '/home/gabri/ros2_ws/install/my_doosan_pkg/bin'
[1.783s] Level 1:colcon.colcon_core.environment:checking '/home/gabri/ros2_ws/install/my_doosan_pkg/lib/pkgconfig/my_doosan_pkg.pc'
[1.783s] Level 1:colcon.colcon_core.environment:checking '/home/gabri/ros2_ws/install/my_doosan_pkg/lib/python3.8/site-packages'
[1.783s] Level 1:colcon.colcon_core.shell:create_environment_hook('my_doosan_pkg', 'pythonpath')
[1.784s] INFO:colcon.colcon_core.shell:Creating environment hook '/home/gabri/ros2_ws/install/my_doosan_pkg/share/my_doosan_pkg/hook/pythonpath.ps1'
[1.784s] INFO:colcon.colcon_core.shell:Creating environment descriptor '/home/gabri/ros2_ws/install/my_doosan_pkg/share/my_doosan_pkg/hook/pythonpath.dsv'
[1.784s] INFO:colcon.colcon_core.shell:Creating environment hook '/home/gabri/ros2_ws/install/my_doosan_pkg/share/my_doosan_pkg/hook/pythonpath.sh'
[1.785s] Level 1:colcon.colcon_core.environment:checking '/home/gabri/ros2_ws/install/my_doosan_pkg/bin'
[1.785s] Level 1:colcon.colcon_core.environment:create_environment_scripts_only(my_doosan_pkg)
[1.785s] INFO:colcon.colcon_core.shell:Creating package script '/home/gabri/ros2_ws/install/my_doosan_pkg/share/my_doosan_pkg/package.ps1'
[1.785s] INFO:colcon.colcon_core.shell:Creating package descriptor '/home/gabri/ros2_ws/install/my_doosan_pkg/share/my_doosan_pkg/package.dsv'
[1.786s] INFO:colcon.colcon_core.shell:Creating package script '/home/gabri/ros2_ws/install/my_doosan_pkg/share/my_doosan_pkg/package.sh'
[1.786s] INFO:colcon.colcon_core.shell:Creating package script '/home/gabri/ros2_ws/install/my_doosan_pkg/share/my_doosan_pkg/package.bash'
[1.786s] INFO:colcon.colcon_core.shell:Creating package script '/home/gabri/ros2_ws/install/my_doosan_pkg/share/my_doosan_pkg/package.zsh'
[1.786s] Level 1:colcon.colcon_core.environment:create_file_with_runtime_dependencies(/home/gabri/ros2_ws/install/my_doosan_pkg/share/colcon-core/packages/my_doosan_pkg)
[1.787s] Level 1:colcon.colcon_core.environment:checking '/home/gabri/ros2_ws/install/my_sphere_pkg' for CMake module files
[1.788s] DEBUG:colcon.colcon_core.event_handler.log_command:Invoked command in '/home/gabri/ros2_ws/src/robotic_arm_environment/my_sphere_pkg' returned '0': PYTHONPATH=/home/gabri/ros2_ws/build/my_sphere_pkg/prefix_override:/usr/lib/python3/dist-packages/colcon_core/task/python/colcon_distutils_commands:/home/gabri/ros2_ws/install/my_sphere_pkg/lib/python3.8/site-packages:${PYTHONPATH} /usr/bin/python3 -W ignore:setup.py install is deprecated -W ignore:easy_install command is deprecated setup.py egg_info --egg-base ../../../build/my_sphere_pkg build --build-base /home/gabri/ros2_ws/build/my_sphere_pkg/build install --record /home/gabri/ros2_ws/build/my_sphere_pkg/install.log --single-version-externally-managed install_data
[1.788s] Level 1:colcon.colcon_core.environment:checking '/home/gabri/ros2_ws/install/my_sphere_pkg' for CMake config files
[1.788s] Level 1:colcon.colcon_core.environment:checking '/home/gabri/ros2_ws/install/my_sphere_pkg/lib'
[1.788s] Level 1:colcon.colcon_core.environment:checking '/home/gabri/ros2_ws/install/my_sphere_pkg/bin'
[1.788s] Level 1:colcon.colcon_core.environment:checking '/home/gabri/ros2_ws/install/my_sphere_pkg/lib/pkgconfig/my_sphere_pkg.pc'
[1.789s] Level 1:colcon.colcon_core.environment:checking '/home/gabri/ros2_ws/install/my_sphere_pkg/lib/python3.8/site-packages'
[1.789s] Level 1:colcon.colcon_core.shell:create_environment_hook('my_sphere_pkg', 'pythonpath')
[1.789s] INFO:colcon.colcon_core.shell:Creating environment hook '/home/gabri/ros2_ws/install/my_sphere_pkg/share/my_sphere_pkg/hook/pythonpath.ps1'
[1.789s] INFO:colcon.colcon_core.shell:Creating environment descriptor '/home/gabri/ros2_ws/install/my_sphere_pkg/share/my_sphere_pkg/hook/pythonpath.dsv'
[1.789s] INFO:colcon.colcon_core.shell:Creating environment hook '/home/gabri/ros2_ws/install/my_sphere_pkg/share/my_sphere_pkg/hook/pythonpath.sh'
[1.790s] Level 1:colcon.colcon_core.environment:checking '/home/gabri/ros2_ws/install/my_sphere_pkg/bin'
[1.790s] Level 1:colcon.colcon_core.environment:create_environment_scripts_only(my_sphere_pkg)
[1.790s] INFO:colcon.colcon_core.shell:Creating package script '/home/gabri/ros2_ws/install/my_sphere_pkg/share/my_sphere_pkg/package.ps1'
[1.790s] INFO:colcon.colcon_core.shell:Creating package descriptor '/home/gabri/ros2_ws/install/my_sphere_pkg/share/my_sphere_pkg/package.dsv'
[1.791s] INFO:colcon.colcon_core.shell:Creating package script '/home/gabri/ros2_ws/install/my_sphere_pkg/share/my_sphere_pkg/package.sh'
[1.791s] INFO:colcon.colcon_core.shell:Creating package script '/home/gabri/ros2_ws/install/my_sphere_pkg/share/my_sphere_pkg/package.bash'
[1.791s] INFO:colcon.colcon_core.shell:Creating package script '/home/gabri/ros2_ws/install/my_sphere_pkg/share/my_sphere_pkg/package.zsh'
[1.791s] Level 1:colcon.colcon_core.environment:create_file_with_runtime_dependencies(/home/gabri/ros2_ws/install/my_sphere_pkg/share/colcon-core/packages/my_sphere_pkg)
[1.792s] DEBUG:colcon.colcon_parallel_executor.executor.parallel:closing loop
[1.792s] DEBUG:colcon.colcon_parallel_executor.executor.parallel:loop closed
[1.792s] DEBUG:colcon.colcon_parallel_executor.executor.parallel:run_until_complete finished with '0'
[1.792s] DEBUG:colcon.colcon_core.event_reactor:joining thread
[1.796s] INFO:colcon.colcon_core.plugin_system:Skipping extension 'colcon_notification.desktop_notification.terminal_notifier': Not used on non-Darwin systems
[1.797s] INFO:colcon.colcon_core.plugin_system:Skipping extension 'colcon_notification.desktop_notification.win32': Not used on non-Windows systems
[1.797s] INFO:colcon.colcon_notification.desktop_notification:Sending desktop notification using 'notify2'
[1.821s] DEBUG:colcon.colcon_core.event_reactor:joined thread
[1.821s] INFO:colcon.colcon_core.shell:Creating prefix script '/home/gabri/ros2_ws/install/local_setup.ps1'
[1.823s] INFO:colcon.colcon_core.shell:Creating prefix util module '/home/gabri/ros2_ws/install/_local_setup_util_ps1.py'
[1.826s] INFO:colcon.colcon_core.shell:Creating prefix chain script '/home/gabri/ros2_ws/install/setup.ps1'
[1.828s] INFO:colcon.colcon_core.shell:Creating prefix script '/home/gabri/ros2_ws/install/local_setup.sh'
[1.829s] INFO:colcon.colcon_core.shell:Creating prefix util module '/home/gabri/ros2_ws/install/_local_setup_util_sh.py'
[1.831s] INFO:colcon.colcon_core.shell:Creating prefix chain script '/home/gabri/ros2_ws/install/setup.sh'
[1.833s] INFO:colcon.colcon_core.shell:Creating prefix script '/home/gabri/ros2_ws/install/local_setup.bash'
[1.833s] INFO:colcon.colcon_core.shell:Creating prefix chain script '/home/gabri/ros2_ws/install/setup.bash'
[1.834s] INFO:colcon.colcon_core.shell:Creating prefix script '/home/gabri/ros2_ws/install/local_setup.zsh'
[1.834s] INFO:colcon.colcon_core.shell:Creating prefix chain script '/home/gabri/ros2_ws/install/setup.zsh'
