[1.142s] Invoking command in '/home/gabri/ros2_ws/src/robotic_arm_environment/my_doosan_pkg': PYTHONPATH=/home/gabri/ros2_ws/build/my_doosan_pkg0/prefix_override:/usr/lib/python3/dist-packages/colcon_core/task/python/colcon_distutils_commands:/home/gabri/ros2_ws/install/my_doosan_pkg0/lib/python3.8/site-packages:${PYTHONPATH} /usr/bin/python3 -W ignore:setup.py install is deprecated -W ignore:easy_install command is deprecated setup.py egg_info --egg-base ../../../build/my_doosan_pkg0 build --build-base /home/gabri/ros2_ws/build/my_doosan_pkg0/build install --record /home/gabri/ros2_ws/build/my_doosan_pkg0/install.log --single-version-externally-managed install_data
[1.315s] running egg_info
[1.316s] writing ../../../build/my_doosan_pkg0/my_doosan_pkg.egg-info/PKG-INFO
[1.316s] writing dependency_links to ../../../build/my_doosan_pkg0/my_doosan_pkg.egg-info/dependency_links.txt
[1.316s] writing entry points to ../../../build/my_doosan_pkg0/my_doosan_pkg.egg-info/entry_points.txt
[1.316s] writing requirements to ../../../build/my_doosan_pkg0/my_doosan_pkg.egg-info/requires.txt
[1.317s] writing top-level names to ../../../build/my_doosan_pkg0/my_doosan_pkg.egg-info/top_level.txt
[1.342s] reading manifest file '../../../build/my_doosan_pkg0/my_doosan_pkg.egg-info/SOURCES.txt'
[1.343s] writing manifest file '../../../build/my_doosan_pkg0/my_doosan_pkg.egg-info/SOURCES.txt'
[1.343s] running build
[1.343s] running build_py
[1.344s] running install
[1.344s] running install_lib
[1.345s] running install_data
[1.345s] running install_egg_info
[1.347s] removing '/home/gabri/ros2_ws/install/my_doosan_pkg0/lib/python3.8/site-packages/my_doosan_pkg-0.0.0-py3.8.egg-info' (and everything under it)
[1.347s] Copying ../../../build/my_doosan_pkg0/my_doosan_pkg.egg-info to /home/gabri/ros2_ws/install/my_doosan_pkg0/lib/python3.8/site-packages/my_doosan_pkg-0.0.0-py3.8.egg-info
[1.348s] running install_scripts
[1.361s] Installing trajectory_points_act_server script to /home/gabri/ros2_ws/install/my_doosan_pkg0/lib/my_doosan_pkg
[1.362s] Installing trajectory_points_topic script to /home/gabri/ros2_ws/install/my_doosan_pkg0/lib/my_doosan_pkg
[1.362s] writing list of installed files to '/home/gabri/ros2_ws/build/my_doosan_pkg0/install.log'
[1.392s] Invoked command in '/home/gabri/ros2_ws/src/robotic_arm_environment/my_doosan_pkg' returned '0': PYTHONPATH=/home/gabri/ros2_ws/build/my_doosan_pkg0/prefix_override:/usr/lib/python3/dist-packages/colcon_core/task/python/colcon_distutils_commands:/home/gabri/ros2_ws/install/my_doosan_pkg0/lib/python3.8/site-packages:${PYTHONPATH} /usr/bin/python3 -W ignore:setup.py install is deprecated -W ignore:easy_install command is deprecated setup.py egg_info --egg-base ../../../build/my_doosan_pkg0 build --build-base /home/gabri/ros2_ws/build/my_doosan_pkg0/build install --record /home/gabri/ros2_ws/build/my_doosan_pkg0/install.log --single-version-externally-managed install_data
