[0.144s] DEBUG:colcon:Command line arguments: ['/usr/bin/colcon', 'build']
[0.144s] DEBUG:colcon:Parsed command line arguments: Namespace(allow_overriding=[], ament_cmake_args=None, base_paths=['.'], build_base='build', catkin_cmake_args=None, catkin_skip_building_tests=False, cmake_args=None, cmake_clean_cache=False, cmake_clean_first=False, cmake_force_configure=False, cmake_target=None, cmake_target_skip_unavailable=False, continue_on_error=False, event_handlers=None, executor='parallel', ignore_user_meta=False, install_base='install', log_base=None, log_level=None, main=<bound method BuildVerb.main of <colcon_core.verb.build.BuildVerb object at 0x7f54c03e0f70>>, merge_install=False, metas=['./colcon.meta'], mixin=None, mixin_files=None, mixin_verb=('build',), packages_above=None, packages_above_and_dependencies=None, packages_above_depth=None, packages_end=None, packages_ignore=None, packages_ignore_regex=None, packages_select=None, packages_select_build_failed=False, packages_select_by_dep=None, packages_select_regex=None, packages_select_test_failures=False, packages_skip=None, packages_skip_build_finished=False, packages_skip_by_dep=None, packages_skip_regex=None, packages_skip_test_passed=False, packages_skip_up_to=None, packages_start=None, packages_up_to=None, packages_up_to_regex=None, parallel_workers=16, paths=None, symlink_install=False, test_result_base=None, verb_extension=<colcon_core.verb.build.BuildVerb object at 0x7f54c03e0f70>, verb_name='build', verb_parser=<colcon_mixin.mixin.mixin_argument.MixinArgumentDecorator object at 0x7f54c02c2580>)
[0.251s] Level 1:colcon.colcon_core.package_discovery:discover_packages(colcon_meta) check parameters
[0.251s] Level 1:colcon.colcon_core.package_discovery:discover_packages(recursive) check parameters
[0.251s] Level 1:colcon.colcon_core.package_discovery:discover_packages(ignore) check parameters
[0.251s] Level 1:colcon.colcon_core.package_discovery:discover_packages(path) check parameters
[0.251s] Level 1:colcon.colcon_core.package_discovery:discover_packages(colcon_meta) discover
[0.251s] Level 1:colcon.colcon_core.package_discovery:discover_packages(recursive) discover
[0.251s] INFO:colcon.colcon_core.package_discovery:Crawling recursively for packages in '/home/gabri/ros2_ws'
[0.251s] Level 1:colcon.colcon_core.package_identification:_identify(.) by extensions ['ignore', 'ignore_ament_install']
[0.251s] Level 1:colcon.colcon_core.package_identification:_identify(.) by extension 'ignore'
[0.251s] Level 1:colcon.colcon_core.package_identification:_identify(.) by extension 'ignore_ament_install'
[0.251s] Level 1:colcon.colcon_core.package_identification:_identify(.) by extensions ['colcon_pkg']
[0.252s] Level 1:colcon.colcon_core.package_identification:_identify(.) by extension 'colcon_pkg'
[0.252s] Level 1:colcon.colcon_core.package_identification:_identify(.) by extensions ['colcon_meta']
[0.252s] Level 1:colcon.colcon_core.package_identification:_identify(.) by extension 'colcon_meta'
[0.252s] Level 1:colcon.colcon_core.package_identification:_identify(.) by extensions ['ros']
[0.252s] Level 1:colcon.colcon_core.package_identification:_identify(.) by extension 'ros'
[0.260s] Level 1:colcon.colcon_core.package_identification:_identify(.) by extensions ['cmake', 'python']
[0.260s] Level 1:colcon.colcon_core.package_identification:_identify(.) by extension 'cmake'
[0.260s] Level 1:colcon.colcon_core.package_identification:_identify(.) by extension 'python'
[0.260s] Level 1:colcon.colcon_core.package_identification:_identify(.) by extensions ['python_setup_py']
[0.260s] Level 1:colcon.colcon_core.package_identification:_identify(.) by extension 'python_setup_py'
[0.260s] Level 1:colcon.colcon_core.package_identification:_identify(build) by extensions ['ignore', 'ignore_ament_install']
[0.260s] Level 1:colcon.colcon_core.package_identification:_identify(build) by extension 'ignore'
[0.260s] Level 1:colcon.colcon_core.package_identification:_identify(build) ignored
[0.260s] Level 1:colcon.colcon_core.package_identification:_identify(install) by extensions ['ignore', 'ignore_ament_install']
[0.261s] Level 1:colcon.colcon_core.package_identification:_identify(install) by extension 'ignore'
[0.261s] Level 1:colcon.colcon_core.package_identification:_identify(install) ignored
[0.261s] Level 1:colcon.colcon_core.package_identification:_identify(log) by extensions ['ignore', 'ignore_ament_install']
[0.261s] Level 1:colcon.colcon_core.package_identification:_identify(log) by extension 'ignore'
[0.261s] Level 1:colcon.colcon_core.package_identification:_identify(log) ignored
[0.261s] Level 1:colcon.colcon_core.package_identification:_identify(src) by extensions ['ignore', 'ignore_ament_install']
[0.261s] Level 1:colcon.colcon_core.package_identification:_identify(src) by extension 'ignore'
[0.261s] Level 1:colcon.colcon_core.package_identification:_identify(src) by extension 'ignore_ament_install'
[0.261s] Level 1:colcon.colcon_core.package_identification:_identify(src) by extensions ['colcon_pkg']
[0.261s] Level 1:colcon.colcon_core.package_identification:_identify(src) by extension 'colcon_pkg'
[0.261s] Level 1:colcon.colcon_core.package_identification:_identify(src) by extensions ['colcon_meta']
[0.261s] Level 1:colcon.colcon_core.package_identification:_identify(src) by extension 'colcon_meta'
[0.261s] Level 1:colcon.colcon_core.package_identification:_identify(src) by extensions ['ros']
[0.261s] Level 1:colcon.colcon_core.package_identification:_identify(src) by extension 'ros'
[0.261s] Level 1:colcon.colcon_core.package_identification:_identify(src) by extensions ['cmake', 'python']
[0.261s] Level 1:colcon.colcon_core.package_identification:_identify(src) by extension 'cmake'
[0.261s] Level 1:colcon.colcon_core.package_identification:_identify(src) by extension 'python'
[0.261s] Level 1:colcon.colcon_core.package_identification:_identify(src) by extensions ['python_setup_py']
[0.261s] Level 1:colcon.colcon_core.package_identification:_identify(src) by extension 'python_setup_py'
[0.261s] Level 1:colcon.colcon_core.package_identification:_identify(src/build) by extensions ['ignore', 'ignore_ament_install']
[0.261s] Level 1:colcon.colcon_core.package_identification:_identify(src/build) by extension 'ignore'
[0.261s] Level 1:colcon.colcon_core.package_identification:_identify(src/build) ignored
[0.261s] Level 1:colcon.colcon_core.package_identification:_identify(src/gazebo_ros2_control) by extensions ['ignore', 'ignore_ament_install']
[0.262s] Level 1:colcon.colcon_core.package_identification:_identify(src/gazebo_ros2_control) by extension 'ignore'
[0.262s] Level 1:colcon.colcon_core.package_identification:_identify(src/gazebo_ros2_control) by extension 'ignore_ament_install'
[0.262s] Level 1:colcon.colcon_core.package_identification:_identify(src/gazebo_ros2_control) by extensions ['colcon_pkg']
[0.262s] Level 1:colcon.colcon_core.package_identification:_identify(src/gazebo_ros2_control) by extension 'colcon_pkg'
[0.262s] Level 1:colcon.colcon_core.package_identification:_identify(src/gazebo_ros2_control) by extensions ['colcon_meta']
[0.262s] Level 1:colcon.colcon_core.package_identification:_identify(src/gazebo_ros2_control) by extension 'colcon_meta'
[0.262s] Level 1:colcon.colcon_core.package_identification:_identify(src/gazebo_ros2_control) by extensions ['ros']
[0.262s] Level 1:colcon.colcon_core.package_identification:_identify(src/gazebo_ros2_control) by extension 'ros'
[0.262s] Level 1:colcon.colcon_core.package_identification:_identify(src/gazebo_ros2_control) by extensions ['cmake', 'python']
[0.262s] Level 1:colcon.colcon_core.package_identification:_identify(src/gazebo_ros2_control) by extension 'cmake'
[0.262s] Level 1:colcon.colcon_core.package_identification:_identify(src/gazebo_ros2_control) by extension 'python'
[0.262s] Level 1:colcon.colcon_core.package_identification:_identify(src/gazebo_ros2_control) by extensions ['python_setup_py']
[0.262s] Level 1:colcon.colcon_core.package_identification:_identify(src/gazebo_ros2_control) by extension 'python_setup_py'
[0.262s] Level 1:colcon.colcon_core.package_identification:_identify(src/gazebo_ros2_control/Docker) by extensions ['ignore', 'ignore_ament_install']
[0.262s] Level 1:colcon.colcon_core.package_identification:_identify(src/gazebo_ros2_control/Docker) by extension 'ignore'
[0.262s] Level 1:colcon.colcon_core.package_identification:_identify(src/gazebo_ros2_control/Docker) by extension 'ignore_ament_install'
[0.262s] Level 1:colcon.colcon_core.package_identification:_identify(src/gazebo_ros2_control/Docker) by extensions ['colcon_pkg']
[0.262s] Level 1:colcon.colcon_core.package_identification:_identify(src/gazebo_ros2_control/Docker) by extension 'colcon_pkg'
[0.262s] Level 1:colcon.colcon_core.package_identification:_identify(src/gazebo_ros2_control/Docker) by extensions ['colcon_meta']
[0.262s] Level 1:colcon.colcon_core.package_identification:_identify(src/gazebo_ros2_control/Docker) by extension 'colcon_meta'
[0.262s] Level 1:colcon.colcon_core.package_identification:_identify(src/gazebo_ros2_control/Docker) by extensions ['ros']
[0.262s] Level 1:colcon.colcon_core.package_identification:_identify(src/gazebo_ros2_control/Docker) by extension 'ros'
[0.262s] Level 1:colcon.colcon_core.package_identification:_identify(src/gazebo_ros2_control/Docker) by extensions ['cmake', 'python']
[0.262s] Level 1:colcon.colcon_core.package_identification:_identify(src/gazebo_ros2_control/Docker) by extension 'cmake'
[0.262s] Level 1:colcon.colcon_core.package_identification:_identify(src/gazebo_ros2_control/Docker) by extension 'python'
[0.262s] Level 1:colcon.colcon_core.package_identification:_identify(src/gazebo_ros2_control/Docker) by extensions ['python_setup_py']
[0.262s] Level 1:colcon.colcon_core.package_identification:_identify(src/gazebo_ros2_control/Docker) by extension 'python_setup_py'
[0.262s] Level 1:colcon.colcon_core.package_identification:_identify(src/gazebo_ros2_control/gazebo_ros2_control) by extensions ['ignore', 'ignore_ament_install']
[0.263s] Level 1:colcon.colcon_core.package_identification:_identify(src/gazebo_ros2_control/gazebo_ros2_control) by extension 'ignore'
[0.263s] Level 1:colcon.colcon_core.package_identification:_identify(src/gazebo_ros2_control/gazebo_ros2_control) by extension 'ignore_ament_install'
[0.263s] Level 1:colcon.colcon_core.package_identification:_identify(src/gazebo_ros2_control/gazebo_ros2_control) by extensions ['colcon_pkg']
[0.263s] Level 1:colcon.colcon_core.package_identification:_identify(src/gazebo_ros2_control/gazebo_ros2_control) by extension 'colcon_pkg'
[0.263s] Level 1:colcon.colcon_core.package_identification:_identify(src/gazebo_ros2_control/gazebo_ros2_control) by extensions ['colcon_meta']
[0.263s] Level 1:colcon.colcon_core.package_identification:_identify(src/gazebo_ros2_control/gazebo_ros2_control) by extension 'colcon_meta'
[0.263s] Level 1:colcon.colcon_core.package_identification:_identify(src/gazebo_ros2_control/gazebo_ros2_control) by extensions ['ros']
[0.263s] Level 1:colcon.colcon_core.package_identification:_identify(src/gazebo_ros2_control/gazebo_ros2_control) by extension 'ros'
[0.265s] DEBUG:colcon.colcon_core.package_identification:Package 'src/gazebo_ros2_control/gazebo_ros2_control' with type 'ros.ament_cmake' and name 'gazebo_ros2_control'
[0.265s] Level 1:colcon.colcon_core.package_identification:_identify(src/gazebo_ros2_control/gazebo_ros2_control_demos) by extensions ['ignore', 'ignore_ament_install']
[0.265s] Level 1:colcon.colcon_core.package_identification:_identify(src/gazebo_ros2_control/gazebo_ros2_control_demos) by extension 'ignore'
[0.265s] Level 1:colcon.colcon_core.package_identification:_identify(src/gazebo_ros2_control/gazebo_ros2_control_demos) by extension 'ignore_ament_install'
[0.266s] Level 1:colcon.colcon_core.package_identification:_identify(src/gazebo_ros2_control/gazebo_ros2_control_demos) by extensions ['colcon_pkg']
[0.266s] Level 1:colcon.colcon_core.package_identification:_identify(src/gazebo_ros2_control/gazebo_ros2_control_demos) by extension 'colcon_pkg'
[0.266s] Level 1:colcon.colcon_core.package_identification:_identify(src/gazebo_ros2_control/gazebo_ros2_control_demos) by extensions ['colcon_meta']
[0.266s] Level 1:colcon.colcon_core.package_identification:_identify(src/gazebo_ros2_control/gazebo_ros2_control_demos) by extension 'colcon_meta'
[0.266s] Level 1:colcon.colcon_core.package_identification:_identify(src/gazebo_ros2_control/gazebo_ros2_control_demos) by extensions ['ros']
[0.266s] Level 1:colcon.colcon_core.package_identification:_identify(src/gazebo_ros2_control/gazebo_ros2_control_demos) by extension 'ros'
[0.266s] DEBUG:colcon.colcon_core.package_identification:Package 'src/gazebo_ros2_control/gazebo_ros2_control_demos' with type 'ros.ament_cmake' and name 'gazebo_ros2_control_demos'
[0.266s] Level 1:colcon.colcon_core.package_identification:_identify(src/gazebo_ros2_control/img) by extensions ['ignore', 'ignore_ament_install']
[0.266s] Level 1:colcon.colcon_core.package_identification:_identify(src/gazebo_ros2_control/img) by extension 'ignore'
[0.267s] Level 1:colcon.colcon_core.package_identification:_identify(src/gazebo_ros2_control/img) by extension 'ignore_ament_install'
[0.267s] Level 1:colcon.colcon_core.package_identification:_identify(src/gazebo_ros2_control/img) by extensions ['colcon_pkg']
[0.267s] Level 1:colcon.colcon_core.package_identification:_identify(src/gazebo_ros2_control/img) by extension 'colcon_pkg'
[0.267s] Level 1:colcon.colcon_core.package_identification:_identify(src/gazebo_ros2_control/img) by extensions ['colcon_meta']
[0.267s] Level 1:colcon.colcon_core.package_identification:_identify(src/gazebo_ros2_control/img) by extension 'colcon_meta'
[0.267s] Level 1:colcon.colcon_core.package_identification:_identify(src/gazebo_ros2_control/img) by extensions ['ros']
[0.267s] Level 1:colcon.colcon_core.package_identification:_identify(src/gazebo_ros2_control/img) by extension 'ros'
[0.267s] Level 1:colcon.colcon_core.package_identification:_identify(src/gazebo_ros2_control/img) by extensions ['cmake', 'python']
[0.267s] Level 1:colcon.colcon_core.package_identification:_identify(src/gazebo_ros2_control/img) by extension 'cmake'
[0.267s] Level 1:colcon.colcon_core.package_identification:_identify(src/gazebo_ros2_control/img) by extension 'python'
[0.267s] Level 1:colcon.colcon_core.package_identification:_identify(src/gazebo_ros2_control/img) by extensions ['python_setup_py']
[0.267s] Level 1:colcon.colcon_core.package_identification:_identify(src/gazebo_ros2_control/img) by extension 'python_setup_py'
[0.267s] Level 1:colcon.colcon_core.package_identification:_identify(src/install) by extensions ['ignore', 'ignore_ament_install']
[0.267s] Level 1:colcon.colcon_core.package_identification:_identify(src/install) by extension 'ignore'
[0.267s] Level 1:colcon.colcon_core.package_identification:_identify(src/install) ignored
[0.267s] Level 1:colcon.colcon_core.package_identification:_identify(src/log) by extensions ['ignore', 'ignore_ament_install']
[0.267s] Level 1:colcon.colcon_core.package_identification:_identify(src/log) by extension 'ignore'
[0.267s] Level 1:colcon.colcon_core.package_identification:_identify(src/log) ignored
[0.267s] Level 1:colcon.colcon_core.package_identification:_identify(src/my_doosan_pkg) by extensions ['ignore', 'ignore_ament_install']
[0.267s] Level 1:colcon.colcon_core.package_identification:_identify(src/my_doosan_pkg) by extension 'ignore'
[0.267s] Level 1:colcon.colcon_core.package_identification:_identify(src/my_doosan_pkg) by extension 'ignore_ament_install'
[0.267s] Level 1:colcon.colcon_core.package_identification:_identify(src/my_doosan_pkg) by extensions ['colcon_pkg']
[0.267s] Level 1:colcon.colcon_core.package_identification:_identify(src/my_doosan_pkg) by extension 'colcon_pkg'
[0.267s] Level 1:colcon.colcon_core.package_identification:_identify(src/my_doosan_pkg) by extensions ['colcon_meta']
[0.267s] Level 1:colcon.colcon_core.package_identification:_identify(src/my_doosan_pkg) by extension 'colcon_meta'
[0.267s] Level 1:colcon.colcon_core.package_identification:_identify(src/my_doosan_pkg) by extensions ['ros']
[0.268s] Level 1:colcon.colcon_core.package_identification:_identify(src/my_doosan_pkg) by extension 'ros'
[0.268s] DEBUG:colcon.colcon_core.package_identification:Package 'src/my_doosan_pkg' with type 'ros.ament_python' and name 'my_doosan_pkg'
[0.268s] Level 1:colcon.colcon_core.package_identification:_identify(src/robotic_arm_environment) by extensions ['ignore', 'ignore_ament_install']
[0.268s] Level 1:colcon.colcon_core.package_identification:_identify(src/robotic_arm_environment) by extension 'ignore'
[0.268s] Level 1:colcon.colcon_core.package_identification:_identify(src/robotic_arm_environment) by extension 'ignore_ament_install'
[0.268s] Level 1:colcon.colcon_core.package_identification:_identify(src/robotic_arm_environment) by extensions ['colcon_pkg']
[0.268s] Level 1:colcon.colcon_core.package_identification:_identify(src/robotic_arm_environment) by extension 'colcon_pkg'
[0.268s] Level 1:colcon.colcon_core.package_identification:_identify(src/robotic_arm_environment) by extensions ['colcon_meta']
[0.268s] Level 1:colcon.colcon_core.package_identification:_identify(src/robotic_arm_environment) by extension 'colcon_meta'
[0.268s] Level 1:colcon.colcon_core.package_identification:_identify(src/robotic_arm_environment) by extensions ['ros']
[0.268s] Level 1:colcon.colcon_core.package_identification:_identify(src/robotic_arm_environment) by extension 'ros'
[0.268s] Level 1:colcon.colcon_core.package_identification:_identify(src/robotic_arm_environment) by extensions ['cmake', 'python']
[0.268s] Level 1:colcon.colcon_core.package_identification:_identify(src/robotic_arm_environment) by extension 'cmake'
[0.268s] Level 1:colcon.colcon_core.package_identification:_identify(src/robotic_arm_environment) by extension 'python'
[0.268s] Level 1:colcon.colcon_core.package_identification:_identify(src/robotic_arm_environment) by extensions ['python_setup_py']
[0.268s] Level 1:colcon.colcon_core.package_identification:_identify(src/robotic_arm_environment) by extension 'python_setup_py'
[0.269s] Level 1:colcon.colcon_core.package_identification:_identify(src/robotic_arm_environment/RL_algorithms_basic) by extensions ['ignore', 'ignore_ament_install']
[0.269s] Level 1:colcon.colcon_core.package_identification:_identify(src/robotic_arm_environment/RL_algorithms_basic) by extension 'ignore'
[0.269s] Level 1:colcon.colcon_core.package_identification:_identify(src/robotic_arm_environment/RL_algorithms_basic) by extension 'ignore_ament_install'
[0.269s] Level 1:colcon.colcon_core.package_identification:_identify(src/robotic_arm_environment/RL_algorithms_basic) by extensions ['colcon_pkg']
[0.269s] Level 1:colcon.colcon_core.package_identification:_identify(src/robotic_arm_environment/RL_algorithms_basic) by extension 'colcon_pkg'
[0.269s] Level 1:colcon.colcon_core.package_identification:_identify(src/robotic_arm_environment/RL_algorithms_basic) by extensions ['colcon_meta']
[0.269s] Level 1:colcon.colcon_core.package_identification:_identify(src/robotic_arm_environment/RL_algorithms_basic) by extension 'colcon_meta'
[0.269s] Level 1:colcon.colcon_core.package_identification:_identify(src/robotic_arm_environment/RL_algorithms_basic) by extensions ['ros']
[0.269s] Level 1:colcon.colcon_core.package_identification:_identify(src/robotic_arm_environment/RL_algorithms_basic) by extension 'ros'
[0.269s] Level 1:colcon.colcon_core.package_identification:_identify(src/robotic_arm_environment/RL_algorithms_basic) by extensions ['cmake', 'python']
[0.269s] Level 1:colcon.colcon_core.package_identification:_identify(src/robotic_arm_environment/RL_algorithms_basic) by extension 'cmake'
[0.269s] Level 1:colcon.colcon_core.package_identification:_identify(src/robotic_arm_environment/RL_algorithms_basic) by extension 'python'
[0.269s] Level 1:colcon.colcon_core.package_identification:_identify(src/robotic_arm_environment/RL_algorithms_basic) by extensions ['python_setup_py']
[0.269s] Level 1:colcon.colcon_core.package_identification:_identify(src/robotic_arm_environment/RL_algorithms_basic) by extension 'python_setup_py'
[0.269s] Level 1:colcon.colcon_core.package_identification:_identify(src/robotic_arm_environment/data) by extensions ['ignore', 'ignore_ament_install']
[0.269s] Level 1:colcon.colcon_core.package_identification:_identify(src/robotic_arm_environment/data) by extension 'ignore'
[0.269s] Level 1:colcon.colcon_core.package_identification:_identify(src/robotic_arm_environment/data) by extension 'ignore_ament_install'
[0.269s] Level 1:colcon.colcon_core.package_identification:_identify(src/robotic_arm_environment/data) by extensions ['colcon_pkg']
[0.269s] Level 1:colcon.colcon_core.package_identification:_identify(src/robotic_arm_environment/data) by extension 'colcon_pkg'
[0.269s] Level 1:colcon.colcon_core.package_identification:_identify(src/robotic_arm_environment/data) by extensions ['colcon_meta']
[0.269s] Level 1:colcon.colcon_core.package_identification:_identify(src/robotic_arm_environment/data) by extension 'colcon_meta'
[0.269s] Level 1:colcon.colcon_core.package_identification:_identify(src/robotic_arm_environment/data) by extensions ['ros']
[0.269s] Level 1:colcon.colcon_core.package_identification:_identify(src/robotic_arm_environment/data) by extension 'ros'
[0.269s] Level 1:colcon.colcon_core.package_identification:_identify(src/robotic_arm_environment/data) by extensions ['cmake', 'python']
[0.269s] Level 1:colcon.colcon_core.package_identification:_identify(src/robotic_arm_environment/data) by extension 'cmake'
[0.269s] Level 1:colcon.colcon_core.package_identification:_identify(src/robotic_arm_environment/data) by extension 'python'
[0.269s] Level 1:colcon.colcon_core.package_identification:_identify(src/robotic_arm_environment/data) by extensions ['python_setup_py']
[0.269s] Level 1:colcon.colcon_core.package_identification:_identify(src/robotic_arm_environment/data) by extension 'python_setup_py'
[0.270s] Level 1:colcon.colcon_core.package_identification:_identify(src/robotic_arm_environment/images) by extensions ['ignore', 'ignore_ament_install']
[0.270s] Level 1:colcon.colcon_core.package_identification:_identify(src/robotic_arm_environment/images) by extension 'ignore'
[0.270s] Level 1:colcon.colcon_core.package_identification:_identify(src/robotic_arm_environment/images) by extension 'ignore_ament_install'
[0.270s] Level 1:colcon.colcon_core.package_identification:_identify(src/robotic_arm_environment/images) by extensions ['colcon_pkg']
[0.270s] Level 1:colcon.colcon_core.package_identification:_identify(src/robotic_arm_environment/images) by extension 'colcon_pkg'
[0.270s] Level 1:colcon.colcon_core.package_identification:_identify(src/robotic_arm_environment/images) by extensions ['colcon_meta']
[0.270s] Level 1:colcon.colcon_core.package_identification:_identify(src/robotic_arm_environment/images) by extension 'colcon_meta'
[0.270s] Level 1:colcon.colcon_core.package_identification:_identify(src/robotic_arm_environment/images) by extensions ['ros']
[0.270s] Level 1:colcon.colcon_core.package_identification:_identify(src/robotic_arm_environment/images) by extension 'ros'
[0.270s] Level 1:colcon.colcon_core.package_identification:_identify(src/robotic_arm_environment/images) by extensions ['cmake', 'python']
[0.270s] Level 1:colcon.colcon_core.package_identification:_identify(src/robotic_arm_environment/images) by extension 'cmake'
[0.270s] Level 1:colcon.colcon_core.package_identification:_identify(src/robotic_arm_environment/images) by extension 'python'
[0.270s] Level 1:colcon.colcon_core.package_identification:_identify(src/robotic_arm_environment/images) by extensions ['python_setup_py']
[0.270s] Level 1:colcon.colcon_core.package_identification:_identify(src/robotic_arm_environment/images) by extension 'python_setup_py'
[0.270s] Level 1:colcon.colcon_core.package_identification:_identify(src/robotic_arm_environment/my_doosan_pkg) by extensions ['ignore', 'ignore_ament_install']
[0.270s] Level 1:colcon.colcon_core.package_identification:_identify(src/robotic_arm_environment/my_doosan_pkg) by extension 'ignore'
[0.270s] Level 1:colcon.colcon_core.package_identification:_identify(src/robotic_arm_environment/my_doosan_pkg) by extension 'ignore_ament_install'
[0.270s] Level 1:colcon.colcon_core.package_identification:_identify(src/robotic_arm_environment/my_doosan_pkg) by extensions ['colcon_pkg']
[0.270s] Level 1:colcon.colcon_core.package_identification:_identify(src/robotic_arm_environment/my_doosan_pkg) by extension 'colcon_pkg'
[0.270s] Level 1:colcon.colcon_core.package_identification:_identify(src/robotic_arm_environment/my_doosan_pkg) by extensions ['colcon_meta']
[0.270s] Level 1:colcon.colcon_core.package_identification:_identify(src/robotic_arm_environment/my_doosan_pkg) by extension 'colcon_meta'
[0.270s] Level 1:colcon.colcon_core.package_identification:_identify(src/robotic_arm_environment/my_doosan_pkg) by extensions ['ros']
[0.270s] Level 1:colcon.colcon_core.package_identification:_identify(src/robotic_arm_environment/my_doosan_pkg) by extension 'ros'
[0.271s] DEBUG:colcon.colcon_core.package_identification:Package 'src/robotic_arm_environment/my_doosan_pkg' with type 'ros.ament_python' and name 'my_doosan_pkg0'
[0.271s] Level 1:colcon.colcon_core.package_identification:_identify(src/robotic_arm_environment/my_environment_pkg) by extensions ['ignore', 'ignore_ament_install']
[0.271s] Level 1:colcon.colcon_core.package_identification:_identify(src/robotic_arm_environment/my_environment_pkg) by extension 'ignore'
[0.271s] Level 1:colcon.colcon_core.package_identification:_identify(src/robotic_arm_environment/my_environment_pkg) by extension 'ignore_ament_install'
[0.271s] Level 1:colcon.colcon_core.package_identification:_identify(src/robotic_arm_environment/my_environment_pkg) by extensions ['colcon_pkg']
[0.271s] Level 1:colcon.colcon_core.package_identification:_identify(src/robotic_arm_environment/my_environment_pkg) by extension 'colcon_pkg'
[0.271s] Level 1:colcon.colcon_core.package_identification:_identify(src/robotic_arm_environment/my_environment_pkg) by extensions ['colcon_meta']
[0.271s] Level 1:colcon.colcon_core.package_identification:_identify(src/robotic_arm_environment/my_environment_pkg) by extension 'colcon_meta'
[0.271s] Level 1:colcon.colcon_core.package_identification:_identify(src/robotic_arm_environment/my_environment_pkg) by extensions ['ros']
[0.271s] Level 1:colcon.colcon_core.package_identification:_identify(src/robotic_arm_environment/my_environment_pkg) by extension 'ros'
[0.272s] DEBUG:colcon.colcon_core.package_identification:Package 'src/robotic_arm_environment/my_environment_pkg' with type 'ros.ament_python' and name 'my_environment_pkg'
[0.272s] Level 1:colcon.colcon_core.package_identification:_identify(src/robotic_arm_environment/my_sphere_pkg) by extensions ['ignore', 'ignore_ament_install']
[0.272s] Level 1:colcon.colcon_core.package_identification:_identify(src/robotic_arm_environment/my_sphere_pkg) by extension 'ignore'
[0.272s] Level 1:colcon.colcon_core.package_identification:_identify(src/robotic_arm_environment/my_sphere_pkg) by extension 'ignore_ament_install'
[0.272s] Level 1:colcon.colcon_core.package_identification:_identify(src/robotic_arm_environment/my_sphere_pkg) by extensions ['colcon_pkg']
[0.272s] Level 1:colcon.colcon_core.package_identification:_identify(src/robotic_arm_environment/my_sphere_pkg) by extension 'colcon_pkg'
[0.272s] Level 1:colcon.colcon_core.package_identification:_identify(src/robotic_arm_environment/my_sphere_pkg) by extensions ['colcon_meta']
[0.272s] Level 1:colcon.colcon_core.package_identification:_identify(src/robotic_arm_environment/my_sphere_pkg) by extension 'colcon_meta'
[0.272s] Level 1:colcon.colcon_core.package_identification:_identify(src/robotic_arm_environment/my_sphere_pkg) by extensions ['ros']
[0.272s] Level 1:colcon.colcon_core.package_identification:_identify(src/robotic_arm_environment/my_sphere_pkg) by extension 'ros'
[0.272s] DEBUG:colcon.colcon_core.package_identification:Package 'src/robotic_arm_environment/my_sphere_pkg' with type 'ros.ament_python' and name 'my_sphere_pkg'
[0.272s] Level 1:colcon.colcon_core.package_discovery:discover_packages(recursive) using defaults
[0.272s] Level 1:colcon.colcon_core.package_discovery:discover_packages(ignore) discover
[0.272s] Level 1:colcon.colcon_core.package_discovery:discover_packages(ignore) using defaults
[0.272s] Level 1:colcon.colcon_core.package_discovery:discover_packages(path) discover
[0.272s] Level 1:colcon.colcon_core.package_discovery:discover_packages(path) using defaults
[0.295s] Level 1:colcon.colcon_core.package_discovery:discover_packages(prefix_path) check parameters
[0.295s] Level 1:colcon.colcon_core.package_discovery:discover_packages(prefix_path) discover
[0.296s] DEBUG:colcon.colcon_installed_package_information.package_discovery:Found 1 installed packages in /home/gabri/ros2_ws/install
[0.297s] DEBUG:colcon.colcon_installed_package_information.package_discovery:Found 290 installed packages in /opt/ros/foxy
[0.298s] Level 1:colcon.colcon_core.package_discovery:discover_packages(prefix_path) using defaults
[0.341s] Level 5:colcon.colcon_core.verb:set package 'gazebo_ros2_control' build argument 'cmake_args' from command line to 'None'
[0.341s] Level 5:colcon.colcon_core.verb:set package 'gazebo_ros2_control' build argument 'cmake_target' from command line to 'None'
[0.341s] Level 5:colcon.colcon_core.verb:set package 'gazebo_ros2_control' build argument 'cmake_target_skip_unavailable' from command line to 'False'
[0.341s] Level 5:colcon.colcon_core.verb:set package 'gazebo_ros2_control' build argument 'cmake_clean_cache' from command line to 'False'
[0.341s] Level 5:colcon.colcon_core.verb:set package 'gazebo_ros2_control' build argument 'cmake_clean_first' from command line to 'False'
[0.341s] Level 5:colcon.colcon_core.verb:set package 'gazebo_ros2_control' build argument 'cmake_force_configure' from command line to 'False'
[0.341s] Level 5:colcon.colcon_core.verb:set package 'gazebo_ros2_control' build argument 'ament_cmake_args' from command line to 'None'
[0.341s] Level 5:colcon.colcon_core.verb:set package 'gazebo_ros2_control' build argument 'catkin_cmake_args' from command line to 'None'
[0.341s] Level 5:colcon.colcon_core.verb:set package 'gazebo_ros2_control' build argument 'catkin_skip_building_tests' from command line to 'False'
[0.341s] DEBUG:colcon.colcon_core.verb:Building package 'gazebo_ros2_control' with the following arguments: {'ament_cmake_args': None, 'build_base': '/home/gabri/ros2_ws/build/gazebo_ros2_control', 'catkin_cmake_args': None, 'catkin_skip_building_tests': False, 'cmake_args': None, 'cmake_clean_cache': False, 'cmake_clean_first': False, 'cmake_force_configure': False, 'cmake_target': None, 'cmake_target_skip_unavailable': False, 'install_base': '/home/gabri/ros2_ws/install/gazebo_ros2_control', 'merge_install': False, 'path': '/home/gabri/ros2_ws/src/gazebo_ros2_control/gazebo_ros2_control', 'symlink_install': False, 'test_result_base': None}
[0.342s] Level 5:colcon.colcon_core.verb:set package 'my_doosan_pkg' build argument 'cmake_args' from command line to 'None'
[0.342s] Level 5:colcon.colcon_core.verb:set package 'my_doosan_pkg' build argument 'cmake_target' from command line to 'None'
[0.342s] Level 5:colcon.colcon_core.verb:set package 'my_doosan_pkg' build argument 'cmake_target_skip_unavailable' from command line to 'False'
[0.342s] Level 5:colcon.colcon_core.verb:set package 'my_doosan_pkg' build argument 'cmake_clean_cache' from command line to 'False'
[0.342s] Level 5:colcon.colcon_core.verb:set package 'my_doosan_pkg' build argument 'cmake_clean_first' from command line to 'False'
[0.342s] Level 5:colcon.colcon_core.verb:set package 'my_doosan_pkg' build argument 'cmake_force_configure' from command line to 'False'
[0.342s] Level 5:colcon.colcon_core.verb:set package 'my_doosan_pkg' build argument 'ament_cmake_args' from command line to 'None'
[0.342s] Level 5:colcon.colcon_core.verb:set package 'my_doosan_pkg' build argument 'catkin_cmake_args' from command line to 'None'
[0.342s] Level 5:colcon.colcon_core.verb:set package 'my_doosan_pkg' build argument 'catkin_skip_building_tests' from command line to 'False'
[0.342s] DEBUG:colcon.colcon_core.verb:Building package 'my_doosan_pkg' with the following arguments: {'ament_cmake_args': None, 'build_base': '/home/gabri/ros2_ws/build/my_doosan_pkg', 'catkin_cmake_args': None, 'catkin_skip_building_tests': False, 'cmake_args': None, 'cmake_clean_cache': False, 'cmake_clean_first': False, 'cmake_force_configure': False, 'cmake_target': None, 'cmake_target_skip_unavailable': False, 'install_base': '/home/gabri/ros2_ws/install/my_doosan_pkg', 'merge_install': False, 'path': '/home/gabri/ros2_ws/src/my_doosan_pkg', 'symlink_install': False, 'test_result_base': None}
[0.342s] Level 5:colcon.colcon_core.verb:set package 'my_doosan_pkg0' build argument 'cmake_args' from command line to 'None'
[0.342s] Level 5:colcon.colcon_core.verb:set package 'my_doosan_pkg0' build argument 'cmake_target' from command line to 'None'
[0.342s] Level 5:colcon.colcon_core.verb:set package 'my_doosan_pkg0' build argument 'cmake_target_skip_unavailable' from command line to 'False'
[0.342s] Level 5:colcon.colcon_core.verb:set package 'my_doosan_pkg0' build argument 'cmake_clean_cache' from command line to 'False'
[0.342s] Level 5:colcon.colcon_core.verb:set package 'my_doosan_pkg0' build argument 'cmake_clean_first' from command line to 'False'
[0.342s] Level 5:colcon.colcon_core.verb:set package 'my_doosan_pkg0' build argument 'cmake_force_configure' from command line to 'False'
[0.342s] Level 5:colcon.colcon_core.verb:set package 'my_doosan_pkg0' build argument 'ament_cmake_args' from command line to 'None'
[0.342s] Level 5:colcon.colcon_core.verb:set package 'my_doosan_pkg0' build argument 'catkin_cmake_args' from command line to 'None'
[0.342s] Level 5:colcon.colcon_core.verb:set package 'my_doosan_pkg0' build argument 'catkin_skip_building_tests' from command line to 'False'
[0.342s] DEBUG:colcon.colcon_core.verb:Building package 'my_doosan_pkg0' with the following arguments: {'ament_cmake_args': None, 'build_base': '/home/gabri/ros2_ws/build/my_doosan_pkg0', 'catkin_cmake_args': None, 'catkin_skip_building_tests': False, 'cmake_args': None, 'cmake_clean_cache': False, 'cmake_clean_first': False, 'cmake_force_configure': False, 'cmake_target': None, 'cmake_target_skip_unavailable': False, 'install_base': '/home/gabri/ros2_ws/install/my_doosan_pkg0', 'merge_install': False, 'path': '/home/gabri/ros2_ws/src/robotic_arm_environment/my_doosan_pkg', 'symlink_install': False, 'test_result_base': None}
[0.342s] Level 5:colcon.colcon_core.verb:set package 'my_environment_pkg' build argument 'cmake_args' from command line to 'None'
[0.342s] Level 5:colcon.colcon_core.verb:set package 'my_environment_pkg' build argument 'cmake_target' from command line to 'None'
[0.342s] Level 5:colcon.colcon_core.verb:set package 'my_environment_pkg' build argument 'cmake_target_skip_unavailable' from command line to 'False'
[0.342s] Level 5:colcon.colcon_core.verb:set package 'my_environment_pkg' build argument 'cmake_clean_cache' from command line to 'False'
[0.342s] Level 5:colcon.colcon_core.verb:set package 'my_environment_pkg' build argument 'cmake_clean_first' from command line to 'False'
[0.342s] Level 5:colcon.colcon_core.verb:set package 'my_environment_pkg' build argument 'cmake_force_configure' from command line to 'False'
[0.343s] Level 5:colcon.colcon_core.verb:set package 'my_environment_pkg' build argument 'ament_cmake_args' from command line to 'None'
[0.343s] Level 5:colcon.colcon_core.verb:set package 'my_environment_pkg' build argument 'catkin_cmake_args' from command line to 'None'
[0.343s] Level 5:colcon.colcon_core.verb:set package 'my_environment_pkg' build argument 'catkin_skip_building_tests' from command line to 'False'
[0.343s] DEBUG:colcon.colcon_core.verb:Building package 'my_environment_pkg' with the following arguments: {'ament_cmake_args': None, 'build_base': '/home/gabri/ros2_ws/build/my_environment_pkg', 'catkin_cmake_args': None, 'catkin_skip_building_tests': False, 'cmake_args': None, 'cmake_clean_cache': False, 'cmake_clean_first': False, 'cmake_force_configure': False, 'cmake_target': None, 'cmake_target_skip_unavailable': False, 'install_base': '/home/gabri/ros2_ws/install/my_environment_pkg', 'merge_install': False, 'path': '/home/gabri/ros2_ws/src/robotic_arm_environment/my_environment_pkg', 'symlink_install': False, 'test_result_base': None}
[0.343s] Level 5:colcon.colcon_core.verb:set package 'my_sphere_pkg' build argument 'cmake_args' from command line to 'None'
[0.343s] Level 5:colcon.colcon_core.verb:set package 'my_sphere_pkg' build argument 'cmake_target' from command line to 'None'
[0.343s] Level 5:colcon.colcon_core.verb:set package 'my_sphere_pkg' build argument 'cmake_target_skip_unavailable' from command line to 'False'
[0.343s] Level 5:colcon.colcon_core.verb:set package 'my_sphere_pkg' build argument 'cmake_clean_cache' from command line to 'False'
[0.343s] Level 5:colcon.colcon_core.verb:set package 'my_sphere_pkg' build argument 'cmake_clean_first' from command line to 'False'
[0.343s] Level 5:colcon.colcon_core.verb:set package 'my_sphere_pkg' build argument 'cmake_force_configure' from command line to 'False'
[0.343s] Level 5:colcon.colcon_core.verb:set package 'my_sphere_pkg' build argument 'ament_cmake_args' from command line to 'None'
[0.343s] Level 5:colcon.colcon_core.verb:set package 'my_sphere_pkg' build argument 'catkin_cmake_args' from command line to 'None'
[0.343s] Level 5:colcon.colcon_core.verb:set package 'my_sphere_pkg' build argument 'catkin_skip_building_tests' from command line to 'False'
[0.343s] DEBUG:colcon.colcon_core.verb:Building package 'my_sphere_pkg' with the following arguments: {'ament_cmake_args': None, 'build_base': '/home/gabri/ros2_ws/build/my_sphere_pkg', 'catkin_cmake_args': None, 'catkin_skip_building_tests': False, 'cmake_args': None, 'cmake_clean_cache': False, 'cmake_clean_first': False, 'cmake_force_configure': False, 'cmake_target': None, 'cmake_target_skip_unavailable': False, 'install_base': '/home/gabri/ros2_ws/install/my_sphere_pkg', 'merge_install': False, 'path': '/home/gabri/ros2_ws/src/robotic_arm_environment/my_sphere_pkg', 'symlink_install': False, 'test_result_base': None}
[0.343s] Level 5:colcon.colcon_core.verb:set package 'gazebo_ros2_control_demos' build argument 'cmake_args' from command line to 'None'
[0.343s] Level 5:colcon.colcon_core.verb:set package 'gazebo_ros2_control_demos' build argument 'cmake_target' from command line to 'None'
[0.343s] Level 5:colcon.colcon_core.verb:set package 'gazebo_ros2_control_demos' build argument 'cmake_target_skip_unavailable' from command line to 'False'
[0.343s] Level 5:colcon.colcon_core.verb:set package 'gazebo_ros2_control_demos' build argument 'cmake_clean_cache' from command line to 'False'
[0.343s] Level 5:colcon.colcon_core.verb:set package 'gazebo_ros2_control_demos' build argument 'cmake_clean_first' from command line to 'False'
[0.343s] Level 5:colcon.colcon_core.verb:set package 'gazebo_ros2_control_demos' build argument 'cmake_force_configure' from command line to 'False'
[0.343s] Level 5:colcon.colcon_core.verb:set package 'gazebo_ros2_control_demos' build argument 'ament_cmake_args' from command line to 'None'
[0.343s] Level 5:colcon.colcon_core.verb:set package 'gazebo_ros2_control_demos' build argument 'catkin_cmake_args' from command line to 'None'
[0.343s] Level 5:colcon.colcon_core.verb:set package 'gazebo_ros2_control_demos' build argument 'catkin_skip_building_tests' from command line to 'False'
[0.343s] DEBUG:colcon.colcon_core.verb:Building package 'gazebo_ros2_control_demos' with the following arguments: {'ament_cmake_args': None, 'build_base': '/home/gabri/ros2_ws/build/gazebo_ros2_control_demos', 'catkin_cmake_args': None, 'catkin_skip_building_tests': False, 'cmake_args': None, 'cmake_clean_cache': False, 'cmake_clean_first': False, 'cmake_force_configure': False, 'cmake_target': None, 'cmake_target_skip_unavailable': False, 'install_base': '/home/gabri/ros2_ws/install/gazebo_ros2_control_demos', 'merge_install': False, 'path': '/home/gabri/ros2_ws/src/gazebo_ros2_control/gazebo_ros2_control_demos', 'symlink_install': False, 'test_result_base': None}
[0.344s] INFO:colcon.colcon_core.executor:Executing jobs using 'parallel' executor
[0.344s] DEBUG:colcon.colcon_parallel_executor.executor.parallel:run_until_complete
[0.345s] INFO:colcon.colcon_ros.task.ament_cmake.build:Building ROS package in '/home/gabri/ros2_ws/src/gazebo_ros2_control/gazebo_ros2_control' with build type 'ament_cmake'
[0.345s] INFO:colcon.colcon_cmake.task.cmake.build:Building CMake package in '/home/gabri/ros2_ws/src/gazebo_ros2_control/gazebo_ros2_control'
[0.347s] INFO:colcon.colcon_core.plugin_system:Skipping extension 'colcon_core.shell.bat': Not used on non-Windows systems
[0.347s] INFO:colcon.colcon_core.shell:Skip shell extension 'powershell' for command environment: Not usable outside of PowerShell
[0.347s] DEBUG:colcon.colcon_core.shell:Skip shell extension 'dsv' for command environment
[0.351s] INFO:colcon.colcon_ros.task.ament_python.build:Building ROS package in '/home/gabri/ros2_ws/src/my_doosan_pkg' with build type 'ament_python'
[0.352s] Level 1:colcon.colcon_core.shell:create_environment_hook('my_doosan_pkg', 'ament_prefix_path')
[0.352s] INFO:colcon.colcon_core.shell:Creating environment hook '/home/gabri/ros2_ws/install/my_doosan_pkg/share/my_doosan_pkg/hook/ament_prefix_path.ps1'
[0.354s] INFO:colcon.colcon_core.shell:Creating environment descriptor '/home/gabri/ros2_ws/install/my_doosan_pkg/share/my_doosan_pkg/hook/ament_prefix_path.dsv'
[0.354s] INFO:colcon.colcon_core.shell:Creating environment hook '/home/gabri/ros2_ws/install/my_doosan_pkg/share/my_doosan_pkg/hook/ament_prefix_path.sh'
[0.355s] INFO:colcon.colcon_core.shell:Skip shell extension 'powershell' for command environment: Not usable outside of PowerShell
[0.355s] DEBUG:colcon.colcon_core.shell:Skip shell extension 'dsv' for command environment
[0.359s] INFO:colcon.colcon_ros.task.ament_python.build:Building ROS package in '/home/gabri/ros2_ws/src/robotic_arm_environment/my_doosan_pkg' with build type 'ament_python'
[0.359s] Level 1:colcon.colcon_core.shell:create_environment_hook('my_doosan_pkg0', 'ament_prefix_path')
[0.360s] INFO:colcon.colcon_core.shell:Creating environment hook '/home/gabri/ros2_ws/install/my_doosan_pkg0/share/my_doosan_pkg0/hook/ament_prefix_path.ps1'
[0.360s] INFO:colcon.colcon_core.shell:Creating environment descriptor '/home/gabri/ros2_ws/install/my_doosan_pkg0/share/my_doosan_pkg0/hook/ament_prefix_path.dsv'
[0.361s] INFO:colcon.colcon_core.shell:Creating environment hook '/home/gabri/ros2_ws/install/my_doosan_pkg0/share/my_doosan_pkg0/hook/ament_prefix_path.sh'
[0.361s] INFO:colcon.colcon_core.shell:Skip shell extension 'powershell' for command environment: Not usable outside of PowerShell
[0.361s] DEBUG:colcon.colcon_core.shell:Skip shell extension 'dsv' for command environment
[0.366s] INFO:colcon.colcon_ros.task.ament_python.build:Building ROS package in '/home/gabri/ros2_ws/src/robotic_arm_environment/my_environment_pkg' with build type 'ament_python'
[0.366s] Level 1:colcon.colcon_core.shell:create_environment_hook('my_environment_pkg', 'ament_prefix_path')
[0.366s] INFO:colcon.colcon_core.shell:Creating environment hook '/home/gabri/ros2_ws/install/my_environment_pkg/share/my_environment_pkg/hook/ament_prefix_path.ps1'
[0.367s] INFO:colcon.colcon_core.shell:Creating environment descriptor '/home/gabri/ros2_ws/install/my_environment_pkg/share/my_environment_pkg/hook/ament_prefix_path.dsv'
[0.367s] INFO:colcon.colcon_core.shell:Creating environment hook '/home/gabri/ros2_ws/install/my_environment_pkg/share/my_environment_pkg/hook/ament_prefix_path.sh'
[0.368s] INFO:colcon.colcon_core.shell:Skip shell extension 'powershell' for command environment: Not usable outside of PowerShell
[0.368s] DEBUG:colcon.colcon_core.shell:Skip shell extension 'dsv' for command environment
[0.372s] INFO:colcon.colcon_ros.task.ament_python.build:Building ROS package in '/home/gabri/ros2_ws/src/robotic_arm_environment/my_sphere_pkg' with build type 'ament_python'
[0.372s] Level 1:colcon.colcon_core.shell:create_environment_hook('my_sphere_pkg', 'ament_prefix_path')
[0.372s] INFO:colcon.colcon_core.shell:Creating environment hook '/home/gabri/ros2_ws/install/my_sphere_pkg/share/my_sphere_pkg/hook/ament_prefix_path.ps1'
[0.374s] INFO:colcon.colcon_core.shell:Creating environment descriptor '/home/gabri/ros2_ws/install/my_sphere_pkg/share/my_sphere_pkg/hook/ament_prefix_path.dsv'
[0.374s] INFO:colcon.colcon_core.shell:Creating environment hook '/home/gabri/ros2_ws/install/my_sphere_pkg/share/my_sphere_pkg/hook/ament_prefix_path.sh'
[0.375s] INFO:colcon.colcon_core.shell:Skip shell extension 'powershell' for command environment: Not usable outside of PowerShell
[0.375s] DEBUG:colcon.colcon_core.shell:Skip shell extension 'dsv' for command environment
[0.385s] DEBUG:colcon.colcon_core.event_handler.log_command:Invoking command in '/home/gabri/ros2_ws/build/gazebo_ros2_control': CMAKE_PREFIX_PATH=/home/gabri/ros2_ws/install/my_doosan_pkg:/opt/ros/foxy /usr/bin/cmake /home/gabri/ros2_ws/src/gazebo_ros2_control/gazebo_ros2_control -DCMAKE_INSTALL_PREFIX=/home/gabri/ros2_ws/install/gazebo_ros2_control
[0.557s] INFO:colcon.colcon_core.task.python.build:Building Python package in '/home/gabri/ros2_ws/src/my_doosan_pkg'
[0.557s] INFO:colcon.colcon_core.shell:Skip shell extension 'powershell' for command environment: Not usable outside of PowerShell
[0.557s] DEBUG:colcon.colcon_core.shell:Skip shell extension 'dsv' for command environment
[0.735s] WARNING:colcon.colcon_ros.task.ament_python.build:Package 'my_doosan_pkg0' doesn't explicitly install a marker in the package index (colcon-ros currently does it implicitly but that fallback will be removed in the future)
[0.736s] WARNING:colcon.colcon_ros.task.ament_python.build:Package 'my_doosan_pkg0' doesn't explicitly install the 'package.xml' file (colcon-ros currently does it implicitly but that fallback will be removed in the future)
[0.736s] INFO:colcon.colcon_core.task.python.build:Building Python package in '/home/gabri/ros2_ws/src/robotic_arm_environment/my_doosan_pkg'
[0.736s] INFO:colcon.colcon_core.shell:Skip shell extension 'powershell' for command environment: Not usable outside of PowerShell
[0.737s] DEBUG:colcon.colcon_core.shell:Skip shell extension 'dsv' for command environment
[0.920s] INFO:colcon.colcon_core.task.python.build:Building Python package in '/home/gabri/ros2_ws/src/robotic_arm_environment/my_environment_pkg'
[0.921s] INFO:colcon.colcon_core.shell:Skip shell extension 'powershell' for command environment: Not usable outside of PowerShell
[0.921s] DEBUG:colcon.colcon_core.shell:Skip shell extension 'dsv' for command environment
[1.102s] INFO:colcon.colcon_core.task.python.build:Building Python package in '/home/gabri/ros2_ws/src/robotic_arm_environment/my_sphere_pkg'
[1.103s] INFO:colcon.colcon_core.shell:Skip shell extension 'powershell' for command environment: Not usable outside of PowerShell
[1.103s] DEBUG:colcon.colcon_core.shell:Skip shell extension 'dsv' for command environment
[1.435s] DEBUG:colcon.colcon_core.event_handler.log_command:Invoking command in '/home/gabri/ros2_ws/src/my_doosan_pkg': PYTHONPATH=/home/gabri/ros2_ws/build/my_doosan_pkg/prefix_override:/usr/lib/python3/dist-packages/colcon_core/task/python/colcon_distutils_commands:/home/gabri/ros2_ws/install/my_doosan_pkg/lib/python3.8/site-packages:${PYTHONPATH} /usr/bin/python3 -W ignore:setup.py install is deprecated -W ignore:easy_install command is deprecated setup.py egg_info --egg-base ../../build/my_doosan_pkg build --build-base /home/gabri/ros2_ws/build/my_doosan_pkg/build install --record /home/gabri/ros2_ws/build/my_doosan_pkg/install.log --install-scripts $base/lib/my_doosan_pkg --single-version-externally-managed install_data
[1.446s] DEBUG:colcon.colcon_core.event_handler.log_command:Invoking command in '/home/gabri/ros2_ws/src/robotic_arm_environment/my_environment_pkg': PYTHONPATH=/home/gabri/ros2_ws/build/my_environment_pkg/prefix_override:/usr/lib/python3/dist-packages/colcon_core/task/python/colcon_distutils_commands:/home/gabri/ros2_ws/install/my_environment_pkg/lib/python3.8/site-packages:${PYTHONPATH} /usr/bin/python3 -W ignore:setup.py install is deprecated -W ignore:easy_install command is deprecated setup.py egg_info --egg-base ../../../build/my_environment_pkg build --build-base /home/gabri/ros2_ws/build/my_environment_pkg/build install --record /home/gabri/ros2_ws/build/my_environment_pkg/install.log --single-version-externally-managed install_data
[1.452s] DEBUG:colcon.colcon_core.event_handler.log_command:Invoking command in '/home/gabri/ros2_ws/src/robotic_arm_environment/my_doosan_pkg': PYTHONPATH=/home/gabri/ros2_ws/build/my_doosan_pkg0/prefix_override:/usr/lib/python3/dist-packages/colcon_core/task/python/colcon_distutils_commands:/home/gabri/ros2_ws/install/my_doosan_pkg0/lib/python3.8/site-packages:${PYTHONPATH} /usr/bin/python3 -W ignore:setup.py install is deprecated -W ignore:easy_install command is deprecated setup.py egg_info --egg-base ../../../build/my_doosan_pkg0 build --build-base /home/gabri/ros2_ws/build/my_doosan_pkg0/build install --record /home/gabri/ros2_ws/build/my_doosan_pkg0/install.log --single-version-externally-managed install_data
[1.469s] DEBUG:colcon.colcon_core.event_handler.log_command:Invoking command in '/home/gabri/ros2_ws/src/robotic_arm_environment/my_sphere_pkg': PYTHONPATH=/home/gabri/ros2_ws/build/my_sphere_pkg/prefix_override:/usr/lib/python3/dist-packages/colcon_core/task/python/colcon_distutils_commands:/home/gabri/ros2_ws/install/my_sphere_pkg/lib/python3.8/site-packages:${PYTHONPATH} /usr/bin/python3 -W ignore:setup.py install is deprecated -W ignore:easy_install command is deprecated setup.py egg_info --egg-base ../../../build/my_sphere_pkg build --build-base /home/gabri/ros2_ws/build/my_sphere_pkg/build install --record /home/gabri/ros2_ws/build/my_sphere_pkg/install.log --single-version-externally-managed install_data
[1.682s] DEBUG:colcon.colcon_core.event_handler.log_command:Invoked command in '/home/gabri/ros2_ws/src/my_doosan_pkg' returned '0': PYTHONPATH=/home/gabri/ros2_ws/build/my_doosan_pkg/prefix_override:/usr/lib/python3/dist-packages/colcon_core/task/python/colcon_distutils_commands:/home/gabri/ros2_ws/install/my_doosan_pkg/lib/python3.8/site-packages:${PYTHONPATH} /usr/bin/python3 -W ignore:setup.py install is deprecated -W ignore:easy_install command is deprecated setup.py egg_info --egg-base ../../build/my_doosan_pkg build --build-base /home/gabri/ros2_ws/build/my_doosan_pkg/build install --record /home/gabri/ros2_ws/build/my_doosan_pkg/install.log --install-scripts $base/lib/my_doosan_pkg --single-version-externally-managed install_data
[1.685s] Level 1:colcon.colcon_core.environment:checking '/home/gabri/ros2_ws/install/my_doosan_pkg' for CMake module files
[1.686s] Level 1:colcon.colcon_core.environment:checking '/home/gabri/ros2_ws/install/my_doosan_pkg' for CMake config files
[1.687s] Level 1:colcon.colcon_core.environment:checking '/home/gabri/ros2_ws/install/my_doosan_pkg/lib'
[1.688s] Level 1:colcon.colcon_core.environment:checking '/home/gabri/ros2_ws/install/my_doosan_pkg/bin'
[1.688s] Level 1:colcon.colcon_core.environment:checking '/home/gabri/ros2_ws/install/my_doosan_pkg/lib/pkgconfig/my_doosan_pkg.pc'
[1.688s] Level 1:colcon.colcon_core.environment:checking '/home/gabri/ros2_ws/install/my_doosan_pkg/lib/python3.8/site-packages'
[1.688s] Level 1:colcon.colcon_core.shell:create_environment_hook('my_doosan_pkg', 'pythonpath')
[1.688s] INFO:colcon.colcon_core.shell:Creating environment hook '/home/gabri/ros2_ws/install/my_doosan_pkg/share/my_doosan_pkg/hook/pythonpath.ps1'
[1.689s] INFO:colcon.colcon_core.shell:Creating environment descriptor '/home/gabri/ros2_ws/install/my_doosan_pkg/share/my_doosan_pkg/hook/pythonpath.dsv'
[1.690s] INFO:colcon.colcon_core.shell:Creating environment hook '/home/gabri/ros2_ws/install/my_doosan_pkg/share/my_doosan_pkg/hook/pythonpath.sh'
[1.691s] Level 1:colcon.colcon_core.environment:checking '/home/gabri/ros2_ws/install/my_doosan_pkg/bin'
[1.691s] Level 1:colcon.colcon_core.environment:create_environment_scripts_only(my_doosan_pkg)
[1.691s] INFO:colcon.colcon_core.shell:Creating package script '/home/gabri/ros2_ws/install/my_doosan_pkg/share/my_doosan_pkg/package.ps1'
[1.692s] INFO:colcon.colcon_core.shell:Creating package descriptor '/home/gabri/ros2_ws/install/my_doosan_pkg/share/my_doosan_pkg/package.dsv'
[1.693s] INFO:colcon.colcon_core.shell:Creating package script '/home/gabri/ros2_ws/install/my_doosan_pkg/share/my_doosan_pkg/package.sh'
[1.694s] INFO:colcon.colcon_core.shell:Creating package script '/home/gabri/ros2_ws/install/my_doosan_pkg/share/my_doosan_pkg/package.bash'
[1.694s] INFO:colcon.colcon_core.shell:Creating package script '/home/gabri/ros2_ws/install/my_doosan_pkg/share/my_doosan_pkg/package.zsh'
[1.695s] Level 1:colcon.colcon_core.environment:create_file_with_runtime_dependencies(/home/gabri/ros2_ws/install/my_doosan_pkg/share/colcon-core/packages/my_doosan_pkg)
[1.696s] Level 1:colcon.colcon_core.environment:checking '/home/gabri/ros2_ws/install/my_environment_pkg' for CMake module files
[1.697s] DEBUG:colcon.colcon_core.event_handler.log_command:Invoked command in '/home/gabri/ros2_ws/src/robotic_arm_environment/my_environment_pkg' returned '0': PYTHONPATH=/home/gabri/ros2_ws/build/my_environment_pkg/prefix_override:/usr/lib/python3/dist-packages/colcon_core/task/python/colcon_distutils_commands:/home/gabri/ros2_ws/install/my_environment_pkg/lib/python3.8/site-packages:${PYTHONPATH} /usr/bin/python3 -W ignore:setup.py install is deprecated -W ignore:easy_install command is deprecated setup.py egg_info --egg-base ../../../build/my_environment_pkg build --build-base /home/gabri/ros2_ws/build/my_environment_pkg/build install --record /home/gabri/ros2_ws/build/my_environment_pkg/install.log --single-version-externally-managed install_data
[1.698s] Level 1:colcon.colcon_core.environment:checking '/home/gabri/ros2_ws/install/my_environment_pkg' for CMake config files
[1.698s] Level 1:colcon.colcon_core.environment:checking '/home/gabri/ros2_ws/install/my_environment_pkg/lib'
[1.698s] Level 1:colcon.colcon_core.environment:checking '/home/gabri/ros2_ws/install/my_environment_pkg/bin'
[1.698s] Level 1:colcon.colcon_core.environment:checking '/home/gabri/ros2_ws/install/my_environment_pkg/lib/pkgconfig/my_environment_pkg.pc'
[1.698s] Level 1:colcon.colcon_core.environment:checking '/home/gabri/ros2_ws/install/my_environment_pkg/lib/python3.8/site-packages'
[1.698s] Level 1:colcon.colcon_core.shell:create_environment_hook('my_environment_pkg', 'pythonpath')
[1.699s] INFO:colcon.colcon_core.shell:Creating environment hook '/home/gabri/ros2_ws/install/my_environment_pkg/share/my_environment_pkg/hook/pythonpath.ps1'
[1.699s] INFO:colcon.colcon_core.shell:Creating environment descriptor '/home/gabri/ros2_ws/install/my_environment_pkg/share/my_environment_pkg/hook/pythonpath.dsv'
[1.699s] INFO:colcon.colcon_core.shell:Creating environment hook '/home/gabri/ros2_ws/install/my_environment_pkg/share/my_environment_pkg/hook/pythonpath.sh'
[1.699s] Level 1:colcon.colcon_core.environment:checking '/home/gabri/ros2_ws/install/my_environment_pkg/bin'
[1.700s] Level 1:colcon.colcon_core.environment:create_environment_scripts_only(my_environment_pkg)
[1.700s] INFO:colcon.colcon_core.shell:Creating package script '/home/gabri/ros2_ws/install/my_environment_pkg/share/my_environment_pkg/package.ps1'
[1.700s] INFO:colcon.colcon_core.shell:Creating package descriptor '/home/gabri/ros2_ws/install/my_environment_pkg/share/my_environment_pkg/package.dsv'
[1.700s] INFO:colcon.colcon_core.shell:Creating package script '/home/gabri/ros2_ws/install/my_environment_pkg/share/my_environment_pkg/package.sh'
[1.701s] INFO:colcon.colcon_core.shell:Creating package script '/home/gabri/ros2_ws/install/my_environment_pkg/share/my_environment_pkg/package.bash'
[1.701s] INFO:colcon.colcon_core.shell:Creating package script '/home/gabri/ros2_ws/install/my_environment_pkg/share/my_environment_pkg/package.zsh'
[1.701s] Level 1:colcon.colcon_core.environment:create_file_with_runtime_dependencies(/home/gabri/ros2_ws/install/my_environment_pkg/share/colcon-core/packages/my_environment_pkg)
[1.712s] Level 1:colcon.colcon_core.environment:checking '/home/gabri/ros2_ws/install/my_doosan_pkg0' for CMake module files
[1.713s] DEBUG:colcon.colcon_core.event_handler.log_command:Invoked command in '/home/gabri/ros2_ws/src/robotic_arm_environment/my_doosan_pkg' returned '0': PYTHONPATH=/home/gabri/ros2_ws/build/my_doosan_pkg0/prefix_override:/usr/lib/python3/dist-packages/colcon_core/task/python/colcon_distutils_commands:/home/gabri/ros2_ws/install/my_doosan_pkg0/lib/python3.8/site-packages:${PYTHONPATH} /usr/bin/python3 -W ignore:setup.py install is deprecated -W ignore:easy_install command is deprecated setup.py egg_info --egg-base ../../../build/my_doosan_pkg0 build --build-base /home/gabri/ros2_ws/build/my_doosan_pkg0/build install --record /home/gabri/ros2_ws/build/my_doosan_pkg0/install.log --single-version-externally-managed install_data
[1.713s] Level 1:colcon.colcon_core.environment:checking '/home/gabri/ros2_ws/install/my_doosan_pkg0' for CMake config files
[1.714s] Level 1:colcon.colcon_core.environment:checking '/home/gabri/ros2_ws/install/my_doosan_pkg0/lib'
[1.715s] Level 1:colcon.colcon_core.environment:checking '/home/gabri/ros2_ws/install/my_doosan_pkg0/bin'
[1.715s] Level 1:colcon.colcon_core.environment:checking '/home/gabri/ros2_ws/install/my_doosan_pkg0/lib/pkgconfig/my_doosan_pkg0.pc'
[1.715s] Level 1:colcon.colcon_core.environment:checking '/home/gabri/ros2_ws/install/my_doosan_pkg0/lib/python3.8/site-packages'
[1.715s] Level 1:colcon.colcon_core.shell:create_environment_hook('my_doosan_pkg0', 'pythonpath')
[1.715s] INFO:colcon.colcon_core.shell:Creating environment hook '/home/gabri/ros2_ws/install/my_doosan_pkg0/share/my_doosan_pkg0/hook/pythonpath.ps1'
[1.716s] INFO:colcon.colcon_core.shell:Creating environment descriptor '/home/gabri/ros2_ws/install/my_doosan_pkg0/share/my_doosan_pkg0/hook/pythonpath.dsv'
[1.717s] INFO:colcon.colcon_core.shell:Creating environment hook '/home/gabri/ros2_ws/install/my_doosan_pkg0/share/my_doosan_pkg0/hook/pythonpath.sh'
[1.718s] Level 1:colcon.colcon_core.environment:checking '/home/gabri/ros2_ws/install/my_doosan_pkg0/bin'
[1.718s] Level 1:colcon.colcon_core.environment:create_environment_scripts_only(my_doosan_pkg0)
[1.718s] INFO:colcon.colcon_core.shell:Creating package script '/home/gabri/ros2_ws/install/my_doosan_pkg0/share/my_doosan_pkg0/package.ps1'
[1.719s] INFO:colcon.colcon_core.shell:Creating package descriptor '/home/gabri/ros2_ws/install/my_doosan_pkg0/share/my_doosan_pkg0/package.dsv'
[1.719s] INFO:colcon.colcon_core.shell:Creating package script '/home/gabri/ros2_ws/install/my_doosan_pkg0/share/my_doosan_pkg0/package.sh'
[1.720s] INFO:colcon.colcon_core.shell:Creating package script '/home/gabri/ros2_ws/install/my_doosan_pkg0/share/my_doosan_pkg0/package.bash'
[1.721s] INFO:colcon.colcon_core.shell:Creating package script '/home/gabri/ros2_ws/install/my_doosan_pkg0/share/my_doosan_pkg0/package.zsh'
[1.721s] Level 1:colcon.colcon_core.environment:create_file_with_runtime_dependencies(/home/gabri/ros2_ws/install/my_doosan_pkg0/share/colcon-core/packages/my_doosan_pkg0)
[1.722s] Level 1:colcon.colcon_core.environment:checking '/home/gabri/ros2_ws/install/my_sphere_pkg' for CMake module files
[1.723s] DEBUG:colcon.colcon_core.event_handler.log_command:Invoked command in '/home/gabri/ros2_ws/src/robotic_arm_environment/my_sphere_pkg' returned '0': PYTHONPATH=/home/gabri/ros2_ws/build/my_sphere_pkg/prefix_override:/usr/lib/python3/dist-packages/colcon_core/task/python/colcon_distutils_commands:/home/gabri/ros2_ws/install/my_sphere_pkg/lib/python3.8/site-packages:${PYTHONPATH} /usr/bin/python3 -W ignore:setup.py install is deprecated -W ignore:easy_install command is deprecated setup.py egg_info --egg-base ../../../build/my_sphere_pkg build --build-base /home/gabri/ros2_ws/build/my_sphere_pkg/build install --record /home/gabri/ros2_ws/build/my_sphere_pkg/install.log --single-version-externally-managed install_data
[1.723s] Level 1:colcon.colcon_core.environment:checking '/home/gabri/ros2_ws/install/my_sphere_pkg' for CMake config files
[1.724s] Level 1:colcon.colcon_core.environment:checking '/home/gabri/ros2_ws/install/my_sphere_pkg/lib'
[1.724s] Level 1:colcon.colcon_core.environment:checking '/home/gabri/ros2_ws/install/my_sphere_pkg/bin'
[1.724s] Level 1:colcon.colcon_core.environment:checking '/home/gabri/ros2_ws/install/my_sphere_pkg/lib/pkgconfig/my_sphere_pkg.pc'
[1.724s] Level 1:colcon.colcon_core.environment:checking '/home/gabri/ros2_ws/install/my_sphere_pkg/lib/python3.8/site-packages'
[1.724s] Level 1:colcon.colcon_core.shell:create_environment_hook('my_sphere_pkg', 'pythonpath')
[1.725s] INFO:colcon.colcon_core.shell:Creating environment hook '/home/gabri/ros2_ws/install/my_sphere_pkg/share/my_sphere_pkg/hook/pythonpath.ps1'
[1.725s] INFO:colcon.colcon_core.shell:Creating environment descriptor '/home/gabri/ros2_ws/install/my_sphere_pkg/share/my_sphere_pkg/hook/pythonpath.dsv'
[1.725s] INFO:colcon.colcon_core.shell:Creating environment hook '/home/gabri/ros2_ws/install/my_sphere_pkg/share/my_sphere_pkg/hook/pythonpath.sh'
[1.726s] Level 1:colcon.colcon_core.environment:checking '/home/gabri/ros2_ws/install/my_sphere_pkg/bin'
[1.726s] Level 1:colcon.colcon_core.environment:create_environment_scripts_only(my_sphere_pkg)
[1.726s] INFO:colcon.colcon_core.shell:Creating package script '/home/gabri/ros2_ws/install/my_sphere_pkg/share/my_sphere_pkg/package.ps1'
[1.726s] INFO:colcon.colcon_core.shell:Creating package descriptor '/home/gabri/ros2_ws/install/my_sphere_pkg/share/my_sphere_pkg/package.dsv'
[1.726s] INFO:colcon.colcon_core.shell:Creating package script '/home/gabri/ros2_ws/install/my_sphere_pkg/share/my_sphere_pkg/package.sh'
[1.727s] INFO:colcon.colcon_core.shell:Creating package script '/home/gabri/ros2_ws/install/my_sphere_pkg/share/my_sphere_pkg/package.bash'
[1.727s] INFO:colcon.colcon_core.shell:Creating package script '/home/gabri/ros2_ws/install/my_sphere_pkg/share/my_sphere_pkg/package.zsh'
[1.727s] Level 1:colcon.colcon_core.environment:create_file_with_runtime_dependencies(/home/gabri/ros2_ws/install/my_sphere_pkg/share/colcon-core/packages/my_sphere_pkg)
[4.250s] DEBUG:colcon.colcon_core.event_handler.log_command:Invoked command in '/home/gabri/ros2_ws/build/gazebo_ros2_control' returned '0': CMAKE_PREFIX_PATH=/home/gabri/ros2_ws/install/my_doosan_pkg:/opt/ros/foxy /usr/bin/cmake /home/gabri/ros2_ws/src/gazebo_ros2_control/gazebo_ros2_control -DCMAKE_INSTALL_PREFIX=/home/gabri/ros2_ws/install/gazebo_ros2_control
[4.256s] DEBUG:colcon.colcon_core.event_handler.log_command:Invoking command in '/home/gabri/ros2_ws/build/gazebo_ros2_control': CMAKE_PREFIX_PATH=/home/gabri/ros2_ws/install/my_doosan_pkg:/opt/ros/foxy /usr/bin/cmake --build /home/gabri/ros2_ws/build/gazebo_ros2_control -- -j16 -l16
[14.935s] DEBUG:colcon.colcon_core.event_handler.log_command:Invoked command in '/home/gabri/ros2_ws/build/gazebo_ros2_control' returned '0': CMAKE_PREFIX_PATH=/home/gabri/ros2_ws/install/my_doosan_pkg:/opt/ros/foxy /usr/bin/cmake --build /home/gabri/ros2_ws/build/gazebo_ros2_control -- -j16 -l16
[14.956s] DEBUG:colcon.colcon_core.event_handler.log_command:Invoking command in '/home/gabri/ros2_ws/build/gazebo_ros2_control': CMAKE_PREFIX_PATH=/home/gabri/ros2_ws/install/my_doosan_pkg:/opt/ros/foxy /usr/bin/cmake --install /home/gabri/ros2_ws/build/gazebo_ros2_control
[14.979s] Level 1:colcon.colcon_core.environment:create_environment_scripts_only(gazebo_ros2_control)
[14.980s] DEBUG:colcon.colcon_core.event_handler.log_command:Invoked command in '/home/gabri/ros2_ws/build/gazebo_ros2_control' returned '0': CMAKE_PREFIX_PATH=/home/gabri/ros2_ws/install/my_doosan_pkg:/opt/ros/foxy /usr/bin/cmake --install /home/gabri/ros2_ws/build/gazebo_ros2_control
[14.980s] Level 1:colcon.colcon_core.environment:checking '/home/gabri/ros2_ws/install/gazebo_ros2_control' for CMake module files
[14.981s] Level 1:colcon.colcon_core.environment:checking '/home/gabri/ros2_ws/install/gazebo_ros2_control' for CMake config files
[14.982s] Level 1:colcon.colcon_core.shell:create_environment_hook('gazebo_ros2_control', 'cmake_prefix_path')
[14.982s] INFO:colcon.colcon_core.shell:Creating environment hook '/home/gabri/ros2_ws/install/gazebo_ros2_control/share/gazebo_ros2_control/hook/cmake_prefix_path.ps1'
[14.983s] INFO:colcon.colcon_core.shell:Creating environment descriptor '/home/gabri/ros2_ws/install/gazebo_ros2_control/share/gazebo_ros2_control/hook/cmake_prefix_path.dsv'
[14.983s] INFO:colcon.colcon_core.shell:Creating environment hook '/home/gabri/ros2_ws/install/gazebo_ros2_control/share/gazebo_ros2_control/hook/cmake_prefix_path.sh'
[14.984s] Level 1:colcon.colcon_core.environment:checking '/home/gabri/ros2_ws/install/gazebo_ros2_control/lib'
[14.985s] Level 1:colcon.colcon_core.shell:create_environment_hook('gazebo_ros2_control', 'ld_library_path_lib')
[14.985s] INFO:colcon.colcon_core.shell:Creating environment hook '/home/gabri/ros2_ws/install/gazebo_ros2_control/share/gazebo_ros2_control/hook/ld_library_path_lib.ps1'
[14.985s] INFO:colcon.colcon_core.shell:Creating environment descriptor '/home/gabri/ros2_ws/install/gazebo_ros2_control/share/gazebo_ros2_control/hook/ld_library_path_lib.dsv'
[14.986s] INFO:colcon.colcon_core.shell:Creating environment hook '/home/gabri/ros2_ws/install/gazebo_ros2_control/share/gazebo_ros2_control/hook/ld_library_path_lib.sh'
[14.986s] Level 1:colcon.colcon_core.environment:checking '/home/gabri/ros2_ws/install/gazebo_ros2_control/bin'
[14.987s] Level 1:colcon.colcon_core.environment:checking '/home/gabri/ros2_ws/install/gazebo_ros2_control/lib/pkgconfig/gazebo_ros2_control.pc'
[14.987s] Level 1:colcon.colcon_core.environment:checking '/home/gabri/ros2_ws/install/gazebo_ros2_control/lib/python3.8/site-packages'
[14.987s] Level 1:colcon.colcon_core.environment:checking '/home/gabri/ros2_ws/install/gazebo_ros2_control/bin'
[14.988s] INFO:colcon.colcon_core.shell:Creating package script '/home/gabri/ros2_ws/install/gazebo_ros2_control/share/gazebo_ros2_control/package.ps1'
[14.989s] INFO:colcon.colcon_core.shell:Creating package descriptor '/home/gabri/ros2_ws/install/gazebo_ros2_control/share/gazebo_ros2_control/package.dsv'
[14.989s] INFO:colcon.colcon_core.shell:Creating package script '/home/gabri/ros2_ws/install/gazebo_ros2_control/share/gazebo_ros2_control/package.sh'
[14.990s] INFO:colcon.colcon_core.shell:Creating package script '/home/gabri/ros2_ws/install/gazebo_ros2_control/share/gazebo_ros2_control/package.bash'
[14.990s] INFO:colcon.colcon_core.shell:Creating package script '/home/gabri/ros2_ws/install/gazebo_ros2_control/share/gazebo_ros2_control/package.zsh'
[14.991s] Level 1:colcon.colcon_core.environment:create_file_with_runtime_dependencies(/home/gabri/ros2_ws/install/gazebo_ros2_control/share/colcon-core/packages/gazebo_ros2_control)
[14.992s] Level 1:colcon.colcon_core.environment:create_environment_scripts_only(gazebo_ros2_control)
[14.992s] Level 1:colcon.colcon_core.environment:checking '/home/gabri/ros2_ws/install/gazebo_ros2_control' for CMake module files
[14.993s] Level 1:colcon.colcon_core.environment:checking '/home/gabri/ros2_ws/install/gazebo_ros2_control' for CMake config files
[14.993s] Level 1:colcon.colcon_core.shell:create_environment_hook('gazebo_ros2_control', 'cmake_prefix_path')
[14.993s] INFO:colcon.colcon_core.shell:Creating environment hook '/home/gabri/ros2_ws/install/gazebo_ros2_control/share/gazebo_ros2_control/hook/cmake_prefix_path.ps1'
[14.994s] INFO:colcon.colcon_core.shell:Creating environment descriptor '/home/gabri/ros2_ws/install/gazebo_ros2_control/share/gazebo_ros2_control/hook/cmake_prefix_path.dsv'
[14.994s] INFO:colcon.colcon_core.shell:Creating environment hook '/home/gabri/ros2_ws/install/gazebo_ros2_control/share/gazebo_ros2_control/hook/cmake_prefix_path.sh'
[14.994s] Level 1:colcon.colcon_core.environment:checking '/home/gabri/ros2_ws/install/gazebo_ros2_control/lib'
[14.994s] Level 1:colcon.colcon_core.shell:create_environment_hook('gazebo_ros2_control', 'ld_library_path_lib')
[14.994s] INFO:colcon.colcon_core.shell:Creating environment hook '/home/gabri/ros2_ws/install/gazebo_ros2_control/share/gazebo_ros2_control/hook/ld_library_path_lib.ps1'
[14.995s] INFO:colcon.colcon_core.shell:Creating environment descriptor '/home/gabri/ros2_ws/install/gazebo_ros2_control/share/gazebo_ros2_control/hook/ld_library_path_lib.dsv'
[14.995s] INFO:colcon.colcon_core.shell:Creating environment hook '/home/gabri/ros2_ws/install/gazebo_ros2_control/share/gazebo_ros2_control/hook/ld_library_path_lib.sh'
[14.995s] Level 1:colcon.colcon_core.environment:checking '/home/gabri/ros2_ws/install/gazebo_ros2_control/bin'
[14.995s] Level 1:colcon.colcon_core.environment:checking '/home/gabri/ros2_ws/install/gazebo_ros2_control/lib/pkgconfig/gazebo_ros2_control.pc'
[14.995s] Level 1:colcon.colcon_core.environment:checking '/home/gabri/ros2_ws/install/gazebo_ros2_control/lib/python3.8/site-packages'
[14.995s] Level 1:colcon.colcon_core.environment:checking '/home/gabri/ros2_ws/install/gazebo_ros2_control/bin'
[14.996s] INFO:colcon.colcon_core.shell:Creating package script '/home/gabri/ros2_ws/install/gazebo_ros2_control/share/gazebo_ros2_control/package.ps1'
[14.996s] INFO:colcon.colcon_core.shell:Creating package descriptor '/home/gabri/ros2_ws/install/gazebo_ros2_control/share/gazebo_ros2_control/package.dsv'
[14.996s] INFO:colcon.colcon_core.shell:Creating package script '/home/gabri/ros2_ws/install/gazebo_ros2_control/share/gazebo_ros2_control/package.sh'
[14.997s] INFO:colcon.colcon_core.shell:Creating package script '/home/gabri/ros2_ws/install/gazebo_ros2_control/share/gazebo_ros2_control/package.bash'
[14.997s] INFO:colcon.colcon_core.shell:Creating package script '/home/gabri/ros2_ws/install/gazebo_ros2_control/share/gazebo_ros2_control/package.zsh'
[14.997s] Level 1:colcon.colcon_core.environment:create_file_with_runtime_dependencies(/home/gabri/ros2_ws/install/gazebo_ros2_control/share/colcon-core/packages/gazebo_ros2_control)
[14.998s] INFO:colcon.colcon_ros.task.ament_cmake.build:Building ROS package in '/home/gabri/ros2_ws/src/gazebo_ros2_control/gazebo_ros2_control_demos' with build type 'ament_cmake'
[14.998s] INFO:colcon.colcon_cmake.task.cmake.build:Building CMake package in '/home/gabri/ros2_ws/src/gazebo_ros2_control/gazebo_ros2_control_demos'
[14.998s] INFO:colcon.colcon_core.shell:Skip shell extension 'powershell' for command environment: Not usable outside of PowerShell
[14.998s] DEBUG:colcon.colcon_core.shell:Skip shell extension 'dsv' for command environment
[15.015s] DEBUG:colcon.colcon_core.event_handler.log_command:Invoking command in '/home/gabri/ros2_ws/build/gazebo_ros2_control_demos': AMENT_PREFIX_PATH=/home/gabri/ros2_ws/install/gazebo_ros2_control:${AMENT_PREFIX_PATH} CMAKE_PREFIX_PATH=/home/gabri/ros2_ws/install/gazebo_ros2_control:/home/gabri/ros2_ws/install/my_doosan_pkg:/opt/ros/foxy LD_LIBRARY_PATH=/home/gabri/ros2_ws/install/gazebo_ros2_control/lib:${LD_LIBRARY_PATH} /usr/bin/cmake /home/gabri/ros2_ws/src/gazebo_ros2_control/gazebo_ros2_control_demos -DCMAKE_INSTALL_PREFIX=/home/gabri/ros2_ws/install/gazebo_ros2_control_demos
[16.996s] DEBUG:colcon.colcon_core.event_handler.log_command:Invoked command in '/home/gabri/ros2_ws/build/gazebo_ros2_control_demos' returned '0': AMENT_PREFIX_PATH=/home/gabri/ros2_ws/install/gazebo_ros2_control:${AMENT_PREFIX_PATH} CMAKE_PREFIX_PATH=/home/gabri/ros2_ws/install/gazebo_ros2_control:/home/gabri/ros2_ws/install/my_doosan_pkg:/opt/ros/foxy LD_LIBRARY_PATH=/home/gabri/ros2_ws/install/gazebo_ros2_control/lib:${LD_LIBRARY_PATH} /usr/bin/cmake /home/gabri/ros2_ws/src/gazebo_ros2_control/gazebo_ros2_control_demos -DCMAKE_INSTALL_PREFIX=/home/gabri/ros2_ws/install/gazebo_ros2_control_demos
[17.001s] DEBUG:colcon.colcon_core.event_handler.log_command:Invoking command in '/home/gabri/ros2_ws/build/gazebo_ros2_control_demos': AMENT_PREFIX_PATH=/home/gabri/ros2_ws/install/gazebo_ros2_control:${AMENT_PREFIX_PATH} CMAKE_PREFIX_PATH=/home/gabri/ros2_ws/install/gazebo_ros2_control:/home/gabri/ros2_ws/install/my_doosan_pkg:/opt/ros/foxy LD_LIBRARY_PATH=/home/gabri/ros2_ws/install/gazebo_ros2_control/lib:${LD_LIBRARY_PATH} /usr/bin/cmake --build /home/gabri/ros2_ws/build/gazebo_ros2_control_demos -- -j16 -l16
[20.227s] DEBUG:colcon.colcon_core.event_handler.log_command:Invoked command in '/home/gabri/ros2_ws/build/gazebo_ros2_control_demos' returned '0': AMENT_PREFIX_PATH=/home/gabri/ros2_ws/install/gazebo_ros2_control:${AMENT_PREFIX_PATH} CMAKE_PREFIX_PATH=/home/gabri/ros2_ws/install/gazebo_ros2_control:/home/gabri/ros2_ws/install/my_doosan_pkg:/opt/ros/foxy LD_LIBRARY_PATH=/home/gabri/ros2_ws/install/gazebo_ros2_control/lib:${LD_LIBRARY_PATH} /usr/bin/cmake --build /home/gabri/ros2_ws/build/gazebo_ros2_control_demos -- -j16 -l16
[20.231s] DEBUG:colcon.colcon_core.event_handler.log_command:Invoking command in '/home/gabri/ros2_ws/build/gazebo_ros2_control_demos': AMENT_PREFIX_PATH=/home/gabri/ros2_ws/install/gazebo_ros2_control:${AMENT_PREFIX_PATH} CMAKE_PREFIX_PATH=/home/gabri/ros2_ws/install/gazebo_ros2_control:/home/gabri/ros2_ws/install/my_doosan_pkg:/opt/ros/foxy LD_LIBRARY_PATH=/home/gabri/ros2_ws/install/gazebo_ros2_control/lib:${LD_LIBRARY_PATH} /usr/bin/cmake --install /home/gabri/ros2_ws/build/gazebo_ros2_control_demos
[20.249s] Level 1:colcon.colcon_core.environment:create_environment_scripts_only(gazebo_ros2_control_demos)
[20.249s] DEBUG:colcon.colcon_core.event_handler.log_command:Invoked command in '/home/gabri/ros2_ws/build/gazebo_ros2_control_demos' returned '0': AMENT_PREFIX_PATH=/home/gabri/ros2_ws/install/gazebo_ros2_control:${AMENT_PREFIX_PATH} CMAKE_PREFIX_PATH=/home/gabri/ros2_ws/install/gazebo_ros2_control:/home/gabri/ros2_ws/install/my_doosan_pkg:/opt/ros/foxy LD_LIBRARY_PATH=/home/gabri/ros2_ws/install/gazebo_ros2_control/lib:${LD_LIBRARY_PATH} /usr/bin/cmake --install /home/gabri/ros2_ws/build/gazebo_ros2_control_demos
[20.250s] Level 1:colcon.colcon_core.environment:checking '/home/gabri/ros2_ws/install/gazebo_ros2_control_demos' for CMake module files
[20.251s] Level 1:colcon.colcon_core.environment:checking '/home/gabri/ros2_ws/install/gazebo_ros2_control_demos' for CMake config files
[20.251s] Level 1:colcon.colcon_core.shell:create_environment_hook('gazebo_ros2_control_demos', 'cmake_prefix_path')
[20.252s] INFO:colcon.colcon_core.shell:Creating environment hook '/home/gabri/ros2_ws/install/gazebo_ros2_control_demos/share/gazebo_ros2_control_demos/hook/cmake_prefix_path.ps1'
[20.252s] INFO:colcon.colcon_core.shell:Creating environment descriptor '/home/gabri/ros2_ws/install/gazebo_ros2_control_demos/share/gazebo_ros2_control_demos/hook/cmake_prefix_path.dsv'
[20.253s] INFO:colcon.colcon_core.shell:Creating environment hook '/home/gabri/ros2_ws/install/gazebo_ros2_control_demos/share/gazebo_ros2_control_demos/hook/cmake_prefix_path.sh'
[20.253s] Level 1:colcon.colcon_core.environment:checking '/home/gabri/ros2_ws/install/gazebo_ros2_control_demos/lib'
[20.254s] Level 1:colcon.colcon_core.environment:checking '/home/gabri/ros2_ws/install/gazebo_ros2_control_demos/bin'
[20.254s] Level 1:colcon.colcon_core.environment:checking '/home/gabri/ros2_ws/install/gazebo_ros2_control_demos/lib/pkgconfig/gazebo_ros2_control_demos.pc'
[20.254s] Level 1:colcon.colcon_core.environment:checking '/home/gabri/ros2_ws/install/gazebo_ros2_control_demos/lib/python3.8/site-packages'
[20.254s] Level 1:colcon.colcon_core.environment:checking '/home/gabri/ros2_ws/install/gazebo_ros2_control_demos/bin'
[20.255s] INFO:colcon.colcon_core.shell:Creating package script '/home/gabri/ros2_ws/install/gazebo_ros2_control_demos/share/gazebo_ros2_control_demos/package.ps1'
[20.255s] INFO:colcon.colcon_core.shell:Creating package descriptor '/home/gabri/ros2_ws/install/gazebo_ros2_control_demos/share/gazebo_ros2_control_demos/package.dsv'
[20.256s] INFO:colcon.colcon_core.shell:Creating package script '/home/gabri/ros2_ws/install/gazebo_ros2_control_demos/share/gazebo_ros2_control_demos/package.sh'
[20.257s] INFO:colcon.colcon_core.shell:Creating package script '/home/gabri/ros2_ws/install/gazebo_ros2_control_demos/share/gazebo_ros2_control_demos/package.bash'
[20.257s] INFO:colcon.colcon_core.shell:Creating package script '/home/gabri/ros2_ws/install/gazebo_ros2_control_demos/share/gazebo_ros2_control_demos/package.zsh'
[20.258s] Level 1:colcon.colcon_core.environment:create_file_with_runtime_dependencies(/home/gabri/ros2_ws/install/gazebo_ros2_control_demos/share/colcon-core/packages/gazebo_ros2_control_demos)
[20.258s] Level 1:colcon.colcon_core.environment:create_environment_scripts_only(gazebo_ros2_control_demos)
[20.259s] Level 1:colcon.colcon_core.environment:checking '/home/gabri/ros2_ws/install/gazebo_ros2_control_demos' for CMake module files
[20.260s] Level 1:colcon.colcon_core.environment:checking '/home/gabri/ros2_ws/install/gazebo_ros2_control_demos' for CMake config files
[20.260s] Level 1:colcon.colcon_core.shell:create_environment_hook('gazebo_ros2_control_demos', 'cmake_prefix_path')
[20.261s] INFO:colcon.colcon_core.shell:Creating environment hook '/home/gabri/ros2_ws/install/gazebo_ros2_control_demos/share/gazebo_ros2_control_demos/hook/cmake_prefix_path.ps1'
[20.261s] INFO:colcon.colcon_core.shell:Creating environment descriptor '/home/gabri/ros2_ws/install/gazebo_ros2_control_demos/share/gazebo_ros2_control_demos/hook/cmake_prefix_path.dsv'
[20.261s] INFO:colcon.colcon_core.shell:Creating environment hook '/home/gabri/ros2_ws/install/gazebo_ros2_control_demos/share/gazebo_ros2_control_demos/hook/cmake_prefix_path.sh'
[20.262s] Level 1:colcon.colcon_core.environment:checking '/home/gabri/ros2_ws/install/gazebo_ros2_control_demos/lib'
[20.262s] Level 1:colcon.colcon_core.environment:checking '/home/gabri/ros2_ws/install/gazebo_ros2_control_demos/bin'
[20.262s] Level 1:colcon.colcon_core.environment:checking '/home/gabri/ros2_ws/install/gazebo_ros2_control_demos/lib/pkgconfig/gazebo_ros2_control_demos.pc'
[20.262s] Level 1:colcon.colcon_core.environment:checking '/home/gabri/ros2_ws/install/gazebo_ros2_control_demos/lib/python3.8/site-packages'
[20.262s] Level 1:colcon.colcon_core.environment:checking '/home/gabri/ros2_ws/install/gazebo_ros2_control_demos/bin'
[20.262s] INFO:colcon.colcon_core.shell:Creating package script '/home/gabri/ros2_ws/install/gazebo_ros2_control_demos/share/gazebo_ros2_control_demos/package.ps1'
[20.263s] INFO:colcon.colcon_core.shell:Creating package descriptor '/home/gabri/ros2_ws/install/gazebo_ros2_control_demos/share/gazebo_ros2_control_demos/package.dsv'
[20.263s] INFO:colcon.colcon_core.shell:Creating package script '/home/gabri/ros2_ws/install/gazebo_ros2_control_demos/share/gazebo_ros2_control_demos/package.sh'
[20.263s] INFO:colcon.colcon_core.shell:Creating package script '/home/gabri/ros2_ws/install/gazebo_ros2_control_demos/share/gazebo_ros2_control_demos/package.bash'
[20.264s] INFO:colcon.colcon_core.shell:Creating package script '/home/gabri/ros2_ws/install/gazebo_ros2_control_demos/share/gazebo_ros2_control_demos/package.zsh'
[20.264s] Level 1:colcon.colcon_core.environment:create_file_with_runtime_dependencies(/home/gabri/ros2_ws/install/gazebo_ros2_control_demos/share/colcon-core/packages/gazebo_ros2_control_demos)
[20.264s] DEBUG:colcon.colcon_parallel_executor.executor.parallel:closing loop
[20.264s] DEBUG:colcon.colcon_parallel_executor.executor.parallel:loop closed
[20.264s] DEBUG:colcon.colcon_parallel_executor.executor.parallel:run_until_complete finished with '0'
[20.264s] DEBUG:colcon.colcon_core.event_reactor:joining thread
[20.273s] INFO:colcon.colcon_core.plugin_system:Skipping extension 'colcon_notification.desktop_notification.terminal_notifier': Not used on non-Darwin systems
[20.273s] INFO:colcon.colcon_core.plugin_system:Skipping extension 'colcon_notification.desktop_notification.win32': Not used on non-Windows systems
[20.273s] INFO:colcon.colcon_notification.desktop_notification:Sending desktop notification using 'notify2'
[20.301s] DEBUG:colcon.colcon_core.event_reactor:joined thread
[20.302s] INFO:colcon.colcon_core.shell:Creating prefix script '/home/gabri/ros2_ws/install/local_setup.ps1'
[20.304s] INFO:colcon.colcon_core.shell:Creating prefix util module '/home/gabri/ros2_ws/install/_local_setup_util_ps1.py'
[20.307s] INFO:colcon.colcon_core.shell:Creating prefix chain script '/home/gabri/ros2_ws/install/setup.ps1'
[20.309s] INFO:colcon.colcon_core.shell:Creating prefix script '/home/gabri/ros2_ws/install/local_setup.sh'
[20.310s] INFO:colcon.colcon_core.shell:Creating prefix util module '/home/gabri/ros2_ws/install/_local_setup_util_sh.py'
[20.311s] INFO:colcon.colcon_core.shell:Creating prefix chain script '/home/gabri/ros2_ws/install/setup.sh'
[20.313s] INFO:colcon.colcon_core.shell:Creating prefix script '/home/gabri/ros2_ws/install/local_setup.bash'
[20.313s] INFO:colcon.colcon_core.shell:Creating prefix chain script '/home/gabri/ros2_ws/install/setup.bash'
[20.314s] INFO:colcon.colcon_core.shell:Creating prefix script '/home/gabri/ros2_ws/install/local_setup.zsh'
[20.315s] INFO:colcon.colcon_core.shell:Creating prefix chain script '/home/gabri/ros2_ws/install/setup.zsh'
