/home/gabri/ros2_ws/install/my_doosan_pkg/lib/python3.8/site-packages/my_doosan_pkg/joint_points_topic.py
/home/gabri/ros2_ws/install/my_doosan_pkg/lib/python3.8/site-packages/my_doosan_pkg/__init__.py
/home/gabri/ros2_ws/install/my_doosan_pkg/lib/python3.8/site-packages/my_doosan_pkg/joint_points_act_service.py
/home/gabri/ros2_ws/install/my_doosan_pkg/lib/python3.8/site-packages/my_doosan_pkg/__pycache__/joint_points_topic.cpython-38.pyc
/home/gabri/ros2_ws/install/my_doosan_pkg/lib/python3.8/site-packages/my_doosan_pkg/__pycache__/__init__.cpython-38.pyc
/home/gabri/ros2_ws/install/my_doosan_pkg/lib/python3.8/site-packages/my_doosan_pkg/__pycache__/joint_points_act_service.cpython-38.pyc
/home/gabri/ros2_ws/install/my_doosan_pkg/share/ament_index/resource_index/packages/my_doosan_pkg
/home/gabri/ros2_ws/install/my_doosan_pkg/share/my_doosan_pkg/package.xml
/home/gabri/ros2_ws/install/my_doosan_pkg/share/my_doosan_pkg/launch/my_doosan_gazebo_controller.launch.py
/home/gabri/ros2_ws/install/my_doosan_pkg/share/my_doosan_pkg/rviz
/home/gabri/ros2_ws/install/my_doosan_pkg/share/my_doosan_pkg/config/simple_controller.yaml
/home/gabri/ros2_ws/install/my_doosan_pkg/share/my_doosan_pkg/worlds
/home/gabri/ros2_ws/install/my_doosan_pkg/share/my_doosan_pkg/description/urdf
/home/gabri/ros2_ws/install/my_doosan_pkg/share/my_doosan_pkg/description/xacro/macro.a0912.blue.xacro
/home/gabri/ros2_ws/install/my_doosan_pkg/share/my_doosan_pkg/description/xacro/macro.gazebo_config_control.xacro
/home/gabri/ros2_ws/install/my_doosan_pkg/share/my_doosan_pkg/description/meshes/a0912_blue
/home/gabri/ros2_ws/install/my_doosan_pkg/share/my_doosan_pkg/description/meshes/m1013_white
/home/gabri/ros2_ws/install/my_doosan_pkg/lib/python3.8/site-packages/my_doosan_pkg-0.0.0-py3.8.egg-info/dependency_links.txt
/home/gabri/ros2_ws/install/my_doosan_pkg/lib/python3.8/site-packages/my_doosan_pkg-0.0.0-py3.8.egg-info/PKG-INFO
/home/gabri/ros2_ws/install/my_doosan_pkg/lib/python3.8/site-packages/my_doosan_pkg-0.0.0-py3.8.egg-info/SOURCES.txt
/home/gabri/ros2_ws/install/my_doosan_pkg/lib/python3.8/site-packages/my_doosan_pkg-0.0.0-py3.8.egg-info/entry_points.txt
/home/gabri/ros2_ws/install/my_doosan_pkg/lib/python3.8/site-packages/my_doosan_pkg-0.0.0-py3.8.egg-info/top_level.txt
/home/gabri/ros2_ws/install/my_doosan_pkg/lib/python3.8/site-packages/my_doosan_pkg-0.0.0-py3.8.egg-info/requires.txt
/home/gabri/ros2_ws/install/my_doosan_pkg/lib/python3.8/site-packages/my_doosan_pkg-0.0.0-py3.8.egg-info/zip-safe
/home/gabri/ros2_ws/install/my_doosan_pkg/lib/my_doosan_pkg/trajectory_points_act_server
