[0.013s] Invoking command in '/home/gabri/ros2_ws/build/gazebo_ros2_control_demos': CMAKE_PREFIX_PATH=/home/gabri/ros2_ws/install/gazebo_ros2_control:/home/gabri/ros2_ws/install/gazebo_ros2_control_demos:/home/gabri/ros2_ws/install/my_sphere_pkg:/home/gabri/ros2_ws/install/my_environment_pkg:/home/gabri/ros2_ws/install/my_doosan_pkg:/opt/ros/foxy /usr/bin/cmake --build /home/gabri/ros2_ws/build/gazebo_ros2_control_demos -- -j16 -l16
[0.079s] [ 20%] Built target example_velocity
[0.080s] [ 40%] Built target example_gripper
[0.084s] [ 60%] Built target example_position
[0.088s] [ 80%] Built target example_effort
[0.090s] [100%] Built target example_diff_drive
[0.103s] Invoked command in '/home/gabri/ros2_ws/build/gazebo_ros2_control_demos' returned '0': CMAKE_PREFIX_PATH=/home/gabri/ros2_ws/install/gazebo_ros2_control:/home/gabri/ros2_ws/install/gazebo_ros2_control_demos:/home/gabri/ros2_ws/install/my_sphere_pkg:/home/gabri/ros2_ws/install/my_environment_pkg:/home/gabri/ros2_ws/install/my_doosan_pkg:/opt/ros/foxy /usr/bin/cmake --build /home/gabri/ros2_ws/build/gazebo_ros2_control_demos -- -j16 -l16
[0.106s] Invoking command in '/home/gabri/ros2_ws/build/gazebo_ros2_control_demos': CMAKE_PREFIX_PATH=/home/gabri/ros2_ws/install/gazebo_ros2_control:/home/gabri/ros2_ws/install/gazebo_ros2_control_demos:/home/gabri/ros2_ws/install/my_sphere_pkg:/home/gabri/ros2_ws/install/my_environment_pkg:/home/gabri/ros2_ws/install/my_doosan_pkg:/opt/ros/foxy /usr/bin/cmake --install /home/gabri/ros2_ws/build/gazebo_ros2_control_demos
[0.114s] -- Install configuration: ""
[0.114s] -- Up-to-date: /home/gabri/ros2_ws/install/gazebo_ros2_control_demos/share/gazebo_ros2_control_demos//launch
[0.114s] -- Up-to-date: /home/gabri/ros2_ws/install/gazebo_ros2_control_demos/share/gazebo_ros2_control_demos//launch/cart_example_position.launch.py
[0.114s] -- Up-to-date: /home/gabri/ros2_ws/install/gazebo_ros2_control_demos/share/gazebo_ros2_control_demos//launch/cart_example_velocity.launch.py
[0.115s] -- Up-to-date: /home/gabri/ros2_ws/install/gazebo_ros2_control_demos/share/gazebo_ros2_control_demos//launch/cart_example_effort.launch.py
[0.115s] -- Up-to-date: /home/gabri/ros2_ws/install/gazebo_ros2_control_demos/share/gazebo_ros2_control_demos//launch/diff_drive.launch.py
[0.115s] -- Up-to-date: /home/gabri/ros2_ws/install/gazebo_ros2_control_demos/share/gazebo_ros2_control_demos//launch/gripper_mimic_joint_example.launch.py
[0.115s] -- Up-to-date: /home/gabri/ros2_ws/install/gazebo_ros2_control_demos/share/gazebo_ros2_control_demos//config
[0.115s] -- Up-to-date: /home/gabri/ros2_ws/install/gazebo_ros2_control_demos/share/gazebo_ros2_control_demos//config/cartpole_controller_effort.yaml
[0.115s] -- Up-to-date: /home/gabri/ros2_ws/install/gazebo_ros2_control_demos/share/gazebo_ros2_control_demos//config/gripper_controller.yaml
[0.115s] -- Up-to-date: /home/gabri/ros2_ws/install/gazebo_ros2_control_demos/share/gazebo_ros2_control_demos//config/cartpole_controller_velocity.yaml
[0.115s] -- Up-to-date: /home/gabri/ros2_ws/install/gazebo_ros2_control_demos/share/gazebo_ros2_control_demos//config/cartpole_controller.yaml
[0.115s] -- Up-to-date: /home/gabri/ros2_ws/install/gazebo_ros2_control_demos/share/gazebo_ros2_control_demos//config/diff_drive_controller.yaml
[0.116s] -- Up-to-date: /home/gabri/ros2_ws/install/gazebo_ros2_control_demos/share/gazebo_ros2_control_demos//urdf
[0.116s] -- Up-to-date: /home/gabri/ros2_ws/install/gazebo_ros2_control_demos/share/gazebo_ros2_control_demos//urdf/test_diff_drive.xacro.urdf
[0.116s] -- Up-to-date: /home/gabri/ros2_ws/install/gazebo_ros2_control_demos/share/gazebo_ros2_control_demos//urdf/test_cart_velocity.xacro.urdf
[0.116s] -- Up-to-date: /home/gabri/ros2_ws/install/gazebo_ros2_control_demos/share/gazebo_ros2_control_demos//urdf/test_cart_position.xacro.urdf
[0.116s] -- Up-to-date: /home/gabri/ros2_ws/install/gazebo_ros2_control_demos/share/gazebo_ros2_control_demos//urdf/test_gripper_mimic_joint.xacro.urdf
[0.116s] -- Up-to-date: /home/gabri/ros2_ws/install/gazebo_ros2_control_demos/share/gazebo_ros2_control_demos//urdf/test_cart_effort.xacro.urdf
[0.116s] -- Up-to-date: /home/gabri/ros2_ws/install/gazebo_ros2_control_demos/lib/gazebo_ros2_control_demos/example_position
[0.117s] -- Up-to-date: /home/gabri/ros2_ws/install/gazebo_ros2_control_demos/lib/gazebo_ros2_control_demos/example_velocity
[0.117s] -- Up-to-date: /home/gabri/ros2_ws/install/gazebo_ros2_control_demos/lib/gazebo_ros2_control_demos/example_effort
[0.117s] -- Up-to-date: /home/gabri/ros2_ws/install/gazebo_ros2_control_demos/lib/gazebo_ros2_control_demos/example_gripper
[0.117s] -- Up-to-date: /home/gabri/ros2_ws/install/gazebo_ros2_control_demos/lib/gazebo_ros2_control_demos/example_diff_drive
[0.117s] -- Up-to-date: /home/gabri/ros2_ws/install/gazebo_ros2_control_demos/share/ament_index/resource_index/package_run_dependencies/gazebo_ros2_control_demos
[0.117s] -- Up-to-date: /home/gabri/ros2_ws/install/gazebo_ros2_control_demos/share/ament_index/resource_index/parent_prefix_path/gazebo_ros2_control_demos
[0.117s] -- Up-to-date: /home/gabri/ros2_ws/install/gazebo_ros2_control_demos/share/gazebo_ros2_control_demos/environment/ament_prefix_path.sh
[0.117s] -- Up-to-date: /home/gabri/ros2_ws/install/gazebo_ros2_control_demos/share/gazebo_ros2_control_demos/environment/ament_prefix_path.dsv
[0.118s] -- Up-to-date: /home/gabri/ros2_ws/install/gazebo_ros2_control_demos/share/gazebo_ros2_control_demos/environment/path.sh
[0.118s] -- Up-to-date: /home/gabri/ros2_ws/install/gazebo_ros2_control_demos/share/gazebo_ros2_control_demos/environment/path.dsv
[0.118s] -- Up-to-date: /home/gabri/ros2_ws/install/gazebo_ros2_control_demos/share/gazebo_ros2_control_demos/local_setup.bash
[0.118s] -- Up-to-date: /home/gabri/ros2_ws/install/gazebo_ros2_control_demos/share/gazebo_ros2_control_demos/local_setup.sh
[0.118s] -- Up-to-date: /home/gabri/ros2_ws/install/gazebo_ros2_control_demos/share/gazebo_ros2_control_demos/local_setup.zsh
[0.118s] -- Up-to-date: /home/gabri/ros2_ws/install/gazebo_ros2_control_demos/share/gazebo_ros2_control_demos/local_setup.dsv
[0.118s] -- Installing: /home/gabri/ros2_ws/install/gazebo_ros2_control_demos/share/gazebo_ros2_control_demos/package.dsv
[0.119s] -- Up-to-date: /home/gabri/ros2_ws/install/gazebo_ros2_control_demos/share/ament_index/resource_index/packages/gazebo_ros2_control_demos
[0.119s] -- Up-to-date: /home/gabri/ros2_ws/install/gazebo_ros2_control_demos/share/gazebo_ros2_control_demos/cmake/gazebo_ros2_control_demosConfig.cmake
[0.119s] -- Up-to-date: /home/gabri/ros2_ws/install/gazebo_ros2_control_demos/share/gazebo_ros2_control_demos/cmake/gazebo_ros2_control_demosConfig-version.cmake
[0.119s] -- Up-to-date: /home/gabri/ros2_ws/install/gazebo_ros2_control_demos/share/gazebo_ros2_control_demos/package.xml
[0.120s] Invoked command in '/home/gabri/ros2_ws/build/gazebo_ros2_control_demos' returned '0': CMAKE_PREFIX_PATH=/home/gabri/ros2_ws/install/gazebo_ros2_control:/home/gabri/ros2_ws/install/gazebo_ros2_control_demos:/home/gabri/ros2_ws/install/my_sphere_pkg:/home/gabri/ros2_ws/install/my_environment_pkg:/home/gabri/ros2_ws/install/my_doosan_pkg:/opt/ros/foxy /usr/bin/cmake --install /home/gabri/ros2_ws/build/gazebo_ros2_control_demos
