[0.444s] Invoking command in '/home/gabri/ros2_ws/src/my_doosan_pkg': PYTHONPATH=/home/gabri/ros2_ws/build/my_doosan_pkg/prefix_override:/usr/lib/python3/dist-packages/colcon_core/task/python/colcon_distutils_commands:/home/gabri/ros2_ws/install/my_doosan_pkg/lib/python3.8/site-packages: /usr/bin/python3 -W ignore:setup.py install is deprecated -W ignore:easy_install command is deprecated setup.py egg_info --egg-base ../../build/my_doosan_pkg build --build-base /home/gabri/ros2_ws/build/my_doosan_pkg/build install --record /home/gabri/ros2_ws/build/my_doosan_pkg/install.log --install-scripts $base/lib/my_doosan_pkg --single-version-externally-managed install_data
[0.580s] running egg_info
[0.580s] creating ../../build/my_doosan_pkg/my_doosan_pkg.egg-info
[0.580s] writing ../../build/my_doosan_pkg/my_doosan_pkg.egg-info/PKG-INFO
[0.581s] writing dependency_links to ../../build/my_doosan_pkg/my_doosan_pkg.egg-info/dependency_links.txt
[0.581s] writing entry points to ../../build/my_doosan_pkg/my_doosan_pkg.egg-info/entry_points.txt
[0.581s] writing requirements to ../../build/my_doosan_pkg/my_doosan_pkg.egg-info/requires.txt
[0.581s] writing top-level names to ../../build/my_doosan_pkg/my_doosan_pkg.egg-info/top_level.txt
[0.581s] writing manifest file '../../build/my_doosan_pkg/my_doosan_pkg.egg-info/SOURCES.txt'
[0.605s] reading manifest file '../../build/my_doosan_pkg/my_doosan_pkg.egg-info/SOURCES.txt'
[0.606s] writing manifest file '../../build/my_doosan_pkg/my_doosan_pkg.egg-info/SOURCES.txt'
[0.606s] running build
[0.606s] running build_py
[0.606s] creating /home/gabri/ros2_ws/build/my_doosan_pkg/build
[0.606s] creating /home/gabri/ros2_ws/build/my_doosan_pkg/build/lib
[0.607s] creating /home/gabri/ros2_ws/build/my_doosan_pkg/build/lib/my_doosan_pkg
[0.607s] copying my_doosan_pkg/__init__.py -> /home/gabri/ros2_ws/build/my_doosan_pkg/build/lib/my_doosan_pkg
[0.607s] running install
[0.607s] running install_lib
[0.607s] creating /home/gabri/ros2_ws/install/my_doosan_pkg/lib/python3.8/site-packages/my_doosan_pkg
[0.607s] copying /home/gabri/ros2_ws/build/my_doosan_pkg/build/lib/my_doosan_pkg/__init__.py -> /home/gabri/ros2_ws/install/my_doosan_pkg/lib/python3.8/site-packages/my_doosan_pkg
[0.608s] byte-compiling /home/gabri/ros2_ws/install/my_doosan_pkg/lib/python3.8/site-packages/my_doosan_pkg/__init__.py to __init__.cpython-38.pyc
[0.608s] running install_data
[0.608s] creating /home/gabri/ros2_ws/install/my_doosan_pkg/share/ament_index
[0.608s] creating /home/gabri/ros2_ws/install/my_doosan_pkg/share/ament_index/resource_index
[0.609s] creating /home/gabri/ros2_ws/install/my_doosan_pkg/share/ament_index/resource_index/packages
[0.609s] copying resource/my_doosan_pkg -> /home/gabri/ros2_ws/install/my_doosan_pkg/share/ament_index/resource_index/packages
[0.609s] copying package.xml -> /home/gabri/ros2_ws/install/my_doosan_pkg/share/my_doosan_pkg
[0.609s] creating /home/gabri/ros2_ws/install/my_doosan_pkg/share/my_doosan_pkg/launch
[0.609s] copying launch/my_doosan_gazebo_controller.launch.py -> /home/gabri/ros2_ws/install/my_doosan_pkg/share/my_doosan_pkg/launch
[0.609s] creating /home/gabri/ros2_ws/install/my_doosan_pkg/share/my_doosan_pkg/rviz
[0.610s] creating /home/gabri/ros2_ws/install/my_doosan_pkg/share/my_doosan_pkg/config
[0.610s] copying config/simple_controller.yaml -> /home/gabri/ros2_ws/install/my_doosan_pkg/share/my_doosan_pkg/config
[0.610s] creating /home/gabri/ros2_ws/install/my_doosan_pkg/share/my_doosan_pkg/worlds
[0.610s] creating /home/gabri/ros2_ws/install/my_doosan_pkg/share/my_doosan_pkg/description
[0.610s] creating /home/gabri/ros2_ws/install/my_doosan_pkg/share/my_doosan_pkg/description/urdf
[0.610s] creating /home/gabri/ros2_ws/install/my_doosan_pkg/share/my_doosan_pkg/description/xacro
[0.610s] copying description/xacro/macro.a0912.blue.xacro -> /home/gabri/ros2_ws/install/my_doosan_pkg/share/my_doosan_pkg/description/xacro
[0.610s] copying description/xacro/macro.gazebo_config_control.xacro -> /home/gabri/ros2_ws/install/my_doosan_pkg/share/my_doosan_pkg/description/xacro
[0.611s] creating /home/gabri/ros2_ws/install/my_doosan_pkg/share/my_doosan_pkg/description/meshes
[0.611s] creating /home/gabri/ros2_ws/install/my_doosan_pkg/share/my_doosan_pkg/description/meshes/a0912_blue
[0.611s] creating /home/gabri/ros2_ws/install/my_doosan_pkg/share/my_doosan_pkg/description/meshes/m1013_white
[0.611s] running install_egg_info
[0.611s] Copying ../../build/my_doosan_pkg/my_doosan_pkg.egg-info to /home/gabri/ros2_ws/install/my_doosan_pkg/lib/python3.8/site-packages/my_doosan_pkg-0.0.0-py3.8.egg-info
[0.611s] running install_scripts
[0.623s] writing list of installed files to '/home/gabri/ros2_ws/build/my_doosan_pkg/install.log'
[0.643s] Invoked command in '/home/gabri/ros2_ws/src/my_doosan_pkg' returned '0': PYTHONPATH=/home/gabri/ros2_ws/build/my_doosan_pkg/prefix_override:/usr/lib/python3/dist-packages/colcon_core/task/python/colcon_distutils_commands:/home/gabri/ros2_ws/install/my_doosan_pkg/lib/python3.8/site-packages: /usr/bin/python3 -W ignore:setup.py install is deprecated -W ignore:easy_install command is deprecated setup.py egg_info --egg-base ../../build/my_doosan_pkg build --build-base /home/gabri/ros2_ws/build/my_doosan_pkg/build install --record /home/gabri/ros2_ws/build/my_doosan_pkg/install.log --install-scripts $base/lib/my_doosan_pkg --single-version-externally-managed install_data
