[0.017s] Invoking command in '/home/gabri/ros2_ws/build/gazebo_ros2_control': CMAKE_PREFIX_PATH=${CMAKE_PREFIX_PATH}:/home/gabri/ros2_ws/install/my_sphere_pkg:/home/gabri/ros2_ws/install/my_environment_pkg:/home/gabri/ros2_ws/install/my_doosan_pkg:/opt/ros/foxy /usr/bin/cmake --build /home/gabri/ros2_ws/build/gazebo_ros2_control -- -j16 -l16
[0.109s] [ 50%] Built target gazebo_ros2_control
[0.112s] [100%] Built target gazebo_hardware_plugins
[0.221s] Invoked command in '/home/gabri/ros2_ws/build/gazebo_ros2_control' returned '0': CMAKE_PREFIX_PATH=${CMAKE_PREFIX_PATH}:/home/gabri/ros2_ws/install/my_sphere_pkg:/home/gabri/ros2_ws/install/my_environment_pkg:/home/gabri/ros2_ws/install/my_doosan_pkg:/opt/ros/foxy /usr/bin/cmake --build /home/gabri/ros2_ws/build/gazebo_ros2_control -- -j16 -l16
[0.239s] Invoking command in '/home/gabri/ros2_ws/build/gazebo_ros2_control': CMAKE_PREFIX_PATH=${CMAKE_PREFIX_PATH}:/home/gabri/ros2_ws/install/my_sphere_pkg:/home/gabri/ros2_ws/install/my_environment_pkg:/home/gabri/ros2_ws/install/my_doosan_pkg:/opt/ros/foxy /usr/bin/cmake --install /home/gabri/ros2_ws/build/gazebo_ros2_control
[0.248s] -- Install configuration: ""
[0.248s] -- Up-to-date: /home/gabri/ros2_ws/install/gazebo_ros2_control/lib/libgazebo_ros2_control.so
[0.248s] -- Up-to-date: /home/gabri/ros2_ws/install/gazebo_ros2_control/lib/libgazebo_hardware_plugins.so
[0.248s] -- Up-to-date: /home/gabri/ros2_ws/install/gazebo_ros2_control/share/gazebo_ros2_control/environment/library_path.sh
[0.248s] -- Up-to-date: /home/gabri/ros2_ws/install/gazebo_ros2_control/share/gazebo_ros2_control/environment/library_path.dsv
[0.248s] -- Up-to-date: /home/gabri/ros2_ws/install/gazebo_ros2_control/include/gazebo_ros2_control
[0.248s] -- Up-to-date: /home/gabri/ros2_ws/install/gazebo_ros2_control/include/gazebo_ros2_control/gazebo_system.hpp
[0.248s] -- Up-to-date: /home/gabri/ros2_ws/install/gazebo_ros2_control/include/gazebo_ros2_control/gazebo_ros2_control_plugin.hpp
[0.249s] -- Up-to-date: /home/gabri/ros2_ws/install/gazebo_ros2_control/include/gazebo_ros2_control/gazebo_system_interface.hpp
[0.249s] -- Up-to-date: /home/gabri/ros2_ws/install/gazebo_ros2_control/share/gazebo_ros2_control/gazebo_hardware_plugins.xml
[0.249s] -- Up-to-date: /home/gabri/ros2_ws/install/gazebo_ros2_control/share/ament_index/resource_index/package_run_dependencies/gazebo_ros2_control
[0.249s] -- Up-to-date: /home/gabri/ros2_ws/install/gazebo_ros2_control/share/ament_index/resource_index/parent_prefix_path/gazebo_ros2_control
[0.249s] -- Up-to-date: /home/gabri/ros2_ws/install/gazebo_ros2_control/share/gazebo_ros2_control/environment/ament_prefix_path.sh
[0.249s] -- Up-to-date: /home/gabri/ros2_ws/install/gazebo_ros2_control/share/gazebo_ros2_control/environment/ament_prefix_path.dsv
[0.249s] -- Up-to-date: /home/gabri/ros2_ws/install/gazebo_ros2_control/share/gazebo_ros2_control/environment/path.sh
[0.249s] -- Up-to-date: /home/gabri/ros2_ws/install/gazebo_ros2_control/share/gazebo_ros2_control/environment/path.dsv
[0.250s] -- Up-to-date: /home/gabri/ros2_ws/install/gazebo_ros2_control/share/gazebo_ros2_control/local_setup.bash
[0.250s] -- Up-to-date: /home/gabri/ros2_ws/install/gazebo_ros2_control/share/gazebo_ros2_control/local_setup.sh
[0.250s] -- Up-to-date: /home/gabri/ros2_ws/install/gazebo_ros2_control/share/gazebo_ros2_control/local_setup.zsh
[0.250s] -- Up-to-date: /home/gabri/ros2_ws/install/gazebo_ros2_control/share/gazebo_ros2_control/local_setup.dsv
[0.250s] -- Installing: /home/gabri/ros2_ws/install/gazebo_ros2_control/share/gazebo_ros2_control/package.dsv
[0.251s] -- Up-to-date: /home/gabri/ros2_ws/install/gazebo_ros2_control/share/ament_index/resource_index/packages/gazebo_ros2_control
[0.251s] -- Up-to-date: /home/gabri/ros2_ws/install/gazebo_ros2_control/share/ament_index/resource_index/gazebo_ros2_control__pluginlib__plugin/gazebo_ros2_control
[0.251s] -- Up-to-date: /home/gabri/ros2_ws/install/gazebo_ros2_control/share/gazebo_ros2_control/cmake/ament_cmake_export_include_directories-extras.cmake
[0.251s] -- Up-to-date: /home/gabri/ros2_ws/install/gazebo_ros2_control/share/gazebo_ros2_control/cmake/ament_cmake_export_dependencies-extras.cmake
[0.252s] -- Up-to-date: /home/gabri/ros2_ws/install/gazebo_ros2_control/share/gazebo_ros2_control/cmake/ament_cmake_export_libraries-extras.cmake
[0.252s] -- Up-to-date: /home/gabri/ros2_ws/install/gazebo_ros2_control/share/gazebo_ros2_control/cmake/gazebo_ros2_controlConfig.cmake
[0.252s] -- Up-to-date: /home/gabri/ros2_ws/install/gazebo_ros2_control/share/gazebo_ros2_control/cmake/gazebo_ros2_controlConfig-version.cmake
[0.253s] -- Up-to-date: /home/gabri/ros2_ws/install/gazebo_ros2_control/share/gazebo_ros2_control/package.xml
[0.253s] Invoked command in '/home/gabri/ros2_ws/build/gazebo_ros2_control' returned '0': CMAKE_PREFIX_PATH=${CMAKE_PREFIX_PATH}:/home/gabri/ros2_ws/install/my_sphere_pkg:/home/gabri/ros2_ws/install/my_environment_pkg:/home/gabri/ros2_ws/install/my_doosan_pkg:/opt/ros/foxy /usr/bin/cmake --install /home/gabri/ros2_ws/build/gazebo_ros2_control
